ARM GAS  C:\Users\Manu\AppData\Local\Temp\cciVtgq3.s 			page 1


   1              		.syntax unified
   2              		.cpu cortex-m3
   3              		.fpu softvfp
   4              		.eabi_attribute 20, 1
   5              		.eabi_attribute 21, 1
   6              		.eabi_attribute 23, 3
   7              		.eabi_attribute 24, 1
   8              		.eabi_attribute 25, 1
   9              		.eabi_attribute 26, 1
  10              		.eabi_attribute 30, 1
  11              		.eabi_attribute 34, 1
  12              		.eabi_attribute 18, 4
  13              		.thumb
  14              		.syntax unified
  15              		.file	"main.c"
  16              		.text
  17              	.Ltext0:
  18              		.cfi_sections	.debug_frame
  19              		.section	.text.main,"ax",%progbits
  20              		.align	2
  21              		.global	main
  22              		.thumb
  23              		.thumb_func
  24              		.type	main, %function
  25              	main:
  26              	.LFB64:
  27              		.file 1 "main.c"
   1:main.c        **** /**
   2:main.c        **** * Main source file for the I2C-Master project.
   3:main.c        **** *
   4:main.c        **** * In this main code file there is the set up of a I2C master device
   5:main.c        **** * and the communication with the I2C Slave device (LIS3DH Accelerometer).
   6:main.c        **** *
   7:main.c        **** */
   8:main.c        **** 
   9:main.c        **** // Include required header files
  10:main.c        **** #include "InterruptRoutines.h"
  11:main.c        **** #include "stdio.h"
  12:main.c        **** 
  13:main.c        **** 
  14:main.c        **** int main(void)
  15:main.c        **** {
  28              		.loc 1 15 0
  29              		.cfi_startproc
  30              		@ args = 0, pretend = 0, frame = 56
  31              		@ frame_needed = 0, uses_anonymous_args = 0
  32 0000 10B5     		push	{r4, lr}
  33              		.cfi_def_cfa_offset 8
  34              		.cfi_offset 4, -8
  35              		.cfi_offset 14, -4
  36 0002 8EB0     		sub	sp, sp, #56
  37              		.cfi_def_cfa_offset 64
  16:main.c        ****     CyGlobalIntEnable; /* Enable global interrupts. */
  38              		.loc 1 16 0
  39              		.syntax unified
  40              	@ 16 "main.c" 1
  41 0004 62B6     		CPSIE   i
ARM GAS  C:\Users\Manu\AppData\Local\Temp\cciVtgq3.s 			page 2


  42              	@ 0 "" 2
  17:main.c        **** 
  18:main.c        ****     I2C_Peripheral_Start();
  43              		.loc 1 18 0
  44              		.thumb
  45              		.syntax unified
  46 0006 FFF7FEFF 		bl	I2C_Peripheral_Start
  47              	.LVL0:
  19:main.c        ****     UART_Debug_Start();
  48              		.loc 1 19 0
  49 000a FFF7FEFF 		bl	UART_Debug_Start
  50              	.LVL1:
  20:main.c        ****     
  21:main.c        ****     
  22:main.c        ****     CyDelay(5); //"The boot procedure is complete about 5 milliseconds after device power-up."
  51              		.loc 1 22 0
  52 000e 0520     		movs	r0, #5
  53 0010 FFF7FEFF 		bl	CyDelay
  54              	.LVL2:
  55              	.LBB2:
  23:main.c        ****     
  24:main.c        ****     // String to print out messages on the UART
  25:main.c        ****     char message[50];
  26:main.c        **** 
  27:main.c        ****     // Check which devices are present on the I2C bus
  28:main.c        ****     for (int i = 0 ; i < 128; i++)
  56              		.loc 1 28 0
  57 0014 0024     		movs	r4, #0
  58 0016 0CE0     		b	.L2
  59              	.LVL3:
  60              	.L4:
  29:main.c        ****     {
  30:main.c        ****         if (I2C_Peripheral_IsDeviceConnected(i))
  61              		.loc 1 30 0
  62 0018 E0B2     		uxtb	r0, r4
  63 001a FFF7FEFF 		bl	I2C_Peripheral_IsDeviceConnected
  64              	.LVL4:
  65 001e 38B1     		cbz	r0, .L3
  31:main.c        ****         {
  32:main.c        ****             // print out the address is hex format
  33:main.c        ****             sprintf(message, "Device 0x%02X is connected\r\n", i);
  66              		.loc 1 33 0
  67 0020 2246     		mov	r2, r4
  68 0022 5F49     		ldr	r1, .L22
  69 0024 01A8     		add	r0, sp, #4
  70 0026 FFF7FEFF 		bl	sprintf
  71              	.LVL5:
  34:main.c        ****             UART_Debug_PutString(message); 
  72              		.loc 1 34 0
  73 002a 01A8     		add	r0, sp, #4
  74 002c FFF7FEFF 		bl	UART_Debug_PutString
  75              	.LVL6:
  76              	.L3:
  28:main.c        ****     {
  77              		.loc 1 28 0 discriminator 2
  78 0030 0134     		adds	r4, r4, #1
  79              	.LVL7:
ARM GAS  C:\Users\Manu\AppData\Local\Temp\cciVtgq3.s 			page 3


  80              	.L2:
  28:main.c        ****     {
  81              		.loc 1 28 0 is_stmt 0 discriminator 1
  82 0032 7F2C     		cmp	r4, #127
  83 0034 F0DD     		ble	.L4
  84              	.LBE2:
  35:main.c        ****         }
  36:main.c        ****         
  37:main.c        ****     }
  38:main.c        ****     
  39:main.c        ****     /******************************************/
  40:main.c        ****     /*            I2C Reading                 */
  41:main.c        ****     /******************************************/
  42:main.c        ****     
  43:main.c        ****     /* Read WHO AM I REGISTER register */
  44:main.c        ****     uint8_t who_am_i_reg;
  45:main.c        ****     ErrorCode error = I2C_Peripheral_ReadRegister(LIS3DH_DEVICE_ADDRESS,
  85              		.loc 1 45 0 is_stmt 1
  86 0036 0DF10302 		add	r2, sp, #3
  87 003a 0F21     		movs	r1, #15
  88 003c 1820     		movs	r0, #24
  89 003e FFF7FEFF 		bl	I2C_Peripheral_ReadRegister
  90              	.LVL8:
  46:main.c        ****                                                   LIS3DH_WHO_AM_I_REG_ADDR, 
  47:main.c        ****                                                   &who_am_i_reg);
  48:main.c        ****     if (error == NO_ERROR)
  91              		.loc 1 48 0
  92 0042 48B9     		cbnz	r0, .L5
  49:main.c        ****     {
  50:main.c        ****         sprintf(message, "WHO AM I REG: 0x%02X [Expected: 0x33]\r\n", who_am_i_reg);
  93              		.loc 1 50 0
  94 0044 9DF80320 		ldrb	r2, [sp, #3]	@ zero_extendqisi2
  95 0048 5649     		ldr	r1, .L22+4
  96 004a 01A8     		add	r0, sp, #4
  97              	.LVL9:
  98 004c FFF7FEFF 		bl	sprintf
  99              	.LVL10:
  51:main.c        ****         UART_Debug_PutString(message); 
 100              		.loc 1 51 0
 101 0050 01A8     		add	r0, sp, #4
 102 0052 FFF7FEFF 		bl	UART_Debug_PutString
 103              	.LVL11:
 104 0056 02E0     		b	.L6
 105              	.LVL12:
 106              	.L5:
  52:main.c        ****     }
  53:main.c        ****     else
  54:main.c        ****     {
  55:main.c        ****         UART_Debug_PutString("Error occurred during I2C comm\r\n");   
 107              		.loc 1 55 0
 108 0058 5348     		ldr	r0, .L22+8
 109              	.LVL13:
 110 005a FFF7FEFF 		bl	UART_Debug_PutString
 111              	.LVL14:
 112              	.L6:
  56:main.c        ****     }
  57:main.c        ****     
ARM GAS  C:\Users\Manu\AppData\Local\Temp\cciVtgq3.s 			page 4


  58:main.c        ****     /******************************************/
  59:main.c        ****     /*      I2C Reading Status Register       */
  60:main.c        ****     /******************************************/
  61:main.c        ****     
  62:main.c        ****     uint8_t status_register; 
  63:main.c        ****     error = I2C_Peripheral_ReadRegister(LIS3DH_DEVICE_ADDRESS,
 113              		.loc 1 63 0
 114 005e 0DF10202 		add	r2, sp, #2
 115 0062 2721     		movs	r1, #39
 116 0064 1820     		movs	r0, #24
 117 0066 FFF7FEFF 		bl	I2C_Peripheral_ReadRegister
 118              	.LVL15:
  64:main.c        ****                                         LIS3DH_STATUS_REG,
  65:main.c        ****                                         &status_register);
  66:main.c        ****     
  67:main.c        ****     if (error == NO_ERROR)
 119              		.loc 1 67 0
 120 006a 48B9     		cbnz	r0, .L7
  68:main.c        ****     {
  69:main.c        ****         sprintf(message, "STATUS REGISTER: 0x%02X\r\n", status_register);
 121              		.loc 1 69 0
 122 006c 9DF80220 		ldrb	r2, [sp, #2]	@ zero_extendqisi2
 123 0070 4E49     		ldr	r1, .L22+12
 124 0072 01A8     		add	r0, sp, #4
 125              	.LVL16:
 126 0074 FFF7FEFF 		bl	sprintf
 127              	.LVL17:
  70:main.c        ****         UART_Debug_PutString(message); 
 128              		.loc 1 70 0
 129 0078 01A8     		add	r0, sp, #4
 130 007a FFF7FEFF 		bl	UART_Debug_PutString
 131              	.LVL18:
 132 007e 02E0     		b	.L8
 133              	.LVL19:
 134              	.L7:
  71:main.c        ****     }
  72:main.c        ****     else
  73:main.c        ****     {
  74:main.c        ****         UART_Debug_PutString("Error occurred during I2C comm to read status register\r\n");   
 135              		.loc 1 74 0
 136 0080 4B48     		ldr	r0, .L22+16
 137              	.LVL20:
 138 0082 FFF7FEFF 		bl	UART_Debug_PutString
 139              	.LVL21:
 140              	.L8:
  75:main.c        ****     }
  76:main.c        ****     
  77:main.c        ****     /******************************************/
  78:main.c        ****     /*        Read Control Register 1         */
  79:main.c        ****     /******************************************/
  80:main.c        ****     uint8_t ctrl_reg1; 
  81:main.c        ****     error = I2C_Peripheral_ReadRegister(LIS3DH_DEVICE_ADDRESS,
 141              		.loc 1 81 0
 142 0086 0DF10102 		add	r2, sp, #1
 143 008a 2021     		movs	r1, #32
 144 008c 1820     		movs	r0, #24
 145 008e FFF7FEFF 		bl	I2C_Peripheral_ReadRegister
ARM GAS  C:\Users\Manu\AppData\Local\Temp\cciVtgq3.s 			page 5


 146              	.LVL22:
  82:main.c        ****                                         LIS3DH_CTRL_REG1,
  83:main.c        ****                                         &ctrl_reg1);
  84:main.c        ****     
  85:main.c        ****     if (error == NO_ERROR)
 147              		.loc 1 85 0
 148 0092 48B9     		cbnz	r0, .L9
  86:main.c        ****     {
  87:main.c        ****         sprintf(message, "CONTROL REGISTER 1: 0x%02X\r\n", ctrl_reg1);
 149              		.loc 1 87 0
 150 0094 9DF80120 		ldrb	r2, [sp, #1]	@ zero_extendqisi2
 151 0098 4649     		ldr	r1, .L22+20
 152 009a 01A8     		add	r0, sp, #4
 153              	.LVL23:
 154 009c FFF7FEFF 		bl	sprintf
 155              	.LVL24:
  88:main.c        ****         UART_Debug_PutString(message); 
 156              		.loc 1 88 0
 157 00a0 01A8     		add	r0, sp, #4
 158 00a2 FFF7FEFF 		bl	UART_Debug_PutString
 159              	.LVL25:
 160 00a6 02E0     		b	.L10
 161              	.LVL26:
 162              	.L9:
  89:main.c        ****     }
  90:main.c        ****     else
  91:main.c        ****     {
  92:main.c        ****         UART_Debug_PutString("Error occurred during I2C comm to read control register 1\r\n");   
 163              		.loc 1 92 0
 164 00a8 4348     		ldr	r0, .L22+24
 165              	.LVL27:
 166 00aa FFF7FEFF 		bl	UART_Debug_PutString
 167              	.LVL28:
 168              	.L10:
  93:main.c        ****     }
  94:main.c        ****     
  95:main.c        ****     /******************************************/
  96:main.c        ****     /*            I2C Writing                 */
  97:main.c        ****     /******************************************/
  98:main.c        ****     
  99:main.c        ****         
 100:main.c        ****     UART_Debug_PutString("\r\nWriting new values..\r\n");
 169              		.loc 1 100 0
 170 00ae 4348     		ldr	r0, .L22+28
 171 00b0 FFF7FEFF 		bl	UART_Debug_PutString
 172              	.LVL29:
 101:main.c        ****     
 102:main.c        ****     if (ctrl_reg1 != LIS3DH_NORMAL_MODE_CTRL_REG1)
 173              		.loc 1 102 0
 174 00b4 9DF80130 		ldrb	r3, [sp, #1]	@ zero_extendqisi2
 175 00b8 572B     		cmp	r3, #87
 176 00ba 14D0     		beq	.L11
 103:main.c        ****     {
 104:main.c        ****         ctrl_reg1 = LIS3DH_NORMAL_MODE_CTRL_REG1;
 177              		.loc 1 104 0
 178 00bc 5722     		movs	r2, #87
 179 00be 8DF80120 		strb	r2, [sp, #1]
ARM GAS  C:\Users\Manu\AppData\Local\Temp\cciVtgq3.s 			page 6


 105:main.c        ****     
 106:main.c        ****         error = I2C_Peripheral_WriteRegister(LIS3DH_DEVICE_ADDRESS,
 180              		.loc 1 106 0
 181 00c2 2021     		movs	r1, #32
 182 00c4 1820     		movs	r0, #24
 183 00c6 FFF7FEFF 		bl	I2C_Peripheral_WriteRegister
 184              	.LVL30:
 107:main.c        ****                                              LIS3DH_CTRL_REG1,
 108:main.c        ****                                              ctrl_reg1);
 109:main.c        ****     
 110:main.c        ****         if (error == NO_ERROR)
 185              		.loc 1 110 0
 186 00ca 48B9     		cbnz	r0, .L12
 111:main.c        ****         {
 112:main.c        ****             sprintf(message, "CONTROL REGISTER 1 successfully written as: 0x%02X\r\n", ctrl_reg1);
 187              		.loc 1 112 0
 188 00cc 9DF80120 		ldrb	r2, [sp, #1]	@ zero_extendqisi2
 189 00d0 3B49     		ldr	r1, .L22+32
 190 00d2 01A8     		add	r0, sp, #4
 191              	.LVL31:
 192 00d4 FFF7FEFF 		bl	sprintf
 193              	.LVL32:
 113:main.c        ****             UART_Debug_PutString(message); 
 194              		.loc 1 113 0
 195 00d8 01A8     		add	r0, sp, #4
 196 00da FFF7FEFF 		bl	UART_Debug_PutString
 197              	.LVL33:
 198 00de 02E0     		b	.L11
 199              	.LVL34:
 200              	.L12:
 114:main.c        ****         }
 115:main.c        ****         else
 116:main.c        ****         {
 117:main.c        ****             UART_Debug_PutString("Error occurred during I2C comm to set control register 1\r\n");  
 201              		.loc 1 117 0
 202 00e0 3848     		ldr	r0, .L22+36
 203              	.LVL35:
 204 00e2 FFF7FEFF 		bl	UART_Debug_PutString
 205              	.LVL36:
 206              	.L11:
 118:main.c        ****         }
 119:main.c        ****     }
 120:main.c        ****     
 121:main.c        ****     /******************************************/
 122:main.c        ****     /*     Read Control Register 1 again      */
 123:main.c        ****     /******************************************/
 124:main.c        **** 
 125:main.c        ****     error = I2C_Peripheral_ReadRegister(LIS3DH_DEVICE_ADDRESS,
 207              		.loc 1 125 0
 208 00e6 0DF10102 		add	r2, sp, #1
 209 00ea 2021     		movs	r1, #32
 210 00ec 1820     		movs	r0, #24
 211 00ee FFF7FEFF 		bl	I2C_Peripheral_ReadRegister
 212              	.LVL37:
 126:main.c        ****                                         LIS3DH_CTRL_REG1,
 127:main.c        ****                                         &ctrl_reg1);
 128:main.c        ****     
ARM GAS  C:\Users\Manu\AppData\Local\Temp\cciVtgq3.s 			page 7


 129:main.c        ****     if (error == NO_ERROR)
 213              		.loc 1 129 0
 214 00f2 48B9     		cbnz	r0, .L13
 130:main.c        ****     {
 131:main.c        ****         sprintf(message, "CONTROL REGISTER 1 after overwrite operation: 0x%02X\r\n", ctrl_reg1);
 215              		.loc 1 131 0
 216 00f4 9DF80120 		ldrb	r2, [sp, #1]	@ zero_extendqisi2
 217 00f8 3349     		ldr	r1, .L22+40
 218 00fa 01A8     		add	r0, sp, #4
 219              	.LVL38:
 220 00fc FFF7FEFF 		bl	sprintf
 221              	.LVL39:
 132:main.c        ****         UART_Debug_PutString(message); 
 222              		.loc 1 132 0
 223 0100 01A8     		add	r0, sp, #4
 224 0102 FFF7FEFF 		bl	UART_Debug_PutString
 225              	.LVL40:
 226 0106 02E0     		b	.L14
 227              	.LVL41:
 228              	.L13:
 133:main.c        ****     }
 134:main.c        ****     else
 135:main.c        ****     {
 136:main.c        ****         UART_Debug_PutString("Error occurred during I2C comm to read control register 1\r\n");   
 229              		.loc 1 136 0
 230 0108 2B48     		ldr	r0, .L22+24
 231              	.LVL42:
 232 010a FFF7FEFF 		bl	UART_Debug_PutString
 233              	.LVL43:
 234              	.L14:
 137:main.c        ****     }
 138:main.c        ****     
 139:main.c        ****      /******************************************/
 140:main.c        ****      /*    I2C Reading Control Register 4      */
 141:main.c        ****      /******************************************/
 142:main.c        ****     
 143:main.c        ****     uint8_t ctrl_reg4;
 144:main.c        **** 
 145:main.c        ****     error = I2C_Peripheral_ReadRegister(LIS3DH_DEVICE_ADDRESS,
 235              		.loc 1 145 0
 236 010e 6A46     		mov	r2, sp
 237 0110 2321     		movs	r1, #35
 238 0112 1820     		movs	r0, #24
 239 0114 FFF7FEFF 		bl	I2C_Peripheral_ReadRegister
 240              	.LVL44:
 146:main.c        ****                                         LIS3DH_CTRL_REG4,
 147:main.c        ****                                         &ctrl_reg4);
 148:main.c        ****     
 149:main.c        ****     if (error == NO_ERROR)
 241              		.loc 1 149 0
 242 0118 48B9     		cbnz	r0, .L15
 150:main.c        ****     {
 151:main.c        ****         sprintf(message, "CONTROL REGISTER 4: 0x%02X\r\n", ctrl_reg4);
 243              		.loc 1 151 0
 244 011a 9DF80020 		ldrb	r2, [sp]	@ zero_extendqisi2
 245 011e 2B49     		ldr	r1, .L22+44
 246 0120 01A8     		add	r0, sp, #4
ARM GAS  C:\Users\Manu\AppData\Local\Temp\cciVtgq3.s 			page 8


 247              	.LVL45:
 248 0122 FFF7FEFF 		bl	sprintf
 249              	.LVL46:
 152:main.c        ****         UART_Debug_PutString(message); 
 250              		.loc 1 152 0
 251 0126 01A8     		add	r0, sp, #4
 252 0128 FFF7FEFF 		bl	UART_Debug_PutString
 253              	.LVL47:
 254 012c 02E0     		b	.L16
 255              	.LVL48:
 256              	.L15:
 153:main.c        ****     }
 154:main.c        ****     else
 155:main.c        ****     {
 156:main.c        ****         UART_Debug_PutString("Error occurred during I2C comm to read control register4\r\n");   
 257              		.loc 1 156 0
 258 012e 2848     		ldr	r0, .L22+48
 259              	.LVL49:
 260 0130 FFF7FEFF 		bl	UART_Debug_PutString
 261              	.LVL50:
 262              	.L16:
 157:main.c        ****     }
 158:main.c        ****     
 159:main.c        ****     
 160:main.c        ****     ctrl_reg4 = LIS3DH_CTRL_REG4_BDU_ACTIVE;
 263              		.loc 1 160 0
 264 0134 9822     		movs	r2, #152
 265 0136 0EAC     		add	r4, sp, #56
 266              	.LVL51:
 267 0138 04F8382D 		strb	r2, [r4, #-56]!
 161:main.c        ****     
 162:main.c        ****     error = I2C_Peripheral_WriteRegister(LIS3DH_DEVICE_ADDRESS,
 268              		.loc 1 162 0
 269 013c 2321     		movs	r1, #35
 270 013e 1820     		movs	r0, #24
 271 0140 FFF7FEFF 		bl	I2C_Peripheral_WriteRegister
 272              	.LVL52:
 163:main.c        ****                                          LIS3DH_CTRL_REG4,
 164:main.c        ****                                          ctrl_reg4);
 165:main.c        ****     
 166:main.c        ****     error = I2C_Peripheral_ReadRegister(LIS3DH_DEVICE_ADDRESS,
 273              		.loc 1 166 0
 274 0144 2246     		mov	r2, r4
 275 0146 2321     		movs	r1, #35
 276 0148 1820     		movs	r0, #24
 277 014a FFF7FEFF 		bl	I2C_Peripheral_ReadRegister
 278              	.LVL53:
 167:main.c        ****                                         LIS3DH_CTRL_REG4,
 168:main.c        ****                                         &ctrl_reg4);
 169:main.c        ****     
 170:main.c        ****     
 171:main.c        ****     if (error == NO_ERROR)
 279              		.loc 1 171 0
 280 014e 48B9     		cbnz	r0, .L17
 172:main.c        ****     {
 173:main.c        ****         sprintf(message, "CONTROL REGISTER 4 after being updated: 0x%02X\r\n", ctrl_reg4);
 281              		.loc 1 173 0
ARM GAS  C:\Users\Manu\AppData\Local\Temp\cciVtgq3.s 			page 9


 282 0150 9DF80020 		ldrb	r2, [sp]	@ zero_extendqisi2
 283 0154 1F49     		ldr	r1, .L22+52
 284 0156 01A8     		add	r0, sp, #4
 285              	.LVL54:
 286 0158 FFF7FEFF 		bl	sprintf
 287              	.LVL55:
 174:main.c        ****         UART_Debug_PutString(message); 
 288              		.loc 1 174 0
 289 015c 01A8     		add	r0, sp, #4
 290 015e FFF7FEFF 		bl	UART_Debug_PutString
 291              	.LVL56:
 292 0162 02E0     		b	.L18
 293              	.LVL57:
 294              	.L17:
 175:main.c        ****     }
 176:main.c        ****     else
 177:main.c        ****     {
 178:main.c        ****         UART_Debug_PutString("Error occurred during I2C comm to read control register4\r\n");   
 295              		.loc 1 178 0
 296 0164 1A48     		ldr	r0, .L22+48
 297              	.LVL58:
 298 0166 FFF7FEFF 		bl	UART_Debug_PutString
 299              	.LVL59:
 300              	.L18:
 179:main.c        ****     }
 180:main.c        ****     
 181:main.c        ****     PacketReadyFlag = 0; // Initialize flag to 0 --> no packet ready to send
 301              		.loc 1 181 0
 302 016a 0022     		movs	r2, #0
 303 016c 1A4B     		ldr	r3, .L22+56
 304 016e 1A70     		strb	r2, [r3]
 182:main.c        ****     
 183:main.c        ****     // Start timer and custom ISR in order to start reading from the IMU after the initialization o
 184:main.c        ****     Timer_ISR_Start();
 305              		.loc 1 184 0
 306 0170 FFF7FEFF 		bl	Timer_ISR_Start
 307              	.LVL60:
 185:main.c        ****     ISR_IMU_StartEx(Custom_ISR_IMU);
 308              		.loc 1 185 0
 309 0174 1948     		ldr	r0, .L22+60
 310 0176 FFF7FEFF 		bl	ISR_IMU_StartEx
 311              	.LVL61:
 186:main.c        ****    
 187:main.c        ****     // Initialize the header and tail only once in the data buffer to be sent over UART
 188:main.c        ****     dataBuffer[0] = HEADER;
 312              		.loc 1 188 0
 313 017a 194B     		ldr	r3, .L22+64
 314 017c A022     		movs	r2, #160
 315 017e 1A70     		strb	r2, [r3]
 189:main.c        ****     dataBuffer[TRANSMIT_BUFFER_SIZE -1] = TAIL;
 316              		.loc 1 189 0
 317 0180 C022     		movs	r2, #192
 318 0182 5A73     		strb	r2, [r3, #13]
 319              	.L19:
 190:main.c        ****     
 191:main.c        ****     for(;;)
 192:main.c        ****     {
ARM GAS  C:\Users\Manu\AppData\Local\Temp\cciVtgq3.s 			page 10


 193:main.c        ****        // Check if a packet is arrived
 194:main.c        ****         if(PacketReadyFlag == 1)
 320              		.loc 1 194 0
 321 0184 144B     		ldr	r3, .L22+56
 322 0186 1B78     		ldrb	r3, [r3]	@ zero_extendqisi2
 323 0188 DBB2     		uxtb	r3, r3
 324 018a 012B     		cmp	r3, #1
 325 018c FAD1     		bne	.L19
 195:main.c        ****         {
 196:main.c        ****             // Send out the data via UART
 197:main.c        ****             UART_Debug_PutArray(dataBuffer, TRANSMIT_BUFFER_SIZE);
 326              		.loc 1 197 0
 327 018e 0E21     		movs	r1, #14
 328 0190 1348     		ldr	r0, .L22+64
 329 0192 FFF7FEFF 		bl	UART_Debug_PutArray
 330              	.LVL62:
 198:main.c        ****             PacketReadyFlag = 0;  // Reset the flag, waitinig for the next packet
 331              		.loc 1 198 0
 332 0196 0022     		movs	r2, #0
 333 0198 0F4B     		ldr	r3, .L22+56
 334 019a 1A70     		strb	r2, [r3]
 335 019c F2E7     		b	.L19
 336              	.L23:
 337 019e 00BF     		.align	2
 338              	.L22:
 339 01a0 00000000 		.word	.LC0
 340 01a4 20000000 		.word	.LC1
 341 01a8 48000000 		.word	.LC2
 342 01ac 6C000000 		.word	.LC3
 343 01b0 88000000 		.word	.LC4
 344 01b4 C4000000 		.word	.LC5
 345 01b8 E4000000 		.word	.LC6
 346 01bc 20010000 		.word	.LC7
 347 01c0 3C010000 		.word	.LC8
 348 01c4 74010000 		.word	.LC9
 349 01c8 B0010000 		.word	.LC10
 350 01cc E8010000 		.word	.LC11
 351 01d0 08020000 		.word	.LC12
 352 01d4 44020000 		.word	.LC13
 353 01d8 00000000 		.word	PacketReadyFlag
 354 01dc 00000000 		.word	Custom_ISR_IMU
 355 01e0 00000000 		.word	dataBuffer
 356              		.cfi_endproc
 357              	.LFE64:
 358              		.size	main, .-main
 359              		.comm	dataBuffer,14,4
 360              		.comm	PacketReadyFlag,1,1
 361              		.section	.rodata.str1.4,"aMS",%progbits,1
 362              		.align	2
 363              	.LC0:
 364 0000 44657669 		.ascii	"Device 0x%02X is connected\015\012\000"
 364      63652030 
 364      78253032 
 364      58206973 
 364      20636F6E 
 365 001d 000000   		.space	3
 366              	.LC1:
ARM GAS  C:\Users\Manu\AppData\Local\Temp\cciVtgq3.s 			page 11


 367 0020 57484F20 		.ascii	"WHO AM I REG: 0x%02X [Expected: 0x33]\015\012\000"
 367      414D2049 
 367      20524547 
 367      3A203078 
 367      25303258 
 368              	.LC2:
 369 0048 4572726F 		.ascii	"Error occurred during I2C comm\015\012\000"
 369      72206F63 
 369      63757272 
 369      65642064 
 369      7572696E 
 370 0069 000000   		.space	3
 371              	.LC3:
 372 006c 53544154 		.ascii	"STATUS REGISTER: 0x%02X\015\012\000"
 372      55532052 
 372      45474953 
 372      5445523A 
 372      20307825 
 373 0086 0000     		.space	2
 374              	.LC4:
 375 0088 4572726F 		.ascii	"Error occurred during I2C comm to read status regis"
 375      72206F63 
 375      63757272 
 375      65642064 
 375      7572696E 
 376 00bb 7465720D 		.ascii	"ter\015\012\000"
 376      0A00
 377 00c1 000000   		.space	3
 378              	.LC5:
 379 00c4 434F4E54 		.ascii	"CONTROL REGISTER 1: 0x%02X\015\012\000"
 379      524F4C20 
 379      52454749 
 379      53544552 
 379      20313A20 
 380 00e1 000000   		.space	3
 381              	.LC6:
 382 00e4 4572726F 		.ascii	"Error occurred during I2C comm to read control regi"
 382      72206F63 
 382      63757272 
 382      65642064 
 382      7572696E 
 383 0117 73746572 		.ascii	"ster 1\015\012\000"
 383      20310D0A 
 383      00
 384              	.LC7:
 385 0120 0D0A5772 		.ascii	"\015\012Writing new values..\015\012\000"
 385      6974696E 
 385      67206E65 
 385      77207661 
 385      6C756573 
 386 0139 000000   		.space	3
 387              	.LC8:
 388 013c 434F4E54 		.ascii	"CONTROL REGISTER 1 successfully written as: 0x%02X\015"
 388      524F4C20 
 388      52454749 
 388      53544552 
 388      20312073 
ARM GAS  C:\Users\Manu\AppData\Local\Temp\cciVtgq3.s 			page 12


 389 016f 0A00     		.ascii	"\012\000"
 390 0171 000000   		.space	3
 391              	.LC9:
 392 0174 4572726F 		.ascii	"Error occurred during I2C comm to set control regis"
 392      72206F63 
 392      63757272 
 392      65642064 
 392      7572696E 
 393 01a7 74657220 		.ascii	"ter 1\015\012\000"
 393      310D0A00 
 394 01af 00       		.space	1
 395              	.LC10:
 396 01b0 434F4E54 		.ascii	"CONTROL REGISTER 1 after overwrite operation: 0x%02"
 396      524F4C20 
 396      52454749 
 396      53544552 
 396      20312061 
 397 01e3 580D0A00 		.ascii	"X\015\012\000"
 398 01e7 00       		.space	1
 399              	.LC11:
 400 01e8 434F4E54 		.ascii	"CONTROL REGISTER 4: 0x%02X\015\012\000"
 400      524F4C20 
 400      52454749 
 400      53544552 
 400      20343A20 
 401 0205 000000   		.space	3
 402              	.LC12:
 403 0208 4572726F 		.ascii	"Error occurred during I2C comm to read control regi"
 403      72206F63 
 403      63757272 
 403      65642064 
 403      7572696E 
 404 023b 73746572 		.ascii	"ster4\015\012\000"
 404      340D0A00 
 405 0243 00       		.space	1
 406              	.LC13:
 407 0244 434F4E54 		.ascii	"CONTROL REGISTER 4 after being updated: 0x%02X\015\012"
 407      524F4C20 
 407      52454749 
 407      53544552 
 407      20342061 
 408 0274 00       		.ascii	"\000"
 409              		.text
 410              	.Letext0:
 411              		.file 2 "c:\\program files (x86)\\cypress\\psoc creator\\4.3\\psoc creator\\import\\gnu\\arm\\5.4.
 412              		.file 3 "c:\\program files (x86)\\cypress\\psoc creator\\4.3\\psoc creator\\import\\gnu\\arm\\5.4.
 413              		.file 4 "Generated_Source\\PSoC5/cytypes.h"
 414              		.file 5 "ErrorCodes.h"
 415              		.file 6 "Generated_Source\\PSoC5/core_cm3.h"
 416              		.file 7 "InterruptRoutines.h"
 417              		.file 8 "I2C_Interface.h"
 418              		.file 9 "c:\\program files (x86)\\cypress\\psoc creator\\4.3\\psoc creator\\import\\gnu\\arm\\5.4.
 419              		.file 10 "Generated_Source\\PSoC5/UART_Debug.h"
 420              		.file 11 "Generated_Source\\PSoC5/CyLib.h"
 421              		.file 12 "Generated_Source\\PSoC5/Timer_ISR.h"
 422              		.file 13 "Generated_Source\\PSoC5/ISR_IMU.h"
 423              		.section	.debug_info,"",%progbits
ARM GAS  C:\Users\Manu\AppData\Local\Temp\cciVtgq3.s 			page 13


 424              	.Ldebug_info0:
 425 0000 DE050000 		.4byte	0x5de
 426 0004 0400     		.2byte	0x4
 427 0006 00000000 		.4byte	.Ldebug_abbrev0
 428 000a 04       		.byte	0x4
 429 000b 01       		.uleb128 0x1
 430 000c DA000000 		.4byte	.LASF42
 431 0010 0C       		.byte	0xc
 432 0011 69020000 		.4byte	.LASF43
 433 0015 84000000 		.4byte	.LASF44
 434 0019 00000000 		.4byte	.Ldebug_ranges0+0
 435 001d 00000000 		.4byte	0
 436 0021 00000000 		.4byte	.Ldebug_line0
 437 0025 02       		.uleb128 0x2
 438 0026 01       		.byte	0x1
 439 0027 06       		.byte	0x6
 440 0028 CC020000 		.4byte	.LASF0
 441 002c 03       		.uleb128 0x3
 442 002d 18000000 		.4byte	.LASF4
 443 0031 02       		.byte	0x2
 444 0032 1D       		.byte	0x1d
 445 0033 37000000 		.4byte	0x37
 446 0037 02       		.uleb128 0x2
 447 0038 01       		.byte	0x1
 448 0039 08       		.byte	0x8
 449 003a CC000000 		.4byte	.LASF1
 450 003e 02       		.uleb128 0x2
 451 003f 02       		.byte	0x2
 452 0040 05       		.byte	0x5
 453 0041 91020000 		.4byte	.LASF2
 454 0045 02       		.uleb128 0x2
 455 0046 02       		.byte	0x2
 456 0047 07       		.byte	0x7
 457 0048 7A010000 		.4byte	.LASF3
 458 004c 03       		.uleb128 0x3
 459 004d 43000000 		.4byte	.LASF5
 460 0051 02       		.byte	0x2
 461 0052 3F       		.byte	0x3f
 462 0053 57000000 		.4byte	0x57
 463 0057 02       		.uleb128 0x2
 464 0058 04       		.byte	0x4
 465 0059 05       		.byte	0x5
 466 005a 4D000000 		.4byte	.LASF6
 467 005e 02       		.uleb128 0x2
 468 005f 04       		.byte	0x4
 469 0060 07       		.byte	0x7
 470 0061 68010000 		.4byte	.LASF7
 471 0065 02       		.uleb128 0x2
 472 0066 08       		.byte	0x8
 473 0067 05       		.byte	0x5
 474 0068 4A020000 		.4byte	.LASF8
 475 006c 02       		.uleb128 0x2
 476 006d 08       		.byte	0x8
 477 006e 07       		.byte	0x7
 478 006f 04020000 		.4byte	.LASF9
 479 0073 04       		.uleb128 0x4
 480 0074 04       		.byte	0x4
ARM GAS  C:\Users\Manu\AppData\Local\Temp\cciVtgq3.s 			page 14


 481 0075 05       		.byte	0x5
 482 0076 696E7400 		.ascii	"int\000"
 483 007a 02       		.uleb128 0x2
 484 007b 04       		.byte	0x4
 485 007c 07       		.byte	0x7
 486 007d F7010000 		.4byte	.LASF10
 487 0081 03       		.uleb128 0x3
 488 0082 1B020000 		.4byte	.LASF11
 489 0086 03       		.byte	0x3
 490 0087 18       		.byte	0x18
 491 0088 2C000000 		.4byte	0x2c
 492 008c 03       		.uleb128 0x3
 493 008d 33020000 		.4byte	.LASF12
 494 0091 03       		.byte	0x3
 495 0092 2C       		.byte	0x2c
 496 0093 4C000000 		.4byte	0x4c
 497 0097 05       		.uleb128 0x5
 498 0098 AB020000 		.4byte	.LASF13
 499 009c 04       		.byte	0x4
 500 009d E401     		.2byte	0x1e4
 501 009f 37000000 		.4byte	0x37
 502 00a3 02       		.uleb128 0x2
 503 00a4 04       		.byte	0x4
 504 00a5 04       		.byte	0x4
 505 00a6 C6000000 		.4byte	.LASF14
 506 00aa 02       		.uleb128 0x2
 507 00ab 08       		.byte	0x8
 508 00ac 04       		.byte	0x4
 509 00ad B7010000 		.4byte	.LASF15
 510 00b1 02       		.uleb128 0x2
 511 00b2 01       		.byte	0x1
 512 00b3 08       		.byte	0x8
 513 00b4 70020000 		.4byte	.LASF16
 514 00b8 06       		.uleb128 0x6
 515 00b9 97000000 		.4byte	0x97
 516 00bd 07       		.uleb128 0x7
 517 00be 01       		.byte	0x1
 518 00bf 37000000 		.4byte	0x37
 519 00c3 05       		.byte	0x5
 520 00c4 15       		.byte	0x15
 521 00c5 D6000000 		.4byte	0xd6
 522 00c9 08       		.uleb128 0x8
 523 00ca B1020000 		.4byte	.LASF17
 524 00ce 00       		.byte	0
 525 00cf 08       		.uleb128 0x8
 526 00d0 BA020000 		.4byte	.LASF18
 527 00d4 01       		.byte	0x1
 528 00d5 00       		.byte	0
 529 00d6 03       		.uleb128 0x3
 530 00d7 6A000000 		.4byte	.LASF19
 531 00db 05       		.byte	0x5
 532 00dc 18       		.byte	0x18
 533 00dd BD000000 		.4byte	0xbd
 534 00e1 02       		.uleb128 0x2
 535 00e2 08       		.byte	0x8
 536 00e3 04       		.byte	0x4
 537 00e4 C0020000 		.4byte	.LASF20
ARM GAS  C:\Users\Manu\AppData\Local\Temp\cciVtgq3.s 			page 15


 538 00e8 02       		.uleb128 0x2
 539 00e9 04       		.byte	0x4
 540 00ea 07       		.byte	0x7
 541 00eb 3B020000 		.4byte	.LASF21
 542 00ef 09       		.uleb128 0x9
 543 00f0 DE010000 		.4byte	.LASF45
 544 00f4 01       		.byte	0x1
 545 00f5 0E       		.byte	0xe
 546 00f6 73000000 		.4byte	0x73
 547 00fa 00000000 		.4byte	.LFB64
 548 00fe E4010000 		.4byte	.LFE64-.LFB64
 549 0102 01       		.uleb128 0x1
 550 0103 9C       		.byte	0x9c
 551 0104 15050000 		.4byte	0x515
 552 0108 0A       		.uleb128 0xa
 553 0109 00000000 		.4byte	.LASF22
 554 010d 01       		.byte	0x1
 555 010e 19       		.byte	0x19
 556 010f 15050000 		.4byte	0x515
 557 0113 02       		.uleb128 0x2
 558 0114 91       		.byte	0x91
 559 0115 44       		.sleb128 -60
 560 0116 0A       		.uleb128 0xa
 561 0117 D8020000 		.4byte	.LASF23
 562 011b 01       		.byte	0x1
 563 011c 2C       		.byte	0x2c
 564 011d 81000000 		.4byte	0x81
 565 0121 02       		.uleb128 0x2
 566 0122 91       		.byte	0x91
 567 0123 43       		.sleb128 -61
 568 0124 0B       		.uleb128 0xb
 569 0125 44020000 		.4byte	.LASF24
 570 0129 01       		.byte	0x1
 571 012a 2D       		.byte	0x2d
 572 012b D6000000 		.4byte	0xd6
 573 012f 00000000 		.4byte	.LLST0
 574 0133 0A       		.uleb128 0xa
 575 0134 23020000 		.4byte	.LASF25
 576 0138 01       		.byte	0x1
 577 0139 3E       		.byte	0x3e
 578 013a 81000000 		.4byte	0x81
 579 013e 02       		.uleb128 0x2
 580 013f 91       		.byte	0x91
 581 0140 42       		.sleb128 -62
 582 0141 0A       		.uleb128 0xa
 583 0142 E3010000 		.4byte	.LASF26
 584 0146 01       		.byte	0x1
 585 0147 50       		.byte	0x50
 586 0148 81000000 		.4byte	0x81
 587 014c 02       		.uleb128 0x2
 588 014d 91       		.byte	0x91
 589 014e 41       		.sleb128 -63
 590 014f 0A       		.uleb128 0xa
 591 0150 ED010000 		.4byte	.LASF27
 592 0154 01       		.byte	0x1
 593 0155 8F       		.byte	0x8f
 594 0156 81000000 		.4byte	0x81
ARM GAS  C:\Users\Manu\AppData\Local\Temp\cciVtgq3.s 			page 16


 595 015a 02       		.uleb128 0x2
 596 015b 91       		.byte	0x91
 597 015c 40       		.sleb128 -64
 598 015d 0C       		.uleb128 0xc
 599 015e 14000000 		.4byte	.LBB2
 600 0162 22000000 		.4byte	.LBE2-.LBB2
 601 0166 BF010000 		.4byte	0x1bf
 602 016a 0D       		.uleb128 0xd
 603 016b 6900     		.ascii	"i\000"
 604 016d 01       		.byte	0x1
 605 016e 1C       		.byte	0x1c
 606 016f 73000000 		.4byte	0x73
 607 0173 A2000000 		.4byte	.LLST1
 608 0177 0E       		.uleb128 0xe
 609 0178 1E000000 		.4byte	.LVL4
 610 017c 68050000 		.4byte	0x568
 611 0180 8B010000 		.4byte	0x18b
 612 0184 0F       		.uleb128 0xf
 613 0185 01       		.uleb128 0x1
 614 0186 50       		.byte	0x50
 615 0187 02       		.uleb128 0x2
 616 0188 74       		.byte	0x74
 617 0189 00       		.sleb128 0
 618 018a 00       		.byte	0
 619 018b 0E       		.uleb128 0xe
 620 018c 2A000000 		.4byte	.LVL5
 621 0190 73050000 		.4byte	0x573
 622 0194 AE010000 		.4byte	0x1ae
 623 0198 0F       		.uleb128 0xf
 624 0199 01       		.uleb128 0x1
 625 019a 50       		.byte	0x50
 626 019b 02       		.uleb128 0x2
 627 019c 91       		.byte	0x91
 628 019d 44       		.sleb128 -60
 629 019e 0F       		.uleb128 0xf
 630 019f 01       		.uleb128 0x1
 631 01a0 51       		.byte	0x51
 632 01a1 05       		.uleb128 0x5
 633 01a2 03       		.byte	0x3
 634 01a3 00000000 		.4byte	.LC0
 635 01a7 0F       		.uleb128 0xf
 636 01a8 01       		.uleb128 0x1
 637 01a9 52       		.byte	0x52
 638 01aa 02       		.uleb128 0x2
 639 01ab 74       		.byte	0x74
 640 01ac 00       		.sleb128 0
 641 01ad 00       		.byte	0
 642 01ae 10       		.uleb128 0x10
 643 01af 30000000 		.4byte	.LVL6
 644 01b3 7E050000 		.4byte	0x57e
 645 01b7 0F       		.uleb128 0xf
 646 01b8 01       		.uleb128 0x1
 647 01b9 50       		.byte	0x50
 648 01ba 02       		.uleb128 0x2
 649 01bb 91       		.byte	0x91
 650 01bc 44       		.sleb128 -60
 651 01bd 00       		.byte	0
ARM GAS  C:\Users\Manu\AppData\Local\Temp\cciVtgq3.s 			page 17


 652 01be 00       		.byte	0
 653 01bf 11       		.uleb128 0x11
 654 01c0 0A000000 		.4byte	.LVL0
 655 01c4 89050000 		.4byte	0x589
 656 01c8 11       		.uleb128 0x11
 657 01c9 0E000000 		.4byte	.LVL1
 658 01cd 94050000 		.4byte	0x594
 659 01d1 0E       		.uleb128 0xe
 660 01d2 14000000 		.4byte	.LVL2
 661 01d6 9F050000 		.4byte	0x59f
 662 01da E4010000 		.4byte	0x1e4
 663 01de 0F       		.uleb128 0xf
 664 01df 01       		.uleb128 0x1
 665 01e0 50       		.byte	0x50
 666 01e1 01       		.uleb128 0x1
 667 01e2 35       		.byte	0x35
 668 01e3 00       		.byte	0
 669 01e4 0E       		.uleb128 0xe
 670 01e5 42000000 		.4byte	.LVL8
 671 01e9 AA050000 		.4byte	0x5aa
 672 01ed 02020000 		.4byte	0x202
 673 01f1 0F       		.uleb128 0xf
 674 01f2 01       		.uleb128 0x1
 675 01f3 50       		.byte	0x50
 676 01f4 01       		.uleb128 0x1
 677 01f5 48       		.byte	0x48
 678 01f6 0F       		.uleb128 0xf
 679 01f7 01       		.uleb128 0x1
 680 01f8 51       		.byte	0x51
 681 01f9 01       		.uleb128 0x1
 682 01fa 3F       		.byte	0x3f
 683 01fb 0F       		.uleb128 0xf
 684 01fc 01       		.uleb128 0x1
 685 01fd 52       		.byte	0x52
 686 01fe 02       		.uleb128 0x2
 687 01ff 91       		.byte	0x91
 688 0200 43       		.sleb128 -61
 689 0201 00       		.byte	0
 690 0202 0E       		.uleb128 0xe
 691 0203 50000000 		.4byte	.LVL10
 692 0207 73050000 		.4byte	0x573
 693 020b 1F020000 		.4byte	0x21f
 694 020f 0F       		.uleb128 0xf
 695 0210 01       		.uleb128 0x1
 696 0211 50       		.byte	0x50
 697 0212 02       		.uleb128 0x2
 698 0213 91       		.byte	0x91
 699 0214 44       		.sleb128 -60
 700 0215 0F       		.uleb128 0xf
 701 0216 01       		.uleb128 0x1
 702 0217 51       		.byte	0x51
 703 0218 05       		.uleb128 0x5
 704 0219 03       		.byte	0x3
 705 021a 20000000 		.4byte	.LC1
 706 021e 00       		.byte	0
 707 021f 0E       		.uleb128 0xe
 708 0220 56000000 		.4byte	.LVL11
ARM GAS  C:\Users\Manu\AppData\Local\Temp\cciVtgq3.s 			page 18


 709 0224 7E050000 		.4byte	0x57e
 710 0228 33020000 		.4byte	0x233
 711 022c 0F       		.uleb128 0xf
 712 022d 01       		.uleb128 0x1
 713 022e 50       		.byte	0x50
 714 022f 02       		.uleb128 0x2
 715 0230 91       		.byte	0x91
 716 0231 44       		.sleb128 -60
 717 0232 00       		.byte	0
 718 0233 0E       		.uleb128 0xe
 719 0234 5E000000 		.4byte	.LVL14
 720 0238 7E050000 		.4byte	0x57e
 721 023c 4A020000 		.4byte	0x24a
 722 0240 0F       		.uleb128 0xf
 723 0241 01       		.uleb128 0x1
 724 0242 50       		.byte	0x50
 725 0243 05       		.uleb128 0x5
 726 0244 03       		.byte	0x3
 727 0245 48000000 		.4byte	.LC2
 728 0249 00       		.byte	0
 729 024a 0E       		.uleb128 0xe
 730 024b 6A000000 		.4byte	.LVL15
 731 024f AA050000 		.4byte	0x5aa
 732 0253 69020000 		.4byte	0x269
 733 0257 0F       		.uleb128 0xf
 734 0258 01       		.uleb128 0x1
 735 0259 50       		.byte	0x50
 736 025a 01       		.uleb128 0x1
 737 025b 48       		.byte	0x48
 738 025c 0F       		.uleb128 0xf
 739 025d 01       		.uleb128 0x1
 740 025e 51       		.byte	0x51
 741 025f 02       		.uleb128 0x2
 742 0260 08       		.byte	0x8
 743 0261 27       		.byte	0x27
 744 0262 0F       		.uleb128 0xf
 745 0263 01       		.uleb128 0x1
 746 0264 52       		.byte	0x52
 747 0265 02       		.uleb128 0x2
 748 0266 91       		.byte	0x91
 749 0267 42       		.sleb128 -62
 750 0268 00       		.byte	0
 751 0269 0E       		.uleb128 0xe
 752 026a 78000000 		.4byte	.LVL17
 753 026e 73050000 		.4byte	0x573
 754 0272 86020000 		.4byte	0x286
 755 0276 0F       		.uleb128 0xf
 756 0277 01       		.uleb128 0x1
 757 0278 50       		.byte	0x50
 758 0279 02       		.uleb128 0x2
 759 027a 91       		.byte	0x91
 760 027b 44       		.sleb128 -60
 761 027c 0F       		.uleb128 0xf
 762 027d 01       		.uleb128 0x1
 763 027e 51       		.byte	0x51
 764 027f 05       		.uleb128 0x5
 765 0280 03       		.byte	0x3
ARM GAS  C:\Users\Manu\AppData\Local\Temp\cciVtgq3.s 			page 19


 766 0281 6C000000 		.4byte	.LC3
 767 0285 00       		.byte	0
 768 0286 0E       		.uleb128 0xe
 769 0287 7E000000 		.4byte	.LVL18
 770 028b 7E050000 		.4byte	0x57e
 771 028f 9A020000 		.4byte	0x29a
 772 0293 0F       		.uleb128 0xf
 773 0294 01       		.uleb128 0x1
 774 0295 50       		.byte	0x50
 775 0296 02       		.uleb128 0x2
 776 0297 91       		.byte	0x91
 777 0298 44       		.sleb128 -60
 778 0299 00       		.byte	0
 779 029a 0E       		.uleb128 0xe
 780 029b 86000000 		.4byte	.LVL21
 781 029f 7E050000 		.4byte	0x57e
 782 02a3 B1020000 		.4byte	0x2b1
 783 02a7 0F       		.uleb128 0xf
 784 02a8 01       		.uleb128 0x1
 785 02a9 50       		.byte	0x50
 786 02aa 05       		.uleb128 0x5
 787 02ab 03       		.byte	0x3
 788 02ac 88000000 		.4byte	.LC4
 789 02b0 00       		.byte	0
 790 02b1 0E       		.uleb128 0xe
 791 02b2 92000000 		.4byte	.LVL22
 792 02b6 AA050000 		.4byte	0x5aa
 793 02ba D0020000 		.4byte	0x2d0
 794 02be 0F       		.uleb128 0xf
 795 02bf 01       		.uleb128 0x1
 796 02c0 50       		.byte	0x50
 797 02c1 01       		.uleb128 0x1
 798 02c2 48       		.byte	0x48
 799 02c3 0F       		.uleb128 0xf
 800 02c4 01       		.uleb128 0x1
 801 02c5 51       		.byte	0x51
 802 02c6 02       		.uleb128 0x2
 803 02c7 08       		.byte	0x8
 804 02c8 20       		.byte	0x20
 805 02c9 0F       		.uleb128 0xf
 806 02ca 01       		.uleb128 0x1
 807 02cb 52       		.byte	0x52
 808 02cc 02       		.uleb128 0x2
 809 02cd 91       		.byte	0x91
 810 02ce 41       		.sleb128 -63
 811 02cf 00       		.byte	0
 812 02d0 0E       		.uleb128 0xe
 813 02d1 A0000000 		.4byte	.LVL24
 814 02d5 73050000 		.4byte	0x573
 815 02d9 ED020000 		.4byte	0x2ed
 816 02dd 0F       		.uleb128 0xf
 817 02de 01       		.uleb128 0x1
 818 02df 50       		.byte	0x50
 819 02e0 02       		.uleb128 0x2
 820 02e1 91       		.byte	0x91
 821 02e2 44       		.sleb128 -60
 822 02e3 0F       		.uleb128 0xf
ARM GAS  C:\Users\Manu\AppData\Local\Temp\cciVtgq3.s 			page 20


 823 02e4 01       		.uleb128 0x1
 824 02e5 51       		.byte	0x51
 825 02e6 05       		.uleb128 0x5
 826 02e7 03       		.byte	0x3
 827 02e8 C4000000 		.4byte	.LC5
 828 02ec 00       		.byte	0
 829 02ed 0E       		.uleb128 0xe
 830 02ee A6000000 		.4byte	.LVL25
 831 02f2 7E050000 		.4byte	0x57e
 832 02f6 01030000 		.4byte	0x301
 833 02fa 0F       		.uleb128 0xf
 834 02fb 01       		.uleb128 0x1
 835 02fc 50       		.byte	0x50
 836 02fd 02       		.uleb128 0x2
 837 02fe 91       		.byte	0x91
 838 02ff 44       		.sleb128 -60
 839 0300 00       		.byte	0
 840 0301 0E       		.uleb128 0xe
 841 0302 AE000000 		.4byte	.LVL28
 842 0306 7E050000 		.4byte	0x57e
 843 030a 18030000 		.4byte	0x318
 844 030e 0F       		.uleb128 0xf
 845 030f 01       		.uleb128 0x1
 846 0310 50       		.byte	0x50
 847 0311 05       		.uleb128 0x5
 848 0312 03       		.byte	0x3
 849 0313 E4000000 		.4byte	.LC6
 850 0317 00       		.byte	0
 851 0318 0E       		.uleb128 0xe
 852 0319 B4000000 		.4byte	.LVL29
 853 031d 7E050000 		.4byte	0x57e
 854 0321 2F030000 		.4byte	0x32f
 855 0325 0F       		.uleb128 0xf
 856 0326 01       		.uleb128 0x1
 857 0327 50       		.byte	0x50
 858 0328 05       		.uleb128 0x5
 859 0329 03       		.byte	0x3
 860 032a 20010000 		.4byte	.LC7
 861 032e 00       		.byte	0
 862 032f 0E       		.uleb128 0xe
 863 0330 CA000000 		.4byte	.LVL30
 864 0334 B5050000 		.4byte	0x5b5
 865 0338 4E030000 		.4byte	0x34e
 866 033c 0F       		.uleb128 0xf
 867 033d 01       		.uleb128 0x1
 868 033e 50       		.byte	0x50
 869 033f 01       		.uleb128 0x1
 870 0340 48       		.byte	0x48
 871 0341 0F       		.uleb128 0xf
 872 0342 01       		.uleb128 0x1
 873 0343 51       		.byte	0x51
 874 0344 02       		.uleb128 0x2
 875 0345 08       		.byte	0x8
 876 0346 20       		.byte	0x20
 877 0347 0F       		.uleb128 0xf
 878 0348 01       		.uleb128 0x1
 879 0349 52       		.byte	0x52
ARM GAS  C:\Users\Manu\AppData\Local\Temp\cciVtgq3.s 			page 21


 880 034a 02       		.uleb128 0x2
 881 034b 08       		.byte	0x8
 882 034c 57       		.byte	0x57
 883 034d 00       		.byte	0
 884 034e 0E       		.uleb128 0xe
 885 034f D8000000 		.4byte	.LVL32
 886 0353 73050000 		.4byte	0x573
 887 0357 6B030000 		.4byte	0x36b
 888 035b 0F       		.uleb128 0xf
 889 035c 01       		.uleb128 0x1
 890 035d 50       		.byte	0x50
 891 035e 02       		.uleb128 0x2
 892 035f 91       		.byte	0x91
 893 0360 44       		.sleb128 -60
 894 0361 0F       		.uleb128 0xf
 895 0362 01       		.uleb128 0x1
 896 0363 51       		.byte	0x51
 897 0364 05       		.uleb128 0x5
 898 0365 03       		.byte	0x3
 899 0366 3C010000 		.4byte	.LC8
 900 036a 00       		.byte	0
 901 036b 0E       		.uleb128 0xe
 902 036c DE000000 		.4byte	.LVL33
 903 0370 7E050000 		.4byte	0x57e
 904 0374 7F030000 		.4byte	0x37f
 905 0378 0F       		.uleb128 0xf
 906 0379 01       		.uleb128 0x1
 907 037a 50       		.byte	0x50
 908 037b 02       		.uleb128 0x2
 909 037c 91       		.byte	0x91
 910 037d 44       		.sleb128 -60
 911 037e 00       		.byte	0
 912 037f 0E       		.uleb128 0xe
 913 0380 E6000000 		.4byte	.LVL36
 914 0384 7E050000 		.4byte	0x57e
 915 0388 96030000 		.4byte	0x396
 916 038c 0F       		.uleb128 0xf
 917 038d 01       		.uleb128 0x1
 918 038e 50       		.byte	0x50
 919 038f 05       		.uleb128 0x5
 920 0390 03       		.byte	0x3
 921 0391 74010000 		.4byte	.LC9
 922 0395 00       		.byte	0
 923 0396 0E       		.uleb128 0xe
 924 0397 F2000000 		.4byte	.LVL37
 925 039b AA050000 		.4byte	0x5aa
 926 039f B5030000 		.4byte	0x3b5
 927 03a3 0F       		.uleb128 0xf
 928 03a4 01       		.uleb128 0x1
 929 03a5 50       		.byte	0x50
 930 03a6 01       		.uleb128 0x1
 931 03a7 48       		.byte	0x48
 932 03a8 0F       		.uleb128 0xf
 933 03a9 01       		.uleb128 0x1
 934 03aa 51       		.byte	0x51
 935 03ab 02       		.uleb128 0x2
 936 03ac 08       		.byte	0x8
ARM GAS  C:\Users\Manu\AppData\Local\Temp\cciVtgq3.s 			page 22


 937 03ad 20       		.byte	0x20
 938 03ae 0F       		.uleb128 0xf
 939 03af 01       		.uleb128 0x1
 940 03b0 52       		.byte	0x52
 941 03b1 02       		.uleb128 0x2
 942 03b2 91       		.byte	0x91
 943 03b3 41       		.sleb128 -63
 944 03b4 00       		.byte	0
 945 03b5 0E       		.uleb128 0xe
 946 03b6 00010000 		.4byte	.LVL39
 947 03ba 73050000 		.4byte	0x573
 948 03be D2030000 		.4byte	0x3d2
 949 03c2 0F       		.uleb128 0xf
 950 03c3 01       		.uleb128 0x1
 951 03c4 50       		.byte	0x50
 952 03c5 02       		.uleb128 0x2
 953 03c6 91       		.byte	0x91
 954 03c7 44       		.sleb128 -60
 955 03c8 0F       		.uleb128 0xf
 956 03c9 01       		.uleb128 0x1
 957 03ca 51       		.byte	0x51
 958 03cb 05       		.uleb128 0x5
 959 03cc 03       		.byte	0x3
 960 03cd B0010000 		.4byte	.LC10
 961 03d1 00       		.byte	0
 962 03d2 0E       		.uleb128 0xe
 963 03d3 06010000 		.4byte	.LVL40
 964 03d7 7E050000 		.4byte	0x57e
 965 03db E6030000 		.4byte	0x3e6
 966 03df 0F       		.uleb128 0xf
 967 03e0 01       		.uleb128 0x1
 968 03e1 50       		.byte	0x50
 969 03e2 02       		.uleb128 0x2
 970 03e3 91       		.byte	0x91
 971 03e4 44       		.sleb128 -60
 972 03e5 00       		.byte	0
 973 03e6 0E       		.uleb128 0xe
 974 03e7 0E010000 		.4byte	.LVL43
 975 03eb 7E050000 		.4byte	0x57e
 976 03ef FD030000 		.4byte	0x3fd
 977 03f3 0F       		.uleb128 0xf
 978 03f4 01       		.uleb128 0x1
 979 03f5 50       		.byte	0x50
 980 03f6 05       		.uleb128 0x5
 981 03f7 03       		.byte	0x3
 982 03f8 E4000000 		.4byte	.LC6
 983 03fc 00       		.byte	0
 984 03fd 0E       		.uleb128 0xe
 985 03fe 18010000 		.4byte	.LVL44
 986 0402 AA050000 		.4byte	0x5aa
 987 0406 1C040000 		.4byte	0x41c
 988 040a 0F       		.uleb128 0xf
 989 040b 01       		.uleb128 0x1
 990 040c 50       		.byte	0x50
 991 040d 01       		.uleb128 0x1
 992 040e 48       		.byte	0x48
 993 040f 0F       		.uleb128 0xf
ARM GAS  C:\Users\Manu\AppData\Local\Temp\cciVtgq3.s 			page 23


 994 0410 01       		.uleb128 0x1
 995 0411 51       		.byte	0x51
 996 0412 02       		.uleb128 0x2
 997 0413 08       		.byte	0x8
 998 0414 23       		.byte	0x23
 999 0415 0F       		.uleb128 0xf
 1000 0416 01       		.uleb128 0x1
 1001 0417 52       		.byte	0x52
 1002 0418 02       		.uleb128 0x2
 1003 0419 7D       		.byte	0x7d
 1004 041a 00       		.sleb128 0
 1005 041b 00       		.byte	0
 1006 041c 0E       		.uleb128 0xe
 1007 041d 26010000 		.4byte	.LVL46
 1008 0421 73050000 		.4byte	0x573
 1009 0425 39040000 		.4byte	0x439
 1010 0429 0F       		.uleb128 0xf
 1011 042a 01       		.uleb128 0x1
 1012 042b 50       		.byte	0x50
 1013 042c 02       		.uleb128 0x2
 1014 042d 91       		.byte	0x91
 1015 042e 44       		.sleb128 -60
 1016 042f 0F       		.uleb128 0xf
 1017 0430 01       		.uleb128 0x1
 1018 0431 51       		.byte	0x51
 1019 0432 05       		.uleb128 0x5
 1020 0433 03       		.byte	0x3
 1021 0434 E8010000 		.4byte	.LC11
 1022 0438 00       		.byte	0
 1023 0439 0E       		.uleb128 0xe
 1024 043a 2C010000 		.4byte	.LVL47
 1025 043e 7E050000 		.4byte	0x57e
 1026 0442 4D040000 		.4byte	0x44d
 1027 0446 0F       		.uleb128 0xf
 1028 0447 01       		.uleb128 0x1
 1029 0448 50       		.byte	0x50
 1030 0449 02       		.uleb128 0x2
 1031 044a 91       		.byte	0x91
 1032 044b 44       		.sleb128 -60
 1033 044c 00       		.byte	0
 1034 044d 0E       		.uleb128 0xe
 1035 044e 34010000 		.4byte	.LVL50
 1036 0452 7E050000 		.4byte	0x57e
 1037 0456 64040000 		.4byte	0x464
 1038 045a 0F       		.uleb128 0xf
 1039 045b 01       		.uleb128 0x1
 1040 045c 50       		.byte	0x50
 1041 045d 05       		.uleb128 0x5
 1042 045e 03       		.byte	0x3
 1043 045f 08020000 		.4byte	.LC12
 1044 0463 00       		.byte	0
 1045 0464 0E       		.uleb128 0xe
 1046 0465 44010000 		.4byte	.LVL52
 1047 0469 B5050000 		.4byte	0x5b5
 1048 046d 83040000 		.4byte	0x483
 1049 0471 0F       		.uleb128 0xf
 1050 0472 01       		.uleb128 0x1
ARM GAS  C:\Users\Manu\AppData\Local\Temp\cciVtgq3.s 			page 24


 1051 0473 50       		.byte	0x50
 1052 0474 01       		.uleb128 0x1
 1053 0475 48       		.byte	0x48
 1054 0476 0F       		.uleb128 0xf
 1055 0477 01       		.uleb128 0x1
 1056 0478 51       		.byte	0x51
 1057 0479 02       		.uleb128 0x2
 1058 047a 08       		.byte	0x8
 1059 047b 23       		.byte	0x23
 1060 047c 0F       		.uleb128 0xf
 1061 047d 01       		.uleb128 0x1
 1062 047e 52       		.byte	0x52
 1063 047f 02       		.uleb128 0x2
 1064 0480 09       		.byte	0x9
 1065 0481 98       		.byte	0x98
 1066 0482 00       		.byte	0
 1067 0483 0E       		.uleb128 0xe
 1068 0484 4E010000 		.4byte	.LVL53
 1069 0488 AA050000 		.4byte	0x5aa
 1070 048c A2040000 		.4byte	0x4a2
 1071 0490 0F       		.uleb128 0xf
 1072 0491 01       		.uleb128 0x1
 1073 0492 50       		.byte	0x50
 1074 0493 01       		.uleb128 0x1
 1075 0494 48       		.byte	0x48
 1076 0495 0F       		.uleb128 0xf
 1077 0496 01       		.uleb128 0x1
 1078 0497 51       		.byte	0x51
 1079 0498 02       		.uleb128 0x2
 1080 0499 08       		.byte	0x8
 1081 049a 23       		.byte	0x23
 1082 049b 0F       		.uleb128 0xf
 1083 049c 01       		.uleb128 0x1
 1084 049d 52       		.byte	0x52
 1085 049e 02       		.uleb128 0x2
 1086 049f 74       		.byte	0x74
 1087 04a0 00       		.sleb128 0
 1088 04a1 00       		.byte	0
 1089 04a2 0E       		.uleb128 0xe
 1090 04a3 5C010000 		.4byte	.LVL55
 1091 04a7 73050000 		.4byte	0x573
 1092 04ab BF040000 		.4byte	0x4bf
 1093 04af 0F       		.uleb128 0xf
 1094 04b0 01       		.uleb128 0x1
 1095 04b1 50       		.byte	0x50
 1096 04b2 02       		.uleb128 0x2
 1097 04b3 91       		.byte	0x91
 1098 04b4 44       		.sleb128 -60
 1099 04b5 0F       		.uleb128 0xf
 1100 04b6 01       		.uleb128 0x1
 1101 04b7 51       		.byte	0x51
 1102 04b8 05       		.uleb128 0x5
 1103 04b9 03       		.byte	0x3
 1104 04ba 44020000 		.4byte	.LC13
 1105 04be 00       		.byte	0
 1106 04bf 0E       		.uleb128 0xe
 1107 04c0 62010000 		.4byte	.LVL56
ARM GAS  C:\Users\Manu\AppData\Local\Temp\cciVtgq3.s 			page 25


 1108 04c4 7E050000 		.4byte	0x57e
 1109 04c8 D3040000 		.4byte	0x4d3
 1110 04cc 0F       		.uleb128 0xf
 1111 04cd 01       		.uleb128 0x1
 1112 04ce 50       		.byte	0x50
 1113 04cf 02       		.uleb128 0x2
 1114 04d0 91       		.byte	0x91
 1115 04d1 44       		.sleb128 -60
 1116 04d2 00       		.byte	0
 1117 04d3 0E       		.uleb128 0xe
 1118 04d4 6A010000 		.4byte	.LVL59
 1119 04d8 7E050000 		.4byte	0x57e
 1120 04dc EA040000 		.4byte	0x4ea
 1121 04e0 0F       		.uleb128 0xf
 1122 04e1 01       		.uleb128 0x1
 1123 04e2 50       		.byte	0x50
 1124 04e3 05       		.uleb128 0x5
 1125 04e4 03       		.byte	0x3
 1126 04e5 08020000 		.4byte	.LC12
 1127 04e9 00       		.byte	0
 1128 04ea 11       		.uleb128 0x11
 1129 04eb 74010000 		.4byte	.LVL60
 1130 04ef C0050000 		.4byte	0x5c0
 1131 04f3 11       		.uleb128 0x11
 1132 04f4 7A010000 		.4byte	.LVL61
 1133 04f8 CB050000 		.4byte	0x5cb
 1134 04fc 10       		.uleb128 0x10
 1135 04fd 96010000 		.4byte	.LVL62
 1136 0501 D6050000 		.4byte	0x5d6
 1137 0505 0F       		.uleb128 0xf
 1138 0506 01       		.uleb128 0x1
 1139 0507 50       		.byte	0x50
 1140 0508 05       		.uleb128 0x5
 1141 0509 03       		.byte	0x3
 1142 050a 00000000 		.4byte	dataBuffer
 1143 050e 0F       		.uleb128 0xf
 1144 050f 01       		.uleb128 0x1
 1145 0510 51       		.byte	0x51
 1146 0511 01       		.uleb128 0x1
 1147 0512 3E       		.byte	0x3e
 1148 0513 00       		.byte	0
 1149 0514 00       		.byte	0
 1150 0515 12       		.uleb128 0x12
 1151 0516 B1000000 		.4byte	0xb1
 1152 051a 25050000 		.4byte	0x525
 1153 051e 13       		.uleb128 0x13
 1154 051f E8000000 		.4byte	0xe8
 1155 0523 31       		.byte	0x31
 1156 0524 00       		.byte	0
 1157 0525 14       		.uleb128 0x14
 1158 0526 AA010000 		.4byte	.LASF28
 1159 052a 06       		.byte	0x6
 1160 052b 1207     		.2byte	0x712
 1161 052d 31050000 		.4byte	0x531
 1162 0531 06       		.uleb128 0x6
 1163 0532 8C000000 		.4byte	0x8c
 1164 0536 15       		.uleb128 0x15
ARM GAS  C:\Users\Manu\AppData\Local\Temp\cciVtgq3.s 			page 26


 1165 0537 9B020000 		.4byte	.LASF29
 1166 053b 07       		.byte	0x7
 1167 053c 14       		.byte	0x14
 1168 053d B8000000 		.4byte	0xb8
 1169 0541 05       		.uleb128 0x5
 1170 0542 03       		.byte	0x3
 1171 0543 00000000 		.4byte	PacketReadyFlag
 1172 0547 12       		.uleb128 0x12
 1173 0548 81000000 		.4byte	0x81
 1174 054c 57050000 		.4byte	0x557
 1175 0550 13       		.uleb128 0x13
 1176 0551 E8000000 		.4byte	0xe8
 1177 0555 0D       		.byte	0xd
 1178 0556 00       		.byte	0
 1179 0557 15       		.uleb128 0x15
 1180 0558 D3010000 		.4byte	.LASF30
 1181 055c 07       		.byte	0x7
 1182 055d 15       		.byte	0x15
 1183 055e 47050000 		.4byte	0x547
 1184 0562 05       		.uleb128 0x5
 1185 0563 03       		.byte	0x3
 1186 0564 00000000 		.4byte	dataBuffer
 1187 0568 16       		.uleb128 0x16
 1188 0569 22000000 		.4byte	.LASF31
 1189 056d 22000000 		.4byte	.LASF31
 1190 0571 08       		.byte	0x8
 1191 0572 8D       		.byte	0x8d
 1192 0573 16       		.uleb128 0x16
 1193 0574 E5020000 		.4byte	.LASF32
 1194 0578 E5020000 		.4byte	.LASF32
 1195 057c 09       		.byte	0x9
 1196 057d E7       		.byte	0xe7
 1197 057e 16       		.uleb128 0x16
 1198 057f BE010000 		.4byte	.LASF33
 1199 0583 BE010000 		.4byte	.LASF33
 1200 0587 0A       		.byte	0xa
 1201 0588 8B       		.byte	0x8b
 1202 0589 16       		.uleb128 0x16
 1203 058a F5020000 		.4byte	.LASF34
 1204 058e F5020000 		.4byte	.LASF34
 1205 0592 08       		.byte	0x8
 1206 0593 47       		.byte	0x47
 1207 0594 16       		.uleb128 0x16
 1208 0595 58020000 		.4byte	.LASF35
 1209 0599 58020000 		.4byte	.LASF35
 1210 059d 0A       		.byte	0xa
 1211 059e 54       		.byte	0x54
 1212 059f 16       		.uleb128 0x16
 1213 05a0 ED020000 		.4byte	.LASF36
 1214 05a4 ED020000 		.4byte	.LASF36
 1215 05a8 0B       		.byte	0xb
 1216 05a9 76       		.byte	0x76
 1217 05aa 16       		.uleb128 0x16
 1218 05ab 75020000 		.4byte	.LASF37
 1219 05af 75020000 		.4byte	.LASF37
 1220 05b3 08       		.byte	0x8
 1221 05b4 58       		.byte	0x58
ARM GAS  C:\Users\Manu\AppData\Local\Temp\cciVtgq3.s 			page 27


 1222 05b5 16       		.uleb128 0x16
 1223 05b6 8D010000 		.4byte	.LASF38
 1224 05ba 8D010000 		.4byte	.LASF38
 1225 05be 08       		.byte	0x8
 1226 05bf 73       		.byte	0x73
 1227 05c0 16       		.uleb128 0x16
 1228 05c1 08000000 		.4byte	.LASF39
 1229 05c5 08000000 		.4byte	.LASF39
 1230 05c9 0C       		.byte	0xc
 1231 05ca 5A       		.byte	0x5a
 1232 05cb 16       		.uleb128 0x16
 1233 05cc 74000000 		.4byte	.LASF40
 1234 05d0 74000000 		.4byte	.LASF40
 1235 05d4 0D       		.byte	0xd
 1236 05d5 18       		.byte	0x18
 1237 05d6 16       		.uleb128 0x16
 1238 05d7 56000000 		.4byte	.LASF41
 1239 05db 56000000 		.4byte	.LASF41
 1240 05df 0A       		.byte	0xa
 1241 05e0 8C       		.byte	0x8c
 1242 05e1 00       		.byte	0
 1243              		.section	.debug_abbrev,"",%progbits
 1244              	.Ldebug_abbrev0:
 1245 0000 01       		.uleb128 0x1
 1246 0001 11       		.uleb128 0x11
 1247 0002 01       		.byte	0x1
 1248 0003 25       		.uleb128 0x25
 1249 0004 0E       		.uleb128 0xe
 1250 0005 13       		.uleb128 0x13
 1251 0006 0B       		.uleb128 0xb
 1252 0007 03       		.uleb128 0x3
 1253 0008 0E       		.uleb128 0xe
 1254 0009 1B       		.uleb128 0x1b
 1255 000a 0E       		.uleb128 0xe
 1256 000b 55       		.uleb128 0x55
 1257 000c 17       		.uleb128 0x17
 1258 000d 11       		.uleb128 0x11
 1259 000e 01       		.uleb128 0x1
 1260 000f 10       		.uleb128 0x10
 1261 0010 17       		.uleb128 0x17
 1262 0011 00       		.byte	0
 1263 0012 00       		.byte	0
 1264 0013 02       		.uleb128 0x2
 1265 0014 24       		.uleb128 0x24
 1266 0015 00       		.byte	0
 1267 0016 0B       		.uleb128 0xb
 1268 0017 0B       		.uleb128 0xb
 1269 0018 3E       		.uleb128 0x3e
 1270 0019 0B       		.uleb128 0xb
 1271 001a 03       		.uleb128 0x3
 1272 001b 0E       		.uleb128 0xe
 1273 001c 00       		.byte	0
 1274 001d 00       		.byte	0
 1275 001e 03       		.uleb128 0x3
 1276 001f 16       		.uleb128 0x16
 1277 0020 00       		.byte	0
 1278 0021 03       		.uleb128 0x3
ARM GAS  C:\Users\Manu\AppData\Local\Temp\cciVtgq3.s 			page 28


 1279 0022 0E       		.uleb128 0xe
 1280 0023 3A       		.uleb128 0x3a
 1281 0024 0B       		.uleb128 0xb
 1282 0025 3B       		.uleb128 0x3b
 1283 0026 0B       		.uleb128 0xb
 1284 0027 49       		.uleb128 0x49
 1285 0028 13       		.uleb128 0x13
 1286 0029 00       		.byte	0
 1287 002a 00       		.byte	0
 1288 002b 04       		.uleb128 0x4
 1289 002c 24       		.uleb128 0x24
 1290 002d 00       		.byte	0
 1291 002e 0B       		.uleb128 0xb
 1292 002f 0B       		.uleb128 0xb
 1293 0030 3E       		.uleb128 0x3e
 1294 0031 0B       		.uleb128 0xb
 1295 0032 03       		.uleb128 0x3
 1296 0033 08       		.uleb128 0x8
 1297 0034 00       		.byte	0
 1298 0035 00       		.byte	0
 1299 0036 05       		.uleb128 0x5
 1300 0037 16       		.uleb128 0x16
 1301 0038 00       		.byte	0
 1302 0039 03       		.uleb128 0x3
 1303 003a 0E       		.uleb128 0xe
 1304 003b 3A       		.uleb128 0x3a
 1305 003c 0B       		.uleb128 0xb
 1306 003d 3B       		.uleb128 0x3b
 1307 003e 05       		.uleb128 0x5
 1308 003f 49       		.uleb128 0x49
 1309 0040 13       		.uleb128 0x13
 1310 0041 00       		.byte	0
 1311 0042 00       		.byte	0
 1312 0043 06       		.uleb128 0x6
 1313 0044 35       		.uleb128 0x35
 1314 0045 00       		.byte	0
 1315 0046 49       		.uleb128 0x49
 1316 0047 13       		.uleb128 0x13
 1317 0048 00       		.byte	0
 1318 0049 00       		.byte	0
 1319 004a 07       		.uleb128 0x7
 1320 004b 04       		.uleb128 0x4
 1321 004c 01       		.byte	0x1
 1322 004d 0B       		.uleb128 0xb
 1323 004e 0B       		.uleb128 0xb
 1324 004f 49       		.uleb128 0x49
 1325 0050 13       		.uleb128 0x13
 1326 0051 3A       		.uleb128 0x3a
 1327 0052 0B       		.uleb128 0xb
 1328 0053 3B       		.uleb128 0x3b
 1329 0054 0B       		.uleb128 0xb
 1330 0055 01       		.uleb128 0x1
 1331 0056 13       		.uleb128 0x13
 1332 0057 00       		.byte	0
 1333 0058 00       		.byte	0
 1334 0059 08       		.uleb128 0x8
 1335 005a 28       		.uleb128 0x28
ARM GAS  C:\Users\Manu\AppData\Local\Temp\cciVtgq3.s 			page 29


 1336 005b 00       		.byte	0
 1337 005c 03       		.uleb128 0x3
 1338 005d 0E       		.uleb128 0xe
 1339 005e 1C       		.uleb128 0x1c
 1340 005f 0B       		.uleb128 0xb
 1341 0060 00       		.byte	0
 1342 0061 00       		.byte	0
 1343 0062 09       		.uleb128 0x9
 1344 0063 2E       		.uleb128 0x2e
 1345 0064 01       		.byte	0x1
 1346 0065 3F       		.uleb128 0x3f
 1347 0066 19       		.uleb128 0x19
 1348 0067 03       		.uleb128 0x3
 1349 0068 0E       		.uleb128 0xe
 1350 0069 3A       		.uleb128 0x3a
 1351 006a 0B       		.uleb128 0xb
 1352 006b 3B       		.uleb128 0x3b
 1353 006c 0B       		.uleb128 0xb
 1354 006d 27       		.uleb128 0x27
 1355 006e 19       		.uleb128 0x19
 1356 006f 49       		.uleb128 0x49
 1357 0070 13       		.uleb128 0x13
 1358 0071 8701     		.uleb128 0x87
 1359 0073 19       		.uleb128 0x19
 1360 0074 11       		.uleb128 0x11
 1361 0075 01       		.uleb128 0x1
 1362 0076 12       		.uleb128 0x12
 1363 0077 06       		.uleb128 0x6
 1364 0078 40       		.uleb128 0x40
 1365 0079 18       		.uleb128 0x18
 1366 007a 9742     		.uleb128 0x2117
 1367 007c 19       		.uleb128 0x19
 1368 007d 01       		.uleb128 0x1
 1369 007e 13       		.uleb128 0x13
 1370 007f 00       		.byte	0
 1371 0080 00       		.byte	0
 1372 0081 0A       		.uleb128 0xa
 1373 0082 34       		.uleb128 0x34
 1374 0083 00       		.byte	0
 1375 0084 03       		.uleb128 0x3
 1376 0085 0E       		.uleb128 0xe
 1377 0086 3A       		.uleb128 0x3a
 1378 0087 0B       		.uleb128 0xb
 1379 0088 3B       		.uleb128 0x3b
 1380 0089 0B       		.uleb128 0xb
 1381 008a 49       		.uleb128 0x49
 1382 008b 13       		.uleb128 0x13
 1383 008c 02       		.uleb128 0x2
 1384 008d 18       		.uleb128 0x18
 1385 008e 00       		.byte	0
 1386 008f 00       		.byte	0
 1387 0090 0B       		.uleb128 0xb
 1388 0091 34       		.uleb128 0x34
 1389 0092 00       		.byte	0
 1390 0093 03       		.uleb128 0x3
 1391 0094 0E       		.uleb128 0xe
 1392 0095 3A       		.uleb128 0x3a
ARM GAS  C:\Users\Manu\AppData\Local\Temp\cciVtgq3.s 			page 30


 1393 0096 0B       		.uleb128 0xb
 1394 0097 3B       		.uleb128 0x3b
 1395 0098 0B       		.uleb128 0xb
 1396 0099 49       		.uleb128 0x49
 1397 009a 13       		.uleb128 0x13
 1398 009b 02       		.uleb128 0x2
 1399 009c 17       		.uleb128 0x17
 1400 009d 00       		.byte	0
 1401 009e 00       		.byte	0
 1402 009f 0C       		.uleb128 0xc
 1403 00a0 0B       		.uleb128 0xb
 1404 00a1 01       		.byte	0x1
 1405 00a2 11       		.uleb128 0x11
 1406 00a3 01       		.uleb128 0x1
 1407 00a4 12       		.uleb128 0x12
 1408 00a5 06       		.uleb128 0x6
 1409 00a6 01       		.uleb128 0x1
 1410 00a7 13       		.uleb128 0x13
 1411 00a8 00       		.byte	0
 1412 00a9 00       		.byte	0
 1413 00aa 0D       		.uleb128 0xd
 1414 00ab 34       		.uleb128 0x34
 1415 00ac 00       		.byte	0
 1416 00ad 03       		.uleb128 0x3
 1417 00ae 08       		.uleb128 0x8
 1418 00af 3A       		.uleb128 0x3a
 1419 00b0 0B       		.uleb128 0xb
 1420 00b1 3B       		.uleb128 0x3b
 1421 00b2 0B       		.uleb128 0xb
 1422 00b3 49       		.uleb128 0x49
 1423 00b4 13       		.uleb128 0x13
 1424 00b5 02       		.uleb128 0x2
 1425 00b6 17       		.uleb128 0x17
 1426 00b7 00       		.byte	0
 1427 00b8 00       		.byte	0
 1428 00b9 0E       		.uleb128 0xe
 1429 00ba 898201   		.uleb128 0x4109
 1430 00bd 01       		.byte	0x1
 1431 00be 11       		.uleb128 0x11
 1432 00bf 01       		.uleb128 0x1
 1433 00c0 31       		.uleb128 0x31
 1434 00c1 13       		.uleb128 0x13
 1435 00c2 01       		.uleb128 0x1
 1436 00c3 13       		.uleb128 0x13
 1437 00c4 00       		.byte	0
 1438 00c5 00       		.byte	0
 1439 00c6 0F       		.uleb128 0xf
 1440 00c7 8A8201   		.uleb128 0x410a
 1441 00ca 00       		.byte	0
 1442 00cb 02       		.uleb128 0x2
 1443 00cc 18       		.uleb128 0x18
 1444 00cd 9142     		.uleb128 0x2111
 1445 00cf 18       		.uleb128 0x18
 1446 00d0 00       		.byte	0
 1447 00d1 00       		.byte	0
 1448 00d2 10       		.uleb128 0x10
 1449 00d3 898201   		.uleb128 0x4109
ARM GAS  C:\Users\Manu\AppData\Local\Temp\cciVtgq3.s 			page 31


 1450 00d6 01       		.byte	0x1
 1451 00d7 11       		.uleb128 0x11
 1452 00d8 01       		.uleb128 0x1
 1453 00d9 31       		.uleb128 0x31
 1454 00da 13       		.uleb128 0x13
 1455 00db 00       		.byte	0
 1456 00dc 00       		.byte	0
 1457 00dd 11       		.uleb128 0x11
 1458 00de 898201   		.uleb128 0x4109
 1459 00e1 00       		.byte	0
 1460 00e2 11       		.uleb128 0x11
 1461 00e3 01       		.uleb128 0x1
 1462 00e4 31       		.uleb128 0x31
 1463 00e5 13       		.uleb128 0x13
 1464 00e6 00       		.byte	0
 1465 00e7 00       		.byte	0
 1466 00e8 12       		.uleb128 0x12
 1467 00e9 01       		.uleb128 0x1
 1468 00ea 01       		.byte	0x1
 1469 00eb 49       		.uleb128 0x49
 1470 00ec 13       		.uleb128 0x13
 1471 00ed 01       		.uleb128 0x1
 1472 00ee 13       		.uleb128 0x13
 1473 00ef 00       		.byte	0
 1474 00f0 00       		.byte	0
 1475 00f1 13       		.uleb128 0x13
 1476 00f2 21       		.uleb128 0x21
 1477 00f3 00       		.byte	0
 1478 00f4 49       		.uleb128 0x49
 1479 00f5 13       		.uleb128 0x13
 1480 00f6 2F       		.uleb128 0x2f
 1481 00f7 0B       		.uleb128 0xb
 1482 00f8 00       		.byte	0
 1483 00f9 00       		.byte	0
 1484 00fa 14       		.uleb128 0x14
 1485 00fb 34       		.uleb128 0x34
 1486 00fc 00       		.byte	0
 1487 00fd 03       		.uleb128 0x3
 1488 00fe 0E       		.uleb128 0xe
 1489 00ff 3A       		.uleb128 0x3a
 1490 0100 0B       		.uleb128 0xb
 1491 0101 3B       		.uleb128 0x3b
 1492 0102 05       		.uleb128 0x5
 1493 0103 49       		.uleb128 0x49
 1494 0104 13       		.uleb128 0x13
 1495 0105 3F       		.uleb128 0x3f
 1496 0106 19       		.uleb128 0x19
 1497 0107 3C       		.uleb128 0x3c
 1498 0108 19       		.uleb128 0x19
 1499 0109 00       		.byte	0
 1500 010a 00       		.byte	0
 1501 010b 15       		.uleb128 0x15
 1502 010c 34       		.uleb128 0x34
 1503 010d 00       		.byte	0
 1504 010e 03       		.uleb128 0x3
 1505 010f 0E       		.uleb128 0xe
 1506 0110 3A       		.uleb128 0x3a
ARM GAS  C:\Users\Manu\AppData\Local\Temp\cciVtgq3.s 			page 32


 1507 0111 0B       		.uleb128 0xb
 1508 0112 3B       		.uleb128 0x3b
 1509 0113 0B       		.uleb128 0xb
 1510 0114 49       		.uleb128 0x49
 1511 0115 13       		.uleb128 0x13
 1512 0116 3F       		.uleb128 0x3f
 1513 0117 19       		.uleb128 0x19
 1514 0118 02       		.uleb128 0x2
 1515 0119 18       		.uleb128 0x18
 1516 011a 00       		.byte	0
 1517 011b 00       		.byte	0
 1518 011c 16       		.uleb128 0x16
 1519 011d 2E       		.uleb128 0x2e
 1520 011e 00       		.byte	0
 1521 011f 3F       		.uleb128 0x3f
 1522 0120 19       		.uleb128 0x19
 1523 0121 3C       		.uleb128 0x3c
 1524 0122 19       		.uleb128 0x19
 1525 0123 6E       		.uleb128 0x6e
 1526 0124 0E       		.uleb128 0xe
 1527 0125 03       		.uleb128 0x3
 1528 0126 0E       		.uleb128 0xe
 1529 0127 3A       		.uleb128 0x3a
 1530 0128 0B       		.uleb128 0xb
 1531 0129 3B       		.uleb128 0x3b
 1532 012a 0B       		.uleb128 0xb
 1533 012b 00       		.byte	0
 1534 012c 00       		.byte	0
 1535 012d 00       		.byte	0
 1536              		.section	.debug_loc,"",%progbits
 1537              	.Ldebug_loc0:
 1538              	.LLST0:
 1539 0000 42000000 		.4byte	.LVL8
 1540 0004 4C000000 		.4byte	.LVL9
 1541 0008 0100     		.2byte	0x1
 1542 000a 50       		.byte	0x50
 1543 000b 58000000 		.4byte	.LVL12
 1544 000f 5A000000 		.4byte	.LVL13
 1545 0013 0100     		.2byte	0x1
 1546 0015 50       		.byte	0x50
 1547 0016 6A000000 		.4byte	.LVL15
 1548 001a 74000000 		.4byte	.LVL16
 1549 001e 0100     		.2byte	0x1
 1550 0020 50       		.byte	0x50
 1551 0021 80000000 		.4byte	.LVL19
 1552 0025 82000000 		.4byte	.LVL20
 1553 0029 0100     		.2byte	0x1
 1554 002b 50       		.byte	0x50
 1555 002c 92000000 		.4byte	.LVL22
 1556 0030 9C000000 		.4byte	.LVL23
 1557 0034 0100     		.2byte	0x1
 1558 0036 50       		.byte	0x50
 1559 0037 A8000000 		.4byte	.LVL26
 1560 003b AA000000 		.4byte	.LVL27
 1561 003f 0100     		.2byte	0x1
 1562 0041 50       		.byte	0x50
 1563 0042 CA000000 		.4byte	.LVL30
ARM GAS  C:\Users\Manu\AppData\Local\Temp\cciVtgq3.s 			page 33


 1564 0046 D4000000 		.4byte	.LVL31
 1565 004a 0100     		.2byte	0x1
 1566 004c 50       		.byte	0x50
 1567 004d E0000000 		.4byte	.LVL34
 1568 0051 E2000000 		.4byte	.LVL35
 1569 0055 0100     		.2byte	0x1
 1570 0057 50       		.byte	0x50
 1571 0058 F2000000 		.4byte	.LVL37
 1572 005c FC000000 		.4byte	.LVL38
 1573 0060 0100     		.2byte	0x1
 1574 0062 50       		.byte	0x50
 1575 0063 08010000 		.4byte	.LVL41
 1576 0067 0A010000 		.4byte	.LVL42
 1577 006b 0100     		.2byte	0x1
 1578 006d 50       		.byte	0x50
 1579 006e 18010000 		.4byte	.LVL44
 1580 0072 22010000 		.4byte	.LVL45
 1581 0076 0100     		.2byte	0x1
 1582 0078 50       		.byte	0x50
 1583 0079 2E010000 		.4byte	.LVL48
 1584 007d 30010000 		.4byte	.LVL49
 1585 0081 0100     		.2byte	0x1
 1586 0083 50       		.byte	0x50
 1587 0084 4E010000 		.4byte	.LVL53
 1588 0088 58010000 		.4byte	.LVL54
 1589 008c 0100     		.2byte	0x1
 1590 008e 50       		.byte	0x50
 1591 008f 64010000 		.4byte	.LVL57
 1592 0093 66010000 		.4byte	.LVL58
 1593 0097 0100     		.2byte	0x1
 1594 0099 50       		.byte	0x50
 1595 009a 00000000 		.4byte	0
 1596 009e 00000000 		.4byte	0
 1597              	.LLST1:
 1598 00a2 14000000 		.4byte	.LVL2
 1599 00a6 18000000 		.4byte	.LVL3
 1600 00aa 0200     		.2byte	0x2
 1601 00ac 30       		.byte	0x30
 1602 00ad 9F       		.byte	0x9f
 1603 00ae 18000000 		.4byte	.LVL3
 1604 00b2 38010000 		.4byte	.LVL51
 1605 00b6 0100     		.2byte	0x1
 1606 00b8 54       		.byte	0x54
 1607 00b9 00000000 		.4byte	0
 1608 00bd 00000000 		.4byte	0
 1609              		.section	.debug_aranges,"",%progbits
 1610 0000 1C000000 		.4byte	0x1c
 1611 0004 0200     		.2byte	0x2
 1612 0006 00000000 		.4byte	.Ldebug_info0
 1613 000a 04       		.byte	0x4
 1614 000b 00       		.byte	0
 1615 000c 0000     		.2byte	0
 1616 000e 0000     		.2byte	0
 1617 0010 00000000 		.4byte	.LFB64
 1618 0014 E4010000 		.4byte	.LFE64-.LFB64
 1619 0018 00000000 		.4byte	0
 1620 001c 00000000 		.4byte	0
ARM GAS  C:\Users\Manu\AppData\Local\Temp\cciVtgq3.s 			page 34


 1621              		.section	.debug_ranges,"",%progbits
 1622              	.Ldebug_ranges0:
 1623 0000 00000000 		.4byte	.LFB64
 1624 0004 E4010000 		.4byte	.LFE64
 1625 0008 00000000 		.4byte	0
 1626 000c 00000000 		.4byte	0
 1627              		.section	.debug_line,"",%progbits
 1628              	.Ldebug_line0:
 1629 0000 8F020000 		.section	.debug_str,"MS",%progbits,1
 1629      02003002 
 1629      00000201 
 1629      FB0E0D00 
 1629      01010101 
 1630              	.LASF22:
 1631 0000 6D657373 		.ascii	"message\000"
 1631      61676500 
 1632              	.LASF39:
 1633 0008 54696D65 		.ascii	"Timer_ISR_Start\000"
 1633      725F4953 
 1633      525F5374 
 1633      61727400 
 1634              	.LASF4:
 1635 0018 5F5F7569 		.ascii	"__uint8_t\000"
 1635      6E74385F 
 1635      7400
 1636              	.LASF31:
 1637 0022 4932435F 		.ascii	"I2C_Peripheral_IsDeviceConnected\000"
 1637      50657269 
 1637      70686572 
 1637      616C5F49 
 1637      73446576 
 1638              	.LASF5:
 1639 0043 5F5F696E 		.ascii	"__int32_t\000"
 1639      7433325F 
 1639      7400
 1640              	.LASF6:
 1641 004d 6C6F6E67 		.ascii	"long int\000"
 1641      20696E74 
 1641      00
 1642              	.LASF41:
 1643 0056 55415254 		.ascii	"UART_Debug_PutArray\000"
 1643      5F446562 
 1643      75675F50 
 1643      75744172 
 1643      72617900 
 1644              	.LASF19:
 1645 006a 4572726F 		.ascii	"ErrorCode\000"
 1645      72436F64 
 1645      6500
 1646              	.LASF40:
 1647 0074 4953525F 		.ascii	"ISR_IMU_StartEx\000"
 1647      494D555F 
 1647      53746172 
 1647      74457800 
 1648              	.LASF44:
 1649 0084 433A5C55 		.ascii	"C:\\Users\\Manu\\Desktop\\git_ps\\PSoC_03\\AY1920_I"
 1649      73657273 
ARM GAS  C:\Users\Manu\AppData\Local\Temp\cciVtgq3.s 			page 35


 1649      5C4D616E 
 1649      755C4465 
 1649      736B746F 
 1650 00b1 495F4857 		.ascii	"I_HW_05_PROJ_3.cydsn\000"
 1650      5F30355F 
 1650      50524F4A 
 1650      5F332E63 
 1650      7964736E 
 1651              	.LASF14:
 1652 00c6 666C6F61 		.ascii	"float\000"
 1652      7400
 1653              	.LASF1:
 1654 00cc 756E7369 		.ascii	"unsigned char\000"
 1654      676E6564 
 1654      20636861 
 1654      7200
 1655              	.LASF42:
 1656 00da 474E5520 		.ascii	"GNU C11 5.4.1 20160609 (release) [ARM/embedded-5-br"
 1656      43313120 
 1656      352E342E 
 1656      31203230 
 1656      31363036 
 1657 010d 616E6368 		.ascii	"anch revision 237715] -mcpu=cortex-m3 -mthumb -g -O"
 1657      20726576 
 1657      6973696F 
 1657      6E203233 
 1657      37373135 
 1658 0140 67202D66 		.ascii	"g -ffunction-sections -ffat-lto-objects\000"
 1658      66756E63 
 1658      74696F6E 
 1658      2D736563 
 1658      74696F6E 
 1659              	.LASF7:
 1660 0168 6C6F6E67 		.ascii	"long unsigned int\000"
 1660      20756E73 
 1660      69676E65 
 1660      6420696E 
 1660      7400
 1661              	.LASF3:
 1662 017a 73686F72 		.ascii	"short unsigned int\000"
 1662      7420756E 
 1662      7369676E 
 1662      65642069 
 1662      6E7400
 1663              	.LASF38:
 1664 018d 4932435F 		.ascii	"I2C_Peripheral_WriteRegister\000"
 1664      50657269 
 1664      70686572 
 1664      616C5F57 
 1664      72697465 
 1665              	.LASF28:
 1666 01aa 49544D5F 		.ascii	"ITM_RxBuffer\000"
 1666      52784275 
 1666      66666572 
 1666      00
 1667              	.LASF15:
 1668 01b7 646F7562 		.ascii	"double\000"
ARM GAS  C:\Users\Manu\AppData\Local\Temp\cciVtgq3.s 			page 36


 1668      6C6500
 1669              	.LASF33:
 1670 01be 55415254 		.ascii	"UART_Debug_PutString\000"
 1670      5F446562 
 1670      75675F50 
 1670      75745374 
 1670      72696E67 
 1671              	.LASF30:
 1672 01d3 64617461 		.ascii	"dataBuffer\000"
 1672      42756666 
 1672      657200
 1673              	.LASF45:
 1674 01de 6D61696E 		.ascii	"main\000"
 1674      00
 1675              	.LASF26:
 1676 01e3 6374726C 		.ascii	"ctrl_reg1\000"
 1676      5F726567 
 1676      3100
 1677              	.LASF27:
 1678 01ed 6374726C 		.ascii	"ctrl_reg4\000"
 1678      5F726567 
 1678      3400
 1679              	.LASF10:
 1680 01f7 756E7369 		.ascii	"unsigned int\000"
 1680      676E6564 
 1680      20696E74 
 1680      00
 1681              	.LASF9:
 1682 0204 6C6F6E67 		.ascii	"long long unsigned int\000"
 1682      206C6F6E 
 1682      6720756E 
 1682      7369676E 
 1682      65642069 
 1683              	.LASF11:
 1684 021b 75696E74 		.ascii	"uint8_t\000"
 1684      385F7400 
 1685              	.LASF25:
 1686 0223 73746174 		.ascii	"status_register\000"
 1686      75735F72 
 1686      65676973 
 1686      74657200 
 1687              	.LASF12:
 1688 0233 696E7433 		.ascii	"int32_t\000"
 1688      325F7400 
 1689              	.LASF21:
 1690 023b 73697A65 		.ascii	"sizetype\000"
 1690      74797065 
 1690      00
 1691              	.LASF24:
 1692 0244 6572726F 		.ascii	"error\000"
 1692      7200
 1693              	.LASF8:
 1694 024a 6C6F6E67 		.ascii	"long long int\000"
 1694      206C6F6E 
 1694      6720696E 
 1694      7400
 1695              	.LASF35:
ARM GAS  C:\Users\Manu\AppData\Local\Temp\cciVtgq3.s 			page 37


 1696 0258 55415254 		.ascii	"UART_Debug_Start\000"
 1696      5F446562 
 1696      75675F53 
 1696      74617274 
 1696      00
 1697              	.LASF43:
 1698 0269 6D61696E 		.ascii	"main.c\000"
 1698      2E6300
 1699              	.LASF16:
 1700 0270 63686172 		.ascii	"char\000"
 1700      00
 1701              	.LASF37:
 1702 0275 4932435F 		.ascii	"I2C_Peripheral_ReadRegister\000"
 1702      50657269 
 1702      70686572 
 1702      616C5F52 
 1702      65616452 
 1703              	.LASF2:
 1704 0291 73686F72 		.ascii	"short int\000"
 1704      7420696E 
 1704      7400
 1705              	.LASF29:
 1706 029b 5061636B 		.ascii	"PacketReadyFlag\000"
 1706      65745265 
 1706      61647946 
 1706      6C616700 
 1707              	.LASF13:
 1708 02ab 75696E74 		.ascii	"uint8\000"
 1708      3800
 1709              	.LASF17:
 1710 02b1 4E4F5F45 		.ascii	"NO_ERROR\000"
 1710      52524F52 
 1710      00
 1711              	.LASF18:
 1712 02ba 4552524F 		.ascii	"ERROR\000"
 1712      5200
 1713              	.LASF20:
 1714 02c0 6C6F6E67 		.ascii	"long double\000"
 1714      20646F75 
 1714      626C6500 
 1715              	.LASF0:
 1716 02cc 7369676E 		.ascii	"signed char\000"
 1716      65642063 
 1716      68617200 
 1717              	.LASF23:
 1718 02d8 77686F5F 		.ascii	"who_am_i_reg\000"
 1718      616D5F69 
 1718      5F726567 
 1718      00
 1719              	.LASF32:
 1720 02e5 73707269 		.ascii	"sprintf\000"
 1720      6E746600 
 1721              	.LASF36:
 1722 02ed 43794465 		.ascii	"CyDelay\000"
 1722      6C617900 
 1723              	.LASF34:
 1724 02f5 4932435F 		.ascii	"I2C_Peripheral_Start\000"
ARM GAS  C:\Users\Manu\AppData\Local\Temp\cciVtgq3.s 			page 38


 1724      50657269 
 1724      70686572 
 1724      616C5F53 
 1724      74617274 
 1725              		.ident	"GCC: (GNU Tools for ARM Embedded Processors) 5.4.1 20160609 (release) [ARM/embedded-5-bran
