ARM GAS  C:\Users\Manu\AppData\Local\Temp\cch6PzZe.s 			page 1


   1              		.syntax unified
   2              		.cpu cortex-m3
   3              		.fpu softvfp
   4              		.eabi_attribute 20, 1
   5              		.eabi_attribute 21, 1
   6              		.eabi_attribute 23, 3
   7              		.eabi_attribute 24, 1
   8              		.eabi_attribute 25, 1
   9              		.eabi_attribute 26, 1
  10              		.eabi_attribute 30, 1
  11              		.eabi_attribute 34, 1
  12              		.eabi_attribute 18, 4
  13              		.thumb
  14              		.syntax unified
  15              		.file	"InterruptRoutines.c"
  16              		.text
  17              	.Ltext0:
  18              		.cfi_sections	.debug_frame
  19              		.global	__aeabi_i2f
  20              		.section	.text.Custom_ISR_IMU,"ax",%progbits
  21              		.align	2
  22              		.global	Custom_ISR_IMU
  23              		.thumb
  24              		.thumb_func
  25              		.type	Custom_ISR_IMU, %function
  26              	Custom_ISR_IMU:
  27              	.LFB63:
  28              		.file 1 "InterruptRoutines.c"
   1:InterruptRoutines.c **** /* ===========================================================
   2:InterruptRoutines.c ****  *
   3:InterruptRoutines.c ****  * In this file there is the functioning of the
   4:InterruptRoutines.c ****  * ISR for the reading of the 3 values of acceleration @100Hz 
   5:InterruptRoutines.c ****  *
   6:InterruptRoutines.c ****  * ==========================================================
   7:InterruptRoutines.c **** */
   8:InterruptRoutines.c **** #include "InterruptRoutines.h"
   9:InterruptRoutines.c **** #include "DataConversion.h"
  10:InterruptRoutines.c **** 
  11:InterruptRoutines.c **** ErrorCode error; // Store the occurence of an error during the I2C reading
  12:InterruptRoutines.c **** 
  13:InterruptRoutines.c **** uint8_t status_register; // Store the value of the status register
  14:InterruptRoutines.c **** 
  15:InterruptRoutines.c **** uint8_t tmpBuffer[BYTE_TO_SEND]; // Temporary buffer to store the read values from the 6 registers
  16:InterruptRoutines.c **** int16_t tmpAxis; // Temporary value to store the actual axis value
  17:InterruptRoutines.c **** 
  18:InterruptRoutines.c **** uint8_t register_block; // Variable used to cycle over the 3 axis registers[low + high at the same 
  19:InterruptRoutines.c **** 
  20:InterruptRoutines.c **** CY_ISR(Custom_ISR_IMU)
  21:InterruptRoutines.c **** {
  29              		.loc 1 21 0
  30              		.cfi_startproc
  31              		@ args = 0, pretend = 0, frame = 0
  32              		@ frame_needed = 0, uses_anonymous_args = 0
  33 0000 10B5     		push	{r4, lr}
  34              		.cfi_def_cfa_offset 8
  35              		.cfi_offset 4, -8
  36              		.cfi_offset 14, -4
ARM GAS  C:\Users\Manu\AppData\Local\Temp\cch6PzZe.s 			page 2


  37 0002 82B0     		sub	sp, sp, #8
  38              		.cfi_def_cfa_offset 16
  22:InterruptRoutines.c ****     // Read Timer status register to bring interrupt line low
  23:InterruptRoutines.c ****     Timer_ISR_ReadStatusRegister();
  39              		.loc 1 23 0
  40 0004 FFF7FEFF 		bl	Timer_ISR_ReadStatusRegister
  41              	.LVL0:
  24:InterruptRoutines.c ****     
  25:InterruptRoutines.c ****     // Read the status register in order to verify the readyness of the XYZ data
  26:InterruptRoutines.c ****     error = I2C_Peripheral_ReadRegister(LIS3DH_DEVICE_ADDRESS,
  42              		.loc 1 26 0
  43 0008 214A     		ldr	r2, .L6
  44 000a 2721     		movs	r1, #39
  45 000c 1820     		movs	r0, #24
  46 000e FFF7FEFF 		bl	I2C_Peripheral_ReadRegister
  47              	.LVL1:
  48 0012 204B     		ldr	r3, .L6+4
  49 0014 1870     		strb	r0, [r3]
  27:InterruptRoutines.c ****                                         LIS3DH_STATUS_REG,
  28:InterruptRoutines.c ****                                         &status_register);
  29:InterruptRoutines.c ****     
  30:InterruptRoutines.c ****     if (error == NO_ERROR)
  50              		.loc 1 30 0
  51 0016 0028     		cmp	r0, #0
  52 0018 38D1     		bne	.L1
  31:InterruptRoutines.c ****     {
  32:InterruptRoutines.c ****         /*  Bitwise mask to check only if the 'ZYXDA' bit in the register is '1', so if there are n
  33:InterruptRoutines.c ****             |X X X X X X X X| & |0 0 0 0 1 0 0 0|  --> |0 0 0 0 X 0 0 0|   check if 'X' is '1' afte
  34:InterruptRoutines.c ****         */
  35:InterruptRoutines.c ****         if((status_register & STATUS_REG_MASK) == STATUS_REG_MASK)
  53              		.loc 1 35 0
  54 001a 1D4B     		ldr	r3, .L6
  55 001c 1B78     		ldrb	r3, [r3]	@ zero_extendqisi2
  56 001e 13F0080F 		tst	r3, #8
  57 0022 33D0     		beq	.L1
  36:InterruptRoutines.c ****         {  
  37:InterruptRoutines.c ****             // Read in sequence the 6 registers containing the 3-axis values with a multiRead funct
  38:InterruptRoutines.c ****             error = I2C_Peripheral_ReadRegisterMulti(LIS3DH_DEVICE_ADDRESS,
  58              		.loc 1 38 0
  59 0024 1C4B     		ldr	r3, .L6+8
  60 0026 0622     		movs	r2, #6
  61 0028 2821     		movs	r1, #40
  62 002a 1820     		movs	r0, #24
  63 002c FFF7FEFF 		bl	I2C_Peripheral_ReadRegisterMulti
  64              	.LVL2:
  65 0030 184B     		ldr	r3, .L6+4
  66 0032 1870     		strb	r0, [r3]
  39:InterruptRoutines.c ****                                                      LIS3DH_OUT_X_L,
  40:InterruptRoutines.c ****                                                      REGISTER_COUNT,
  41:InterruptRoutines.c ****                                                      tmpBuffer);
  42:InterruptRoutines.c ****             if (error == NO_ERROR)
  67              		.loc 1 42 0
  68 0034 50BB     		cbnz	r0, .L1
  43:InterruptRoutines.c ****             {
  44:InterruptRoutines.c ****                 // Loop through the X, Y, Z register block stored in the tmpBuffer
  45:InterruptRoutines.c ****                 for(register_block = 0; register_block < 3; register_block++)
  69              		.loc 1 45 0
ARM GAS  C:\Users\Manu\AppData\Local\Temp\cch6PzZe.s 			page 3


  70 0036 0022     		movs	r2, #0
  71 0038 184B     		ldr	r3, .L6+12
  72 003a 1A70     		strb	r2, [r3]
  73 003c 1EE0     		b	.L3
  74              	.L4:
  46:InterruptRoutines.c ****                 {
  47:InterruptRoutines.c ****                     // Adjust and scale the data read previously in the registers
  48:InterruptRoutines.c ****                     tmpAxis = RightAdjust(&tmpBuffer[register_block * 2]); // Pass the appropriate 
  75              		.loc 1 48 0 discriminator 3
  76 003e 1648     		ldr	r0, .L6+8
  77 0040 00EB4300 		add	r0, r0, r3, lsl #1
  78 0044 FFF7FEFF 		bl	RightAdjust
  79              	.LVL3:
  80 0048 154C     		ldr	r4, .L6+16
  81 004a 2080     		strh	r0, [r4]	@ movhi
  49:InterruptRoutines.c ****                     tmpAxis = MinMaxScaler(MIN_OLD_SCALE, MAX_OLD_SCALE, MIN_NEW_SCALE, MAX_NEW_SCA
  82              		.loc 1 49 0 discriminator 3
  83 004c FFF7FEFF 		bl	__aeabi_i2f
  84              	.LVL4:
  85 0050 0090     		str	r0, [sp]	@ float
  86 0052 144B     		ldr	r3, .L6+20
  87 0054 144A     		ldr	r2, .L6+24
  88 0056 4FF08841 		mov	r1, #1140850688
  89 005a 4FF04440 		mov	r0, #-1006632960
  90 005e FFF7FEFF 		bl	MinMaxScaler
  91              	.LVL5:
  92 0062 2080     		strh	r0, [r4]	@ movhi
  50:InterruptRoutines.c ****                     
  51:InterruptRoutines.c ****                     // Insert the correct values in the appropriate position [from 1 to 6 of the bu
  52:InterruptRoutines.c ****                     dataBuffer[register_block*2 + 1] = (uint8_t)(tmpAxis & 0xFF);
  93              		.loc 1 52 0 discriminator 3
  94 0064 0D49     		ldr	r1, .L6+12
  95 0066 0B78     		ldrb	r3, [r1]	@ zero_extendqisi2
  96 0068 5A00     		lsls	r2, r3, #1
  97 006a 0132     		adds	r2, r2, #1
  98 006c 0F4C     		ldr	r4, .L6+28
  99 006e A054     		strb	r0, [r4, r2]
  53:InterruptRoutines.c ****                     dataBuffer[register_block*2 + 2] = (uint8_t)(tmpAxis >> 8); 
 100              		.loc 1 53 0 discriminator 3
 101 0070 0133     		adds	r3, r3, #1
 102 0072 C0F30720 		ubfx	r0, r0, #8, #8
 103 0076 04F81300 		strb	r0, [r4, r3, lsl #1]
  45:InterruptRoutines.c ****                 {
 104              		.loc 1 45 0 discriminator 3
 105 007a 0B70     		strb	r3, [r1]
 106              	.L3:
  45:InterruptRoutines.c ****                 {
 107              		.loc 1 45 0 is_stmt 0 discriminator 1
 108 007c 074B     		ldr	r3, .L6+12
 109 007e 1B78     		ldrb	r3, [r3]	@ zero_extendqisi2
 110 0080 022B     		cmp	r3, #2
 111 0082 DCD9     		bls	.L4
  54:InterruptRoutines.c ****                 }
  55:InterruptRoutines.c ****                 
  56:InterruptRoutines.c ****                 // Send the data packet over UART
  57:InterruptRoutines.c ****                 UART_Debug_PutArray(dataBuffer, TRANSMIT_BUFFER_SIZE);
 112              		.loc 1 57 0 is_stmt 1
ARM GAS  C:\Users\Manu\AppData\Local\Temp\cch6PzZe.s 			page 4


 113 0084 0821     		movs	r1, #8
 114 0086 0948     		ldr	r0, .L6+28
 115 0088 FFF7FEFF 		bl	UART_Debug_PutArray
 116              	.LVL6:
 117              	.L1:
  58:InterruptRoutines.c ****             }
  59:InterruptRoutines.c ****         }
  60:InterruptRoutines.c ****     }
  61:InterruptRoutines.c **** }
 118              		.loc 1 61 0
 119 008c 02B0     		add	sp, sp, #8
 120              		.cfi_def_cfa_offset 8
 121              		@ sp needed
 122 008e 10BD     		pop	{r4, pc}
 123              	.L7:
 124              		.align	2
 125              	.L6:
 126 0090 00000000 		.word	status_register
 127 0094 00000000 		.word	error
 128 0098 00000000 		.word	tmpBuffer
 129 009c 00000000 		.word	register_block
 130 00a0 00000000 		.word	tmpAxis
 131 00a4 0000FA44 		.word	1157234688
 132 00a8 0000FAC4 		.word	-990248960
 133 00ac 00000000 		.word	dataBuffer
 134              		.cfi_endproc
 135              	.LFE63:
 136              		.size	Custom_ISR_IMU, .-Custom_ISR_IMU
 137              		.comm	register_block,1,1
 138              		.comm	tmpAxis,2,2
 139              		.comm	tmpBuffer,6,4
 140              		.comm	status_register,1,1
 141              		.comm	error,1,1
 142              		.comm	dataBuffer,8,4
 143              		.text
 144              	.Letext0:
 145              		.file 2 "c:\\program files (x86)\\cypress\\psoc creator\\4.3\\psoc creator\\import\\gnu\\arm\\5.4.
 146              		.file 3 "c:\\program files (x86)\\cypress\\psoc creator\\4.3\\psoc creator\\import\\gnu\\arm\\5.4.
 147              		.file 4 "ErrorCodes.h"
 148              		.file 5 "Generated_Source\\PSoC5/core_cm3.h"
 149              		.file 6 "InterruptRoutines.h"
 150              		.file 7 "Generated_Source\\PSoC5/Timer_ISR.h"
 151              		.file 8 "I2C_Interface.h"
 152              		.file 9 "DataConversion.h"
 153              		.file 10 "Generated_Source\\PSoC5/UART_Debug.h"
 154              		.section	.debug_info,"",%progbits
 155              	.Ldebug_info0:
 156 0000 5C020000 		.4byte	0x25c
 157 0004 0400     		.2byte	0x4
 158 0006 00000000 		.4byte	.Ldebug_abbrev0
 159 000a 04       		.byte	0x4
 160 000b 01       		.uleb128 0x1
 161 000c AA000000 		.4byte	.LASF36
 162 0010 0C       		.byte	0xc
 163 0011 AF020000 		.4byte	.LASF37
 164 0015 54000000 		.4byte	.LASF38
 165 0019 00000000 		.4byte	.Ldebug_ranges0+0
ARM GAS  C:\Users\Manu\AppData\Local\Temp\cch6PzZe.s 			page 5


 166 001d 00000000 		.4byte	0
 167 0021 00000000 		.4byte	.Ldebug_line0
 168 0025 02       		.uleb128 0x2
 169 0026 01       		.byte	0x1
 170 0027 06       		.byte	0x6
 171 0028 A3020000 		.4byte	.LASF0
 172 002c 03       		.uleb128 0x3
 173 002d 00000000 		.4byte	.LASF2
 174 0031 02       		.byte	0x2
 175 0032 1D       		.byte	0x1d
 176 0033 37000000 		.4byte	0x37
 177 0037 02       		.uleb128 0x2
 178 0038 01       		.byte	0x1
 179 0039 08       		.byte	0x8
 180 003a 9C000000 		.4byte	.LASF1
 181 003e 03       		.uleb128 0x3
 182 003f 0A000000 		.4byte	.LASF3
 183 0043 02       		.byte	0x2
 184 0044 29       		.byte	0x29
 185 0045 49000000 		.4byte	0x49
 186 0049 02       		.uleb128 0x2
 187 004a 02       		.byte	0x2
 188 004b 05       		.byte	0x5
 189 004c 76020000 		.4byte	.LASF4
 190 0050 02       		.uleb128 0x2
 191 0051 02       		.byte	0x2
 192 0052 07       		.byte	0x7
 193 0053 78010000 		.4byte	.LASF5
 194 0057 03       		.uleb128 0x3
 195 0058 14000000 		.4byte	.LASF6
 196 005c 02       		.byte	0x2
 197 005d 3F       		.byte	0x3f
 198 005e 62000000 		.4byte	0x62
 199 0062 02       		.uleb128 0x2
 200 0063 04       		.byte	0x4
 201 0064 05       		.byte	0x5
 202 0065 1E000000 		.4byte	.LASF7
 203 0069 02       		.uleb128 0x2
 204 006a 04       		.byte	0x4
 205 006b 07       		.byte	0x7
 206 006c 59010000 		.4byte	.LASF8
 207 0070 02       		.uleb128 0x2
 208 0071 08       		.byte	0x8
 209 0072 05       		.byte	0x5
 210 0073 38020000 		.4byte	.LASF9
 211 0077 02       		.uleb128 0x2
 212 0078 08       		.byte	0x8
 213 0079 07       		.byte	0x7
 214 007a D3010000 		.4byte	.LASF10
 215 007e 04       		.uleb128 0x4
 216 007f 04       		.byte	0x4
 217 0080 05       		.byte	0x5
 218 0081 696E7400 		.ascii	"int\000"
 219 0085 02       		.uleb128 0x2
 220 0086 04       		.byte	0x4
 221 0087 07       		.byte	0x7
 222 0088 C6010000 		.4byte	.LASF11
ARM GAS  C:\Users\Manu\AppData\Local\Temp\cch6PzZe.s 			page 6


 223 008c 03       		.uleb128 0x3
 224 008d EA010000 		.4byte	.LASF12
 225 0091 03       		.byte	0x3
 226 0092 18       		.byte	0x18
 227 0093 2C000000 		.4byte	0x2c
 228 0097 03       		.uleb128 0x3
 229 0098 FC010000 		.4byte	.LASF13
 230 009c 03       		.byte	0x3
 231 009d 20       		.byte	0x20
 232 009e 3E000000 		.4byte	0x3e
 233 00a2 03       		.uleb128 0x3
 234 00a3 21020000 		.4byte	.LASF14
 235 00a7 03       		.byte	0x3
 236 00a8 2C       		.byte	0x2c
 237 00a9 57000000 		.4byte	0x57
 238 00ad 02       		.uleb128 0x2
 239 00ae 04       		.byte	0x4
 240 00af 04       		.byte	0x4
 241 00b0 96000000 		.4byte	.LASF15
 242 00b4 02       		.uleb128 0x2
 243 00b5 08       		.byte	0x8
 244 00b6 04       		.byte	0x4
 245 00b7 A4010000 		.4byte	.LASF16
 246 00bb 02       		.uleb128 0x2
 247 00bc 01       		.byte	0x1
 248 00bd 08       		.byte	0x8
 249 00be 46020000 		.4byte	.LASF17
 250 00c2 05       		.uleb128 0x5
 251 00c3 01       		.byte	0x1
 252 00c4 37000000 		.4byte	0x37
 253 00c8 04       		.byte	0x4
 254 00c9 15       		.byte	0x15
 255 00ca DB000000 		.4byte	0xdb
 256 00ce 06       		.uleb128 0x6
 257 00cf 80020000 		.4byte	.LASF18
 258 00d3 00       		.byte	0
 259 00d4 06       		.uleb128 0x6
 260 00d5 89020000 		.4byte	.LASF19
 261 00d9 01       		.byte	0x1
 262 00da 00       		.byte	0
 263 00db 03       		.uleb128 0x3
 264 00dc 3B000000 		.4byte	.LASF20
 265 00e0 04       		.byte	0x4
 266 00e1 18       		.byte	0x18
 267 00e2 C2000000 		.4byte	0xc2
 268 00e6 02       		.uleb128 0x2
 269 00e7 08       		.byte	0x8
 270 00e8 04       		.byte	0x4
 271 00e9 97020000 		.4byte	.LASF21
 272 00ed 02       		.uleb128 0x2
 273 00ee 04       		.byte	0x4
 274 00ef 07       		.byte	0x7
 275 00f0 29020000 		.4byte	.LASF22
 276 00f4 07       		.uleb128 0x7
 277 00f5 4B020000 		.4byte	.LASF39
 278 00f9 01       		.byte	0x1
 279 00fa 14       		.byte	0x14
ARM GAS  C:\Users\Manu\AppData\Local\Temp\cch6PzZe.s 			page 7


 280 00fb 00000000 		.4byte	.LFB63
 281 00ff B0000000 		.4byte	.LFE63-.LFB63
 282 0103 01       		.uleb128 0x1
 283 0104 9C       		.byte	0x9c
 284 0105 86010000 		.4byte	0x186
 285 0109 08       		.uleb128 0x8
 286 010a 08000000 		.4byte	.LVL0
 287 010e 1D020000 		.4byte	0x21d
 288 0112 09       		.uleb128 0x9
 289 0113 12000000 		.4byte	.LVL1
 290 0117 28020000 		.4byte	0x228
 291 011b 34010000 		.4byte	0x134
 292 011f 0A       		.uleb128 0xa
 293 0120 01       		.uleb128 0x1
 294 0121 50       		.byte	0x50
 295 0122 01       		.uleb128 0x1
 296 0123 48       		.byte	0x48
 297 0124 0A       		.uleb128 0xa
 298 0125 01       		.uleb128 0x1
 299 0126 51       		.byte	0x51
 300 0127 02       		.uleb128 0x2
 301 0128 08       		.byte	0x8
 302 0129 27       		.byte	0x27
 303 012a 0A       		.uleb128 0xa
 304 012b 01       		.uleb128 0x1
 305 012c 52       		.byte	0x52
 306 012d 05       		.uleb128 0x5
 307 012e 03       		.byte	0x3
 308 012f 00000000 		.4byte	status_register
 309 0133 00       		.byte	0
 310 0134 09       		.uleb128 0x9
 311 0135 30000000 		.4byte	.LVL2
 312 0139 33020000 		.4byte	0x233
 313 013d 5B010000 		.4byte	0x15b
 314 0141 0A       		.uleb128 0xa
 315 0142 01       		.uleb128 0x1
 316 0143 50       		.byte	0x50
 317 0144 01       		.uleb128 0x1
 318 0145 48       		.byte	0x48
 319 0146 0A       		.uleb128 0xa
 320 0147 01       		.uleb128 0x1
 321 0148 51       		.byte	0x51
 322 0149 02       		.uleb128 0x2
 323 014a 08       		.byte	0x8
 324 014b 28       		.byte	0x28
 325 014c 0A       		.uleb128 0xa
 326 014d 01       		.uleb128 0x1
 327 014e 52       		.byte	0x52
 328 014f 01       		.uleb128 0x1
 329 0150 36       		.byte	0x36
 330 0151 0A       		.uleb128 0xa
 331 0152 01       		.uleb128 0x1
 332 0153 53       		.byte	0x53
 333 0154 05       		.uleb128 0x5
 334 0155 03       		.byte	0x3
 335 0156 00000000 		.4byte	tmpBuffer
 336 015a 00       		.byte	0
ARM GAS  C:\Users\Manu\AppData\Local\Temp\cch6PzZe.s 			page 8


 337 015b 08       		.uleb128 0x8
 338 015c 48000000 		.4byte	.LVL3
 339 0160 3E020000 		.4byte	0x23e
 340 0164 08       		.uleb128 0x8
 341 0165 62000000 		.4byte	.LVL5
 342 0169 49020000 		.4byte	0x249
 343 016d 0B       		.uleb128 0xb
 344 016e 8C000000 		.4byte	.LVL6
 345 0172 54020000 		.4byte	0x254
 346 0176 0A       		.uleb128 0xa
 347 0177 01       		.uleb128 0x1
 348 0178 50       		.byte	0x50
 349 0179 05       		.uleb128 0x5
 350 017a 03       		.byte	0x3
 351 017b 00000000 		.4byte	dataBuffer
 352 017f 0A       		.uleb128 0xa
 353 0180 01       		.uleb128 0x1
 354 0181 51       		.byte	0x51
 355 0182 01       		.uleb128 0x1
 356 0183 38       		.byte	0x38
 357 0184 00       		.byte	0
 358 0185 00       		.byte	0
 359 0186 0C       		.uleb128 0xc
 360 0187 8B010000 		.4byte	.LASF23
 361 018b 05       		.byte	0x5
 362 018c 1207     		.2byte	0x712
 363 018e 92010000 		.4byte	0x192
 364 0192 0D       		.uleb128 0xd
 365 0193 A2000000 		.4byte	0xa2
 366 0197 0E       		.uleb128 0xe
 367 0198 8C000000 		.4byte	0x8c
 368 019c A7010000 		.4byte	0x1a7
 369 01a0 0F       		.uleb128 0xf
 370 01a1 ED000000 		.4byte	0xed
 371 01a5 07       		.byte	0x7
 372 01a6 00       		.byte	0
 373 01a7 10       		.uleb128 0x10
 374 01a8 BB010000 		.4byte	.LASF24
 375 01ac 06       		.byte	0x6
 376 01ad 15       		.byte	0x15
 377 01ae 97010000 		.4byte	0x197
 378 01b2 05       		.uleb128 0x5
 379 01b3 03       		.byte	0x3
 380 01b4 00000000 		.4byte	dataBuffer
 381 01b8 10       		.uleb128 0x10
 382 01b9 32020000 		.4byte	.LASF25
 383 01bd 01       		.byte	0x1
 384 01be 0B       		.byte	0xb
 385 01bf DB000000 		.4byte	0xdb
 386 01c3 05       		.uleb128 0x5
 387 01c4 03       		.byte	0x3
 388 01c5 00000000 		.4byte	error
 389 01c9 10       		.uleb128 0x10
 390 01ca AB010000 		.4byte	.LASF26
 391 01ce 01       		.byte	0x1
 392 01cf 0D       		.byte	0xd
 393 01d0 8C000000 		.4byte	0x8c
ARM GAS  C:\Users\Manu\AppData\Local\Temp\cch6PzZe.s 			page 9


 394 01d4 05       		.uleb128 0x5
 395 01d5 03       		.byte	0x3
 396 01d6 00000000 		.4byte	status_register
 397 01da 0E       		.uleb128 0xe
 398 01db 8C000000 		.4byte	0x8c
 399 01df EA010000 		.4byte	0x1ea
 400 01e3 0F       		.uleb128 0xf
 401 01e4 ED000000 		.4byte	0xed
 402 01e8 05       		.byte	0x5
 403 01e9 00       		.byte	0
 404 01ea 10       		.uleb128 0x10
 405 01eb F2010000 		.4byte	.LASF27
 406 01ef 01       		.byte	0x1
 407 01f0 0F       		.byte	0xf
 408 01f1 DA010000 		.4byte	0x1da
 409 01f5 05       		.uleb128 0x5
 410 01f6 03       		.byte	0x3
 411 01f7 00000000 		.4byte	tmpBuffer
 412 01fb 10       		.uleb128 0x10
 413 01fc 8F020000 		.4byte	.LASF28
 414 0200 01       		.byte	0x1
 415 0201 10       		.byte	0x10
 416 0202 97000000 		.4byte	0x97
 417 0206 05       		.uleb128 0x5
 418 0207 03       		.byte	0x3
 419 0208 00000000 		.4byte	tmpAxis
 420 020c 10       		.uleb128 0x10
 421 020d 45000000 		.4byte	.LASF29
 422 0211 01       		.byte	0x1
 423 0212 12       		.byte	0x12
 424 0213 8C000000 		.4byte	0x8c
 425 0217 05       		.uleb128 0x5
 426 0218 03       		.byte	0x3
 427 0219 00000000 		.4byte	register_block
 428 021d 11       		.uleb128 0x11
 429 021e 04020000 		.4byte	.LASF30
 430 0222 04020000 		.4byte	.LASF30
 431 0226 07       		.byte	0x7
 432 0227 5E       		.byte	0x5e
 433 0228 11       		.uleb128 0x11
 434 0229 5A020000 		.4byte	.LASF31
 435 022d 5A020000 		.4byte	.LASF31
 436 0231 08       		.byte	0x8
 437 0232 58       		.byte	0x58
 438 0233 11       		.uleb128 0x11
 439 0234 38010000 		.4byte	.LASF32
 440 0238 38010000 		.4byte	.LASF32
 441 023c 08       		.byte	0x8
 442 023d 66       		.byte	0x66
 443 023e 11       		.uleb128 0x11
 444 023f 98010000 		.4byte	.LASF33
 445 0243 98010000 		.4byte	.LASF33
 446 0247 09       		.byte	0x9
 447 0248 19       		.byte	0x19
 448 0249 11       		.uleb128 0x11
 449 024a 6B010000 		.4byte	.LASF34
 450 024e 6B010000 		.4byte	.LASF34
ARM GAS  C:\Users\Manu\AppData\Local\Temp\cch6PzZe.s 			page 10


 451 0252 09       		.byte	0x9
 452 0253 1A       		.byte	0x1a
 453 0254 11       		.uleb128 0x11
 454 0255 27000000 		.4byte	.LASF35
 455 0259 27000000 		.4byte	.LASF35
 456 025d 0A       		.byte	0xa
 457 025e 8C       		.byte	0x8c
 458 025f 00       		.byte	0
 459              		.section	.debug_abbrev,"",%progbits
 460              	.Ldebug_abbrev0:
 461 0000 01       		.uleb128 0x1
 462 0001 11       		.uleb128 0x11
 463 0002 01       		.byte	0x1
 464 0003 25       		.uleb128 0x25
 465 0004 0E       		.uleb128 0xe
 466 0005 13       		.uleb128 0x13
 467 0006 0B       		.uleb128 0xb
 468 0007 03       		.uleb128 0x3
 469 0008 0E       		.uleb128 0xe
 470 0009 1B       		.uleb128 0x1b
 471 000a 0E       		.uleb128 0xe
 472 000b 55       		.uleb128 0x55
 473 000c 17       		.uleb128 0x17
 474 000d 11       		.uleb128 0x11
 475 000e 01       		.uleb128 0x1
 476 000f 10       		.uleb128 0x10
 477 0010 17       		.uleb128 0x17
 478 0011 00       		.byte	0
 479 0012 00       		.byte	0
 480 0013 02       		.uleb128 0x2
 481 0014 24       		.uleb128 0x24
 482 0015 00       		.byte	0
 483 0016 0B       		.uleb128 0xb
 484 0017 0B       		.uleb128 0xb
 485 0018 3E       		.uleb128 0x3e
 486 0019 0B       		.uleb128 0xb
 487 001a 03       		.uleb128 0x3
 488 001b 0E       		.uleb128 0xe
 489 001c 00       		.byte	0
 490 001d 00       		.byte	0
 491 001e 03       		.uleb128 0x3
 492 001f 16       		.uleb128 0x16
 493 0020 00       		.byte	0
 494 0021 03       		.uleb128 0x3
 495 0022 0E       		.uleb128 0xe
 496 0023 3A       		.uleb128 0x3a
 497 0024 0B       		.uleb128 0xb
 498 0025 3B       		.uleb128 0x3b
 499 0026 0B       		.uleb128 0xb
 500 0027 49       		.uleb128 0x49
 501 0028 13       		.uleb128 0x13
 502 0029 00       		.byte	0
 503 002a 00       		.byte	0
 504 002b 04       		.uleb128 0x4
 505 002c 24       		.uleb128 0x24
 506 002d 00       		.byte	0
 507 002e 0B       		.uleb128 0xb
ARM GAS  C:\Users\Manu\AppData\Local\Temp\cch6PzZe.s 			page 11


 508 002f 0B       		.uleb128 0xb
 509 0030 3E       		.uleb128 0x3e
 510 0031 0B       		.uleb128 0xb
 511 0032 03       		.uleb128 0x3
 512 0033 08       		.uleb128 0x8
 513 0034 00       		.byte	0
 514 0035 00       		.byte	0
 515 0036 05       		.uleb128 0x5
 516 0037 04       		.uleb128 0x4
 517 0038 01       		.byte	0x1
 518 0039 0B       		.uleb128 0xb
 519 003a 0B       		.uleb128 0xb
 520 003b 49       		.uleb128 0x49
 521 003c 13       		.uleb128 0x13
 522 003d 3A       		.uleb128 0x3a
 523 003e 0B       		.uleb128 0xb
 524 003f 3B       		.uleb128 0x3b
 525 0040 0B       		.uleb128 0xb
 526 0041 01       		.uleb128 0x1
 527 0042 13       		.uleb128 0x13
 528 0043 00       		.byte	0
 529 0044 00       		.byte	0
 530 0045 06       		.uleb128 0x6
 531 0046 28       		.uleb128 0x28
 532 0047 00       		.byte	0
 533 0048 03       		.uleb128 0x3
 534 0049 0E       		.uleb128 0xe
 535 004a 1C       		.uleb128 0x1c
 536 004b 0B       		.uleb128 0xb
 537 004c 00       		.byte	0
 538 004d 00       		.byte	0
 539 004e 07       		.uleb128 0x7
 540 004f 2E       		.uleb128 0x2e
 541 0050 01       		.byte	0x1
 542 0051 3F       		.uleb128 0x3f
 543 0052 19       		.uleb128 0x19
 544 0053 03       		.uleb128 0x3
 545 0054 0E       		.uleb128 0xe
 546 0055 3A       		.uleb128 0x3a
 547 0056 0B       		.uleb128 0xb
 548 0057 3B       		.uleb128 0x3b
 549 0058 0B       		.uleb128 0xb
 550 0059 27       		.uleb128 0x27
 551 005a 19       		.uleb128 0x19
 552 005b 11       		.uleb128 0x11
 553 005c 01       		.uleb128 0x1
 554 005d 12       		.uleb128 0x12
 555 005e 06       		.uleb128 0x6
 556 005f 40       		.uleb128 0x40
 557 0060 18       		.uleb128 0x18
 558 0061 9642     		.uleb128 0x2116
 559 0063 19       		.uleb128 0x19
 560 0064 01       		.uleb128 0x1
 561 0065 13       		.uleb128 0x13
 562 0066 00       		.byte	0
 563 0067 00       		.byte	0
 564 0068 08       		.uleb128 0x8
ARM GAS  C:\Users\Manu\AppData\Local\Temp\cch6PzZe.s 			page 12


 565 0069 898201   		.uleb128 0x4109
 566 006c 00       		.byte	0
 567 006d 11       		.uleb128 0x11
 568 006e 01       		.uleb128 0x1
 569 006f 31       		.uleb128 0x31
 570 0070 13       		.uleb128 0x13
 571 0071 00       		.byte	0
 572 0072 00       		.byte	0
 573 0073 09       		.uleb128 0x9
 574 0074 898201   		.uleb128 0x4109
 575 0077 01       		.byte	0x1
 576 0078 11       		.uleb128 0x11
 577 0079 01       		.uleb128 0x1
 578 007a 31       		.uleb128 0x31
 579 007b 13       		.uleb128 0x13
 580 007c 01       		.uleb128 0x1
 581 007d 13       		.uleb128 0x13
 582 007e 00       		.byte	0
 583 007f 00       		.byte	0
 584 0080 0A       		.uleb128 0xa
 585 0081 8A8201   		.uleb128 0x410a
 586 0084 00       		.byte	0
 587 0085 02       		.uleb128 0x2
 588 0086 18       		.uleb128 0x18
 589 0087 9142     		.uleb128 0x2111
 590 0089 18       		.uleb128 0x18
 591 008a 00       		.byte	0
 592 008b 00       		.byte	0
 593 008c 0B       		.uleb128 0xb
 594 008d 898201   		.uleb128 0x4109
 595 0090 01       		.byte	0x1
 596 0091 11       		.uleb128 0x11
 597 0092 01       		.uleb128 0x1
 598 0093 31       		.uleb128 0x31
 599 0094 13       		.uleb128 0x13
 600 0095 00       		.byte	0
 601 0096 00       		.byte	0
 602 0097 0C       		.uleb128 0xc
 603 0098 34       		.uleb128 0x34
 604 0099 00       		.byte	0
 605 009a 03       		.uleb128 0x3
 606 009b 0E       		.uleb128 0xe
 607 009c 3A       		.uleb128 0x3a
 608 009d 0B       		.uleb128 0xb
 609 009e 3B       		.uleb128 0x3b
 610 009f 05       		.uleb128 0x5
 611 00a0 49       		.uleb128 0x49
 612 00a1 13       		.uleb128 0x13
 613 00a2 3F       		.uleb128 0x3f
 614 00a3 19       		.uleb128 0x19
 615 00a4 3C       		.uleb128 0x3c
 616 00a5 19       		.uleb128 0x19
 617 00a6 00       		.byte	0
 618 00a7 00       		.byte	0
 619 00a8 0D       		.uleb128 0xd
 620 00a9 35       		.uleb128 0x35
 621 00aa 00       		.byte	0
ARM GAS  C:\Users\Manu\AppData\Local\Temp\cch6PzZe.s 			page 13


 622 00ab 49       		.uleb128 0x49
 623 00ac 13       		.uleb128 0x13
 624 00ad 00       		.byte	0
 625 00ae 00       		.byte	0
 626 00af 0E       		.uleb128 0xe
 627 00b0 01       		.uleb128 0x1
 628 00b1 01       		.byte	0x1
 629 00b2 49       		.uleb128 0x49
 630 00b3 13       		.uleb128 0x13
 631 00b4 01       		.uleb128 0x1
 632 00b5 13       		.uleb128 0x13
 633 00b6 00       		.byte	0
 634 00b7 00       		.byte	0
 635 00b8 0F       		.uleb128 0xf
 636 00b9 21       		.uleb128 0x21
 637 00ba 00       		.byte	0
 638 00bb 49       		.uleb128 0x49
 639 00bc 13       		.uleb128 0x13
 640 00bd 2F       		.uleb128 0x2f
 641 00be 0B       		.uleb128 0xb
 642 00bf 00       		.byte	0
 643 00c0 00       		.byte	0
 644 00c1 10       		.uleb128 0x10
 645 00c2 34       		.uleb128 0x34
 646 00c3 00       		.byte	0
 647 00c4 03       		.uleb128 0x3
 648 00c5 0E       		.uleb128 0xe
 649 00c6 3A       		.uleb128 0x3a
 650 00c7 0B       		.uleb128 0xb
 651 00c8 3B       		.uleb128 0x3b
 652 00c9 0B       		.uleb128 0xb
 653 00ca 49       		.uleb128 0x49
 654 00cb 13       		.uleb128 0x13
 655 00cc 3F       		.uleb128 0x3f
 656 00cd 19       		.uleb128 0x19
 657 00ce 02       		.uleb128 0x2
 658 00cf 18       		.uleb128 0x18
 659 00d0 00       		.byte	0
 660 00d1 00       		.byte	0
 661 00d2 11       		.uleb128 0x11
 662 00d3 2E       		.uleb128 0x2e
 663 00d4 00       		.byte	0
 664 00d5 3F       		.uleb128 0x3f
 665 00d6 19       		.uleb128 0x19
 666 00d7 3C       		.uleb128 0x3c
 667 00d8 19       		.uleb128 0x19
 668 00d9 6E       		.uleb128 0x6e
 669 00da 0E       		.uleb128 0xe
 670 00db 03       		.uleb128 0x3
 671 00dc 0E       		.uleb128 0xe
 672 00dd 3A       		.uleb128 0x3a
 673 00de 0B       		.uleb128 0xb
 674 00df 3B       		.uleb128 0x3b
 675 00e0 0B       		.uleb128 0xb
 676 00e1 00       		.byte	0
 677 00e2 00       		.byte	0
 678 00e3 00       		.byte	0
ARM GAS  C:\Users\Manu\AppData\Local\Temp\cch6PzZe.s 			page 14


 679              		.section	.debug_aranges,"",%progbits
 680 0000 1C000000 		.4byte	0x1c
 681 0004 0200     		.2byte	0x2
 682 0006 00000000 		.4byte	.Ldebug_info0
 683 000a 04       		.byte	0x4
 684 000b 00       		.byte	0
 685 000c 0000     		.2byte	0
 686 000e 0000     		.2byte	0
 687 0010 00000000 		.4byte	.LFB63
 688 0014 B0000000 		.4byte	.LFE63-.LFB63
 689 0018 00000000 		.4byte	0
 690 001c 00000000 		.4byte	0
 691              		.section	.debug_ranges,"",%progbits
 692              	.Ldebug_ranges0:
 693 0000 00000000 		.4byte	.LFB63
 694 0004 B0000000 		.4byte	.LFE63
 695 0008 00000000 		.4byte	0
 696 000c 00000000 		.4byte	0
 697              		.section	.debug_line,"",%progbits
 698              	.Ldebug_line0:
 699 0000 FB010000 		.section	.debug_str,"MS",%progbits,1
 699      0200B901 
 699      00000201 
 699      FB0E0D00 
 699      01010101 
 700              	.LASF2:
 701 0000 5F5F7569 		.ascii	"__uint8_t\000"
 701      6E74385F 
 701      7400
 702              	.LASF3:
 703 000a 5F5F696E 		.ascii	"__int16_t\000"
 703      7431365F 
 703      7400
 704              	.LASF6:
 705 0014 5F5F696E 		.ascii	"__int32_t\000"
 705      7433325F 
 705      7400
 706              	.LASF7:
 707 001e 6C6F6E67 		.ascii	"long int\000"
 707      20696E74 
 707      00
 708              	.LASF35:
 709 0027 55415254 		.ascii	"UART_Debug_PutArray\000"
 709      5F446562 
 709      75675F50 
 709      75744172 
 709      72617900 
 710              	.LASF20:
 711 003b 4572726F 		.ascii	"ErrorCode\000"
 711      72436F64 
 711      6500
 712              	.LASF29:
 713 0045 72656769 		.ascii	"register_block\000"
 713      73746572 
 713      5F626C6F 
 713      636B00
 714              	.LASF38:
ARM GAS  C:\Users\Manu\AppData\Local\Temp\cch6PzZe.s 			page 15


 715 0054 433A5C55 		.ascii	"C:\\Users\\Manu\\Desktop\\git_ps\\PSoC_03\\AY1920_I"
 715      73657273 
 715      5C4D616E 
 715      755C4465 
 715      736B746F 
 716 0081 495F4857 		.ascii	"I_HW_05_PROJ_2.cydsn\000"
 716      5F30355F 
 716      50524F4A 
 716      5F322E63 
 716      7964736E 
 717              	.LASF15:
 718 0096 666C6F61 		.ascii	"float\000"
 718      7400
 719              	.LASF1:
 720 009c 756E7369 		.ascii	"unsigned char\000"
 720      676E6564 
 720      20636861 
 720      7200
 721              	.LASF36:
 722 00aa 474E5520 		.ascii	"GNU C11 5.4.1 20160609 (release) [ARM/embedded-5-br"
 722      43313120 
 722      352E342E 
 722      31203230 
 722      31363036 
 723 00dd 616E6368 		.ascii	"anch revision 237715] -mcpu=cortex-m3 -mthumb -g -O"
 723      20726576 
 723      6973696F 
 723      6E203233 
 723      37373135 
 724 0110 67202D66 		.ascii	"g -ffunction-sections -ffat-lto-objects\000"
 724      66756E63 
 724      74696F6E 
 724      2D736563 
 724      74696F6E 
 725              	.LASF32:
 726 0138 4932435F 		.ascii	"I2C_Peripheral_ReadRegisterMulti\000"
 726      50657269 
 726      70686572 
 726      616C5F52 
 726      65616452 
 727              	.LASF8:
 728 0159 6C6F6E67 		.ascii	"long unsigned int\000"
 728      20756E73 
 728      69676E65 
 728      6420696E 
 728      7400
 729              	.LASF34:
 730 016b 4D696E4D 		.ascii	"MinMaxScaler\000"
 730      61785363 
 730      616C6572 
 730      00
 731              	.LASF5:
 732 0178 73686F72 		.ascii	"short unsigned int\000"
 732      7420756E 
 732      7369676E 
 732      65642069 
 732      6E7400
ARM GAS  C:\Users\Manu\AppData\Local\Temp\cch6PzZe.s 			page 16


 733              	.LASF23:
 734 018b 49544D5F 		.ascii	"ITM_RxBuffer\000"
 734      52784275 
 734      66666572 
 734      00
 735              	.LASF33:
 736 0198 52696768 		.ascii	"RightAdjust\000"
 736      7441646A 
 736      75737400 
 737              	.LASF16:
 738 01a4 646F7562 		.ascii	"double\000"
 738      6C6500
 739              	.LASF26:
 740 01ab 73746174 		.ascii	"status_register\000"
 740      75735F72 
 740      65676973 
 740      74657200 
 741              	.LASF24:
 742 01bb 64617461 		.ascii	"dataBuffer\000"
 742      42756666 
 742      657200
 743              	.LASF11:
 744 01c6 756E7369 		.ascii	"unsigned int\000"
 744      676E6564 
 744      20696E74 
 744      00
 745              	.LASF10:
 746 01d3 6C6F6E67 		.ascii	"long long unsigned int\000"
 746      206C6F6E 
 746      6720756E 
 746      7369676E 
 746      65642069 
 747              	.LASF12:
 748 01ea 75696E74 		.ascii	"uint8_t\000"
 748      385F7400 
 749              	.LASF27:
 750 01f2 746D7042 		.ascii	"tmpBuffer\000"
 750      75666665 
 750      7200
 751              	.LASF13:
 752 01fc 696E7431 		.ascii	"int16_t\000"
 752      365F7400 
 753              	.LASF30:
 754 0204 54696D65 		.ascii	"Timer_ISR_ReadStatusRegister\000"
 754      725F4953 
 754      525F5265 
 754      61645374 
 754      61747573 
 755              	.LASF14:
 756 0221 696E7433 		.ascii	"int32_t\000"
 756      325F7400 
 757              	.LASF22:
 758 0229 73697A65 		.ascii	"sizetype\000"
 758      74797065 
 758      00
 759              	.LASF25:
 760 0232 6572726F 		.ascii	"error\000"
ARM GAS  C:\Users\Manu\AppData\Local\Temp\cch6PzZe.s 			page 17


 760      7200
 761              	.LASF9:
 762 0238 6C6F6E67 		.ascii	"long long int\000"
 762      206C6F6E 
 762      6720696E 
 762      7400
 763              	.LASF17:
 764 0246 63686172 		.ascii	"char\000"
 764      00
 765              	.LASF39:
 766 024b 43757374 		.ascii	"Custom_ISR_IMU\000"
 766      6F6D5F49 
 766      53525F49 
 766      4D5500
 767              	.LASF31:
 768 025a 4932435F 		.ascii	"I2C_Peripheral_ReadRegister\000"
 768      50657269 
 768      70686572 
 768      616C5F52 
 768      65616452 
 769              	.LASF4:
 770 0276 73686F72 		.ascii	"short int\000"
 770      7420696E 
 770      7400
 771              	.LASF18:
 772 0280 4E4F5F45 		.ascii	"NO_ERROR\000"
 772      52524F52 
 772      00
 773              	.LASF19:
 774 0289 4552524F 		.ascii	"ERROR\000"
 774      5200
 775              	.LASF28:
 776 028f 746D7041 		.ascii	"tmpAxis\000"
 776      78697300 
 777              	.LASF21:
 778 0297 6C6F6E67 		.ascii	"long double\000"
 778      20646F75 
 778      626C6500 
 779              	.LASF0:
 780 02a3 7369676E 		.ascii	"signed char\000"
 780      65642063 
 780      68617200 
 781              	.LASF37:
 782 02af 496E7465 		.ascii	"InterruptRoutines.c\000"
 782      72727570 
 782      74526F75 
 782      74696E65 
 782      732E6300 
 783              		.ident	"GCC: (GNU Tools for ARM Embedded Processors) 5.4.1 20160609 (release) [ARM/embedded-5-bran
