ARM GAS  C:\Users\Manu\AppData\Local\Temp\ccgc6XsG.s 			page 1


   1              		.syntax unified
   2              		.cpu cortex-m3
   3              		.fpu softvfp
   4              		.eabi_attribute 20, 1
   5              		.eabi_attribute 21, 1
   6              		.eabi_attribute 23, 3
   7              		.eabi_attribute 24, 1
   8              		.eabi_attribute 25, 1
   9              		.eabi_attribute 26, 1
  10              		.eabi_attribute 30, 1
  11              		.eabi_attribute 34, 1
  12              		.eabi_attribute 18, 4
  13              		.thumb
  14              		.syntax unified
  15              		.file	"main.c"
  16              		.text
  17              	.Ltext0:
  18              		.cfi_sections	.debug_frame
  19              		.section	.text.main,"ax",%progbits
  20              		.align	2
  21              		.global	main
  22              		.thumb
  23              		.thumb_func
  24              		.type	main, %function
  25              	main:
  26              	.LFB64:
  27              		.file 1 "main.c"
   1:main.c        **** /**
   2:main.c        **** * Main source file for the I2C-Master project.
   3:main.c        **** *
   4:main.c        **** * In this main code file there is the set up of a I2C master device
   5:main.c        **** * and the communication with the I2C Slave device (LIS3DH Accelerometer).
   6:main.c        **** *
   7:main.c        **** */
   8:main.c        **** 
   9:main.c        **** // Include required header files
  10:main.c        **** #include "InterruptRoutines.h"
  11:main.c        **** #include "stdio.h"
  12:main.c        **** 
  13:main.c        **** 
  14:main.c        **** int main(void)
  15:main.c        **** {
  28              		.loc 1 15 0
  29              		.cfi_startproc
  30              		@ args = 0, pretend = 0, frame = 56
  31              		@ frame_needed = 0, uses_anonymous_args = 0
  32 0000 10B5     		push	{r4, lr}
  33              		.cfi_def_cfa_offset 8
  34              		.cfi_offset 4, -8
  35              		.cfi_offset 14, -4
  36 0002 8EB0     		sub	sp, sp, #56
  37              		.cfi_def_cfa_offset 64
  16:main.c        ****     CyGlobalIntEnable; /* Enable global interrupts. */
  38              		.loc 1 16 0
  39              		.syntax unified
  40              	@ 16 "main.c" 1
  41 0004 62B6     		CPSIE   i
ARM GAS  C:\Users\Manu\AppData\Local\Temp\ccgc6XsG.s 			page 2


  42              	@ 0 "" 2
  17:main.c        **** 
  18:main.c        ****     I2C_Peripheral_Start();
  43              		.loc 1 18 0
  44              		.thumb
  45              		.syntax unified
  46 0006 FFF7FEFF 		bl	I2C_Peripheral_Start
  47              	.LVL0:
  19:main.c        ****     UART_Debug_Start();
  48              		.loc 1 19 0
  49 000a FFF7FEFF 		bl	UART_Debug_Start
  50              	.LVL1:
  20:main.c        ****     
  21:main.c        ****     
  22:main.c        ****     CyDelay(5); //"The boot procedure is complete about 5 milliseconds after device power-up."
  51              		.loc 1 22 0
  52 000e 0520     		movs	r0, #5
  53 0010 FFF7FEFF 		bl	CyDelay
  54              	.LVL2:
  55              	.LBB2:
  23:main.c        ****     
  24:main.c        ****     // String to print out messages on the UART
  25:main.c        ****     char message[50];
  26:main.c        **** 
  27:main.c        ****     // Check which devices are present on the I2C bus
  28:main.c        ****     for (int i = 0 ; i < 128; i++)
  56              		.loc 1 28 0
  57 0014 0024     		movs	r4, #0
  58 0016 0CE0     		b	.L2
  59              	.LVL3:
  60              	.L4:
  29:main.c        ****     {
  30:main.c        ****         if (I2C_Peripheral_IsDeviceConnected(i))
  61              		.loc 1 30 0
  62 0018 E0B2     		uxtb	r0, r4
  63 001a FFF7FEFF 		bl	I2C_Peripheral_IsDeviceConnected
  64              	.LVL4:
  65 001e 38B1     		cbz	r0, .L3
  31:main.c        ****         {
  32:main.c        ****             // print out the address is hex format
  33:main.c        ****             sprintf(message, "Device 0x%02X is connected\r\n", i);
  66              		.loc 1 33 0
  67 0020 2246     		mov	r2, r4
  68 0022 5D49     		ldr	r1, .L22
  69 0024 01A8     		add	r0, sp, #4
  70 0026 FFF7FEFF 		bl	sprintf
  71              	.LVL5:
  34:main.c        ****             UART_Debug_PutString(message); 
  72              		.loc 1 34 0
  73 002a 01A8     		add	r0, sp, #4
  74 002c FFF7FEFF 		bl	UART_Debug_PutString
  75              	.LVL6:
  76              	.L3:
  28:main.c        ****     {
  77              		.loc 1 28 0 discriminator 2
  78 0030 0134     		adds	r4, r4, #1
  79              	.LVL7:
ARM GAS  C:\Users\Manu\AppData\Local\Temp\ccgc6XsG.s 			page 3


  80              	.L2:
  28:main.c        ****     {
  81              		.loc 1 28 0 is_stmt 0 discriminator 1
  82 0032 7F2C     		cmp	r4, #127
  83 0034 F0DD     		ble	.L4
  84              	.LBE2:
  35:main.c        ****         }
  36:main.c        ****         
  37:main.c        ****     }
  38:main.c        ****     
  39:main.c        ****     /******************************************/
  40:main.c        ****     /*            I2C Reading                 */
  41:main.c        ****     /******************************************/
  42:main.c        ****     
  43:main.c        ****     /* Read WHO AM I REGISTER register */
  44:main.c        ****     uint8_t who_am_i_reg;
  45:main.c        ****     ErrorCode error = I2C_Peripheral_ReadRegister(LIS3DH_DEVICE_ADDRESS,
  85              		.loc 1 45 0 is_stmt 1
  86 0036 0DF10302 		add	r2, sp, #3
  87 003a 0F21     		movs	r1, #15
  88 003c 1820     		movs	r0, #24
  89 003e FFF7FEFF 		bl	I2C_Peripheral_ReadRegister
  90              	.LVL8:
  46:main.c        ****                                                   LIS3DH_WHO_AM_I_REG_ADDR, 
  47:main.c        ****                                                   &who_am_i_reg);
  48:main.c        ****     if (error == NO_ERROR)
  91              		.loc 1 48 0
  92 0042 48B9     		cbnz	r0, .L5
  49:main.c        ****     {
  50:main.c        ****         sprintf(message, "WHO AM I REG: 0x%02X [Expected: 0x33]\r\n", who_am_i_reg);
  93              		.loc 1 50 0
  94 0044 9DF80320 		ldrb	r2, [sp, #3]	@ zero_extendqisi2
  95 0048 5449     		ldr	r1, .L22+4
  96 004a 01A8     		add	r0, sp, #4
  97              	.LVL9:
  98 004c FFF7FEFF 		bl	sprintf
  99              	.LVL10:
  51:main.c        ****         UART_Debug_PutString(message); 
 100              		.loc 1 51 0
 101 0050 01A8     		add	r0, sp, #4
 102 0052 FFF7FEFF 		bl	UART_Debug_PutString
 103              	.LVL11:
 104 0056 02E0     		b	.L6
 105              	.LVL12:
 106              	.L5:
  52:main.c        ****     }
  53:main.c        ****     else
  54:main.c        ****     {
  55:main.c        ****         UART_Debug_PutString("Error occurred during I2C comm\r\n");   
 107              		.loc 1 55 0
 108 0058 5148     		ldr	r0, .L22+8
 109              	.LVL13:
 110 005a FFF7FEFF 		bl	UART_Debug_PutString
 111              	.LVL14:
 112              	.L6:
  56:main.c        ****     }
  57:main.c        ****     
ARM GAS  C:\Users\Manu\AppData\Local\Temp\ccgc6XsG.s 			page 4


  58:main.c        ****     /******************************************/
  59:main.c        ****     /*      I2C Reading Status Register       */
  60:main.c        ****     /******************************************/
  61:main.c        ****     
  62:main.c        ****     uint8_t status_register; 
  63:main.c        ****     error = I2C_Peripheral_ReadRegister(LIS3DH_DEVICE_ADDRESS,
 113              		.loc 1 63 0
 114 005e 0DF10202 		add	r2, sp, #2
 115 0062 2721     		movs	r1, #39
 116 0064 1820     		movs	r0, #24
 117 0066 FFF7FEFF 		bl	I2C_Peripheral_ReadRegister
 118              	.LVL15:
  64:main.c        ****                                         LIS3DH_STATUS_REG,
  65:main.c        ****                                         &status_register);
  66:main.c        ****     
  67:main.c        ****     if (error == NO_ERROR)
 119              		.loc 1 67 0
 120 006a 48B9     		cbnz	r0, .L7
  68:main.c        ****     {
  69:main.c        ****         sprintf(message, "STATUS REGISTER: 0x%02X\r\n", status_register);
 121              		.loc 1 69 0
 122 006c 9DF80220 		ldrb	r2, [sp, #2]	@ zero_extendqisi2
 123 0070 4C49     		ldr	r1, .L22+12
 124 0072 01A8     		add	r0, sp, #4
 125              	.LVL16:
 126 0074 FFF7FEFF 		bl	sprintf
 127              	.LVL17:
  70:main.c        ****         UART_Debug_PutString(message); 
 128              		.loc 1 70 0
 129 0078 01A8     		add	r0, sp, #4
 130 007a FFF7FEFF 		bl	UART_Debug_PutString
 131              	.LVL18:
 132 007e 02E0     		b	.L8
 133              	.LVL19:
 134              	.L7:
  71:main.c        ****     }
  72:main.c        ****     else
  73:main.c        ****     {
  74:main.c        ****         UART_Debug_PutString("Error occurred during I2C comm to read status register\r\n");   
 135              		.loc 1 74 0
 136 0080 4948     		ldr	r0, .L22+16
 137              	.LVL20:
 138 0082 FFF7FEFF 		bl	UART_Debug_PutString
 139              	.LVL21:
 140              	.L8:
  75:main.c        ****     }
  76:main.c        ****     
  77:main.c        ****     /******************************************/
  78:main.c        ****     /*        Read Control Register 1         */
  79:main.c        ****     /******************************************/
  80:main.c        ****     uint8_t ctrl_reg1; 
  81:main.c        ****     error = I2C_Peripheral_ReadRegister(LIS3DH_DEVICE_ADDRESS,
 141              		.loc 1 81 0
 142 0086 0DF10102 		add	r2, sp, #1
 143 008a 2021     		movs	r1, #32
 144 008c 1820     		movs	r0, #24
 145 008e FFF7FEFF 		bl	I2C_Peripheral_ReadRegister
ARM GAS  C:\Users\Manu\AppData\Local\Temp\ccgc6XsG.s 			page 5


 146              	.LVL22:
  82:main.c        ****                                         LIS3DH_CTRL_REG1,
  83:main.c        ****                                         &ctrl_reg1);
  84:main.c        ****     
  85:main.c        ****     if (error == NO_ERROR)
 147              		.loc 1 85 0
 148 0092 48B9     		cbnz	r0, .L9
  86:main.c        ****     {
  87:main.c        ****         sprintf(message, "CONTROL REGISTER 1: 0x%02X\r\n", ctrl_reg1);
 149              		.loc 1 87 0
 150 0094 9DF80120 		ldrb	r2, [sp, #1]	@ zero_extendqisi2
 151 0098 4449     		ldr	r1, .L22+20
 152 009a 01A8     		add	r0, sp, #4
 153              	.LVL23:
 154 009c FFF7FEFF 		bl	sprintf
 155              	.LVL24:
  88:main.c        ****         UART_Debug_PutString(message); 
 156              		.loc 1 88 0
 157 00a0 01A8     		add	r0, sp, #4
 158 00a2 FFF7FEFF 		bl	UART_Debug_PutString
 159              	.LVL25:
 160 00a6 02E0     		b	.L10
 161              	.LVL26:
 162              	.L9:
  89:main.c        ****     }
  90:main.c        ****     else
  91:main.c        ****     {
  92:main.c        ****         UART_Debug_PutString("Error occurred during I2C comm to read control register 1\r\n");   
 163              		.loc 1 92 0
 164 00a8 4148     		ldr	r0, .L22+24
 165              	.LVL27:
 166 00aa FFF7FEFF 		bl	UART_Debug_PutString
 167              	.LVL28:
 168              	.L10:
  93:main.c        ****     }
  94:main.c        ****     
  95:main.c        ****     /******************************************/
  96:main.c        ****     /*            I2C Writing                 */
  97:main.c        ****     /******************************************/
  98:main.c        ****     
  99:main.c        ****         
 100:main.c        ****     UART_Debug_PutString("\r\nWriting new values..\r\n");
 169              		.loc 1 100 0
 170 00ae 4148     		ldr	r0, .L22+28
 171 00b0 FFF7FEFF 		bl	UART_Debug_PutString
 172              	.LVL29:
 101:main.c        ****     
 102:main.c        ****     if (ctrl_reg1 != LIS3DH_NORMAL_MODE_CTRL_REG1)
 173              		.loc 1 102 0
 174 00b4 9DF80130 		ldrb	r3, [sp, #1]	@ zero_extendqisi2
 175 00b8 572B     		cmp	r3, #87
 176 00ba 14D0     		beq	.L11
 103:main.c        ****     {
 104:main.c        ****         ctrl_reg1 = LIS3DH_NORMAL_MODE_CTRL_REG1;
 177              		.loc 1 104 0
 178 00bc 5722     		movs	r2, #87
 179 00be 8DF80120 		strb	r2, [sp, #1]
ARM GAS  C:\Users\Manu\AppData\Local\Temp\ccgc6XsG.s 			page 6


 105:main.c        ****     
 106:main.c        ****         error = I2C_Peripheral_WriteRegister(LIS3DH_DEVICE_ADDRESS,
 180              		.loc 1 106 0
 181 00c2 2021     		movs	r1, #32
 182 00c4 1820     		movs	r0, #24
 183 00c6 FFF7FEFF 		bl	I2C_Peripheral_WriteRegister
 184              	.LVL30:
 107:main.c        ****                                              LIS3DH_CTRL_REG1,
 108:main.c        ****                                              ctrl_reg1);
 109:main.c        ****     
 110:main.c        ****         if (error == NO_ERROR)
 185              		.loc 1 110 0
 186 00ca 48B9     		cbnz	r0, .L12
 111:main.c        ****         {
 112:main.c        ****             sprintf(message, "CONTROL REGISTER 1 successfully written as: 0x%02X\r\n", ctrl_reg1);
 187              		.loc 1 112 0
 188 00cc 9DF80120 		ldrb	r2, [sp, #1]	@ zero_extendqisi2
 189 00d0 3949     		ldr	r1, .L22+32
 190 00d2 01A8     		add	r0, sp, #4
 191              	.LVL31:
 192 00d4 FFF7FEFF 		bl	sprintf
 193              	.LVL32:
 113:main.c        ****             UART_Debug_PutString(message); 
 194              		.loc 1 113 0
 195 00d8 01A8     		add	r0, sp, #4
 196 00da FFF7FEFF 		bl	UART_Debug_PutString
 197              	.LVL33:
 198 00de 02E0     		b	.L11
 199              	.LVL34:
 200              	.L12:
 114:main.c        ****         }
 115:main.c        ****         else
 116:main.c        ****         {
 117:main.c        ****             UART_Debug_PutString("Error occurred during I2C comm to set control register 1\r\n");  
 201              		.loc 1 117 0
 202 00e0 3648     		ldr	r0, .L22+36
 203              	.LVL35:
 204 00e2 FFF7FEFF 		bl	UART_Debug_PutString
 205              	.LVL36:
 206              	.L11:
 118:main.c        ****         }
 119:main.c        ****     }
 120:main.c        ****     
 121:main.c        ****     /******************************************/
 122:main.c        ****     /*     Read Control Register 1 again      */
 123:main.c        ****     /******************************************/
 124:main.c        **** 
 125:main.c        ****     error = I2C_Peripheral_ReadRegister(LIS3DH_DEVICE_ADDRESS,
 207              		.loc 1 125 0
 208 00e6 0DF10102 		add	r2, sp, #1
 209 00ea 2021     		movs	r1, #32
 210 00ec 1820     		movs	r0, #24
 211 00ee FFF7FEFF 		bl	I2C_Peripheral_ReadRegister
 212              	.LVL37:
 126:main.c        ****                                         LIS3DH_CTRL_REG1,
 127:main.c        ****                                         &ctrl_reg1);
 128:main.c        ****     
ARM GAS  C:\Users\Manu\AppData\Local\Temp\ccgc6XsG.s 			page 7


 129:main.c        ****     if (error == NO_ERROR)
 213              		.loc 1 129 0
 214 00f2 48B9     		cbnz	r0, .L13
 130:main.c        ****     {
 131:main.c        ****         sprintf(message, "CONTROL REGISTER 1 after overwrite operation: 0x%02X\r\n", ctrl_reg1);
 215              		.loc 1 131 0
 216 00f4 9DF80120 		ldrb	r2, [sp, #1]	@ zero_extendqisi2
 217 00f8 3149     		ldr	r1, .L22+40
 218 00fa 01A8     		add	r0, sp, #4
 219              	.LVL38:
 220 00fc FFF7FEFF 		bl	sprintf
 221              	.LVL39:
 132:main.c        ****         UART_Debug_PutString(message); 
 222              		.loc 1 132 0
 223 0100 01A8     		add	r0, sp, #4
 224 0102 FFF7FEFF 		bl	UART_Debug_PutString
 225              	.LVL40:
 226 0106 02E0     		b	.L14
 227              	.LVL41:
 228              	.L13:
 133:main.c        ****     }
 134:main.c        ****     else
 135:main.c        ****     {
 136:main.c        ****         UART_Debug_PutString("Error occurred during I2C comm to read control register 1\r\n");   
 229              		.loc 1 136 0
 230 0108 2948     		ldr	r0, .L22+24
 231              	.LVL42:
 232 010a FFF7FEFF 		bl	UART_Debug_PutString
 233              	.LVL43:
 234              	.L14:
 137:main.c        ****     }
 138:main.c        ****     
 139:main.c        ****      /******************************************/
 140:main.c        ****      /*    I2C Reading Control Register 4      */
 141:main.c        ****      /******************************************/
 142:main.c        ****     
 143:main.c        ****     uint8_t ctrl_reg4;
 144:main.c        **** 
 145:main.c        ****     error = I2C_Peripheral_ReadRegister(LIS3DH_DEVICE_ADDRESS,
 235              		.loc 1 145 0
 236 010e 6A46     		mov	r2, sp
 237 0110 2321     		movs	r1, #35
 238 0112 1820     		movs	r0, #24
 239 0114 FFF7FEFF 		bl	I2C_Peripheral_ReadRegister
 240              	.LVL44:
 146:main.c        ****                                         LIS3DH_CTRL_REG4,
 147:main.c        ****                                         &ctrl_reg4);
 148:main.c        ****     
 149:main.c        ****     if (error == NO_ERROR)
 241              		.loc 1 149 0
 242 0118 48B9     		cbnz	r0, .L15
 150:main.c        ****     {
 151:main.c        ****         sprintf(message, "CONTROL REGISTER 4: 0x%02X\r\n", ctrl_reg4);
 243              		.loc 1 151 0
 244 011a 9DF80020 		ldrb	r2, [sp]	@ zero_extendqisi2
 245 011e 2949     		ldr	r1, .L22+44
 246 0120 01A8     		add	r0, sp, #4
ARM GAS  C:\Users\Manu\AppData\Local\Temp\ccgc6XsG.s 			page 8


 247              	.LVL45:
 248 0122 FFF7FEFF 		bl	sprintf
 249              	.LVL46:
 152:main.c        ****         UART_Debug_PutString(message); 
 250              		.loc 1 152 0
 251 0126 01A8     		add	r0, sp, #4
 252 0128 FFF7FEFF 		bl	UART_Debug_PutString
 253              	.LVL47:
 254 012c 02E0     		b	.L16
 255              	.LVL48:
 256              	.L15:
 153:main.c        ****     }
 154:main.c        ****     else
 155:main.c        ****     {
 156:main.c        ****         UART_Debug_PutString("Error occurred during I2C comm to read control register4\r\n");   
 257              		.loc 1 156 0
 258 012e 2648     		ldr	r0, .L22+48
 259              	.LVL49:
 260 0130 FFF7FEFF 		bl	UART_Debug_PutString
 261              	.LVL50:
 262              	.L16:
 157:main.c        ****     }
 158:main.c        ****     
 159:main.c        ****     
 160:main.c        ****     ctrl_reg4 = LIS3DH_CTRL_REG4_BDU_ACTIVE;
 263              		.loc 1 160 0
 264 0134 8022     		movs	r2, #128
 265 0136 0EAC     		add	r4, sp, #56
 266              	.LVL51:
 267 0138 04F8382D 		strb	r2, [r4, #-56]!
 161:main.c        ****     
 162:main.c        ****     error = I2C_Peripheral_WriteRegister(LIS3DH_DEVICE_ADDRESS,
 268              		.loc 1 162 0
 269 013c 2321     		movs	r1, #35
 270 013e 1820     		movs	r0, #24
 271 0140 FFF7FEFF 		bl	I2C_Peripheral_WriteRegister
 272              	.LVL52:
 163:main.c        ****                                          LIS3DH_CTRL_REG4,
 164:main.c        ****                                          ctrl_reg4);
 165:main.c        ****     
 166:main.c        ****     error = I2C_Peripheral_ReadRegister(LIS3DH_DEVICE_ADDRESS,
 273              		.loc 1 166 0
 274 0144 2246     		mov	r2, r4
 275 0146 2321     		movs	r1, #35
 276 0148 1820     		movs	r0, #24
 277 014a FFF7FEFF 		bl	I2C_Peripheral_ReadRegister
 278              	.LVL53:
 167:main.c        ****                                         LIS3DH_CTRL_REG4,
 168:main.c        ****                                         &ctrl_reg4);
 169:main.c        ****     
 170:main.c        ****     
 171:main.c        ****     if (error == NO_ERROR)
 279              		.loc 1 171 0
 280 014e 48B9     		cbnz	r0, .L17
 172:main.c        ****     {
 173:main.c        ****         sprintf(message, "CONTROL REGISTER 4 after being updated: 0x%02X\r\n", ctrl_reg4);
 281              		.loc 1 173 0
ARM GAS  C:\Users\Manu\AppData\Local\Temp\ccgc6XsG.s 			page 9


 282 0150 9DF80020 		ldrb	r2, [sp]	@ zero_extendqisi2
 283 0154 1D49     		ldr	r1, .L22+52
 284 0156 01A8     		add	r0, sp, #4
 285              	.LVL54:
 286 0158 FFF7FEFF 		bl	sprintf
 287              	.LVL55:
 174:main.c        ****         UART_Debug_PutString(message); 
 288              		.loc 1 174 0
 289 015c 01A8     		add	r0, sp, #4
 290 015e FFF7FEFF 		bl	UART_Debug_PutString
 291              	.LVL56:
 292 0162 02E0     		b	.L18
 293              	.LVL57:
 294              	.L17:
 175:main.c        ****     }
 176:main.c        ****     else
 177:main.c        ****     {
 178:main.c        ****         UART_Debug_PutString("Error occurred during I2C comm to read control register4\r\n");   
 295              		.loc 1 178 0
 296 0164 1848     		ldr	r0, .L22+48
 297              	.LVL58:
 298 0166 FFF7FEFF 		bl	UART_Debug_PutString
 299              	.LVL59:
 300              	.L18:
 179:main.c        ****     }
 180:main.c        ****     
 181:main.c        ****     
 182:main.c        ****     // Start timer and custom ISR in order to start reading from the IMU after the initialization o
 183:main.c        ****     Timer_ISR_Start();
 301              		.loc 1 183 0
 302 016a FFF7FEFF 		bl	Timer_ISR_Start
 303              	.LVL60:
 184:main.c        ****     ISR_IMU_StartEx(Custom_ISR_IMU);
 304              		.loc 1 184 0
 305 016e 1848     		ldr	r0, .L22+56
 306 0170 FFF7FEFF 		bl	ISR_IMU_StartEx
 307              	.LVL61:
 185:main.c        ****    
 186:main.c        ****     // Initialize the header and tail only once in the data buffer to be sent over UART
 187:main.c        ****     dataBuffer[0] = HEADER;
 308              		.loc 1 187 0
 309 0174 174B     		ldr	r3, .L22+60
 310 0176 A022     		movs	r2, #160
 311 0178 1A70     		strb	r2, [r3]
 188:main.c        ****     dataBuffer[TRANSMIT_BUFFER_SIZE -1] = TAIL;
 312              		.loc 1 188 0
 313 017a C022     		movs	r2, #192
 314 017c DA71     		strb	r2, [r3, #7]
 315              	.L19:
 189:main.c        ****     
 190:main.c        ****     for(;;)
 191:main.c        ****     {
 192:main.c        ****        // Check if a packet is arrived
 193:main.c        ****         if(PacketReadyFlag == 1)
 316              		.loc 1 193 0
 317 017e 164B     		ldr	r3, .L22+64
 318 0180 1B78     		ldrb	r3, [r3]	@ zero_extendqisi2
ARM GAS  C:\Users\Manu\AppData\Local\Temp\ccgc6XsG.s 			page 10


 319 0182 DBB2     		uxtb	r3, r3
 320 0184 012B     		cmp	r3, #1
 321 0186 FAD1     		bne	.L19
 194:main.c        ****         {
 195:main.c        ****             // Send out the data via UART
 196:main.c        ****             UART_Debug_PutArray(dataBuffer, TRANSMIT_BUFFER_SIZE);
 322              		.loc 1 196 0
 323 0188 0821     		movs	r1, #8
 324 018a 1248     		ldr	r0, .L22+60
 325 018c FFF7FEFF 		bl	UART_Debug_PutArray
 326              	.LVL62:
 197:main.c        ****             PacketReadyFlag = 0;  // Reset the flag, waitinig for the next packet
 327              		.loc 1 197 0
 328 0190 0022     		movs	r2, #0
 329 0192 114B     		ldr	r3, .L22+64
 330 0194 1A70     		strb	r2, [r3]
 331 0196 F2E7     		b	.L19
 332              	.L23:
 333              		.align	2
 334              	.L22:
 335 0198 00000000 		.word	.LC0
 336 019c 20000000 		.word	.LC1
 337 01a0 48000000 		.word	.LC2
 338 01a4 6C000000 		.word	.LC3
 339 01a8 88000000 		.word	.LC4
 340 01ac C4000000 		.word	.LC5
 341 01b0 E4000000 		.word	.LC6
 342 01b4 20010000 		.word	.LC7
 343 01b8 3C010000 		.word	.LC8
 344 01bc 74010000 		.word	.LC9
 345 01c0 B0010000 		.word	.LC10
 346 01c4 E8010000 		.word	.LC11
 347 01c8 08020000 		.word	.LC12
 348 01cc 44020000 		.word	.LC13
 349 01d0 00000000 		.word	Custom_ISR_IMU
 350 01d4 00000000 		.word	dataBuffer
 351 01d8 00000000 		.word	PacketReadyFlag
 352              		.cfi_endproc
 353              	.LFE64:
 354              		.size	main, .-main
 355              		.comm	dataBuffer,8,4
 356              		.comm	PacketReadyFlag,1,1
 357              		.section	.rodata.str1.4,"aMS",%progbits,1
 358              		.align	2
 359              	.LC0:
 360 0000 44657669 		.ascii	"Device 0x%02X is connected\015\012\000"
 360      63652030 
 360      78253032 
 360      58206973 
 360      20636F6E 
 361 001d 000000   		.space	3
 362              	.LC1:
 363 0020 57484F20 		.ascii	"WHO AM I REG: 0x%02X [Expected: 0x33]\015\012\000"
 363      414D2049 
 363      20524547 
 363      3A203078 
 363      25303258 
ARM GAS  C:\Users\Manu\AppData\Local\Temp\ccgc6XsG.s 			page 11


 364              	.LC2:
 365 0048 4572726F 		.ascii	"Error occurred during I2C comm\015\012\000"
 365      72206F63 
 365      63757272 
 365      65642064 
 365      7572696E 
 366 0069 000000   		.space	3
 367              	.LC3:
 368 006c 53544154 		.ascii	"STATUS REGISTER: 0x%02X\015\012\000"
 368      55532052 
 368      45474953 
 368      5445523A 
 368      20307825 
 369 0086 0000     		.space	2
 370              	.LC4:
 371 0088 4572726F 		.ascii	"Error occurred during I2C comm to read status regis"
 371      72206F63 
 371      63757272 
 371      65642064 
 371      7572696E 
 372 00bb 7465720D 		.ascii	"ter\015\012\000"
 372      0A00
 373 00c1 000000   		.space	3
 374              	.LC5:
 375 00c4 434F4E54 		.ascii	"CONTROL REGISTER 1: 0x%02X\015\012\000"
 375      524F4C20 
 375      52454749 
 375      53544552 
 375      20313A20 
 376 00e1 000000   		.space	3
 377              	.LC6:
 378 00e4 4572726F 		.ascii	"Error occurred during I2C comm to read control regi"
 378      72206F63 
 378      63757272 
 378      65642064 
 378      7572696E 
 379 0117 73746572 		.ascii	"ster 1\015\012\000"
 379      20310D0A 
 379      00
 380              	.LC7:
 381 0120 0D0A5772 		.ascii	"\015\012Writing new values..\015\012\000"
 381      6974696E 
 381      67206E65 
 381      77207661 
 381      6C756573 
 382 0139 000000   		.space	3
 383              	.LC8:
 384 013c 434F4E54 		.ascii	"CONTROL REGISTER 1 successfully written as: 0x%02X\015"
 384      524F4C20 
 384      52454749 
 384      53544552 
 384      20312073 
 385 016f 0A00     		.ascii	"\012\000"
 386 0171 000000   		.space	3
 387              	.LC9:
 388 0174 4572726F 		.ascii	"Error occurred during I2C comm to set control regis"
 388      72206F63 
ARM GAS  C:\Users\Manu\AppData\Local\Temp\ccgc6XsG.s 			page 12


 388      63757272 
 388      65642064 
 388      7572696E 
 389 01a7 74657220 		.ascii	"ter 1\015\012\000"
 389      310D0A00 
 390 01af 00       		.space	1
 391              	.LC10:
 392 01b0 434F4E54 		.ascii	"CONTROL REGISTER 1 after overwrite operation: 0x%02"
 392      524F4C20 
 392      52454749 
 392      53544552 
 392      20312061 
 393 01e3 580D0A00 		.ascii	"X\015\012\000"
 394 01e7 00       		.space	1
 395              	.LC11:
 396 01e8 434F4E54 		.ascii	"CONTROL REGISTER 4: 0x%02X\015\012\000"
 396      524F4C20 
 396      52454749 
 396      53544552 
 396      20343A20 
 397 0205 000000   		.space	3
 398              	.LC12:
 399 0208 4572726F 		.ascii	"Error occurred during I2C comm to read control regi"
 399      72206F63 
 399      63757272 
 399      65642064 
 399      7572696E 
 400 023b 73746572 		.ascii	"ster4\015\012\000"
 400      340D0A00 
 401 0243 00       		.space	1
 402              	.LC13:
 403 0244 434F4E54 		.ascii	"CONTROL REGISTER 4 after being updated: 0x%02X\015\012"
 403      524F4C20 
 403      52454749 
 403      53544552 
 403      20342061 
 404 0274 00       		.ascii	"\000"
 405              		.text
 406              	.Letext0:
 407              		.file 2 "c:\\program files (x86)\\cypress\\psoc creator\\4.3\\psoc creator\\import\\gnu\\arm\\5.4.
 408              		.file 3 "c:\\program files (x86)\\cypress\\psoc creator\\4.3\\psoc creator\\import\\gnu\\arm\\5.4.
 409              		.file 4 "Generated_Source\\PSoC5/cytypes.h"
 410              		.file 5 "ErrorCodes.h"
 411              		.file 6 "Generated_Source\\PSoC5/core_cm3.h"
 412              		.file 7 "InterruptRoutines.h"
 413              		.file 8 "I2C_Interface.h"
 414              		.file 9 "c:\\program files (x86)\\cypress\\psoc creator\\4.3\\psoc creator\\import\\gnu\\arm\\5.4.
 415              		.file 10 "Generated_Source\\PSoC5/UART_Debug.h"
 416              		.file 11 "Generated_Source\\PSoC5/CyLib.h"
 417              		.file 12 "Generated_Source\\PSoC5/Timer_ISR.h"
 418              		.file 13 "Generated_Source\\PSoC5/ISR_IMU.h"
 419              		.section	.debug_info,"",%progbits
 420              	.Ldebug_info0:
 421 0000 DE050000 		.4byte	0x5de
 422 0004 0400     		.2byte	0x4
 423 0006 00000000 		.4byte	.Ldebug_abbrev0
 424 000a 04       		.byte	0x4
ARM GAS  C:\Users\Manu\AppData\Local\Temp\ccgc6XsG.s 			page 13


 425 000b 01       		.uleb128 0x1
 426 000c DA000000 		.4byte	.LASF42
 427 0010 0C       		.byte	0xc
 428 0011 69020000 		.4byte	.LASF43
 429 0015 84000000 		.4byte	.LASF44
 430 0019 00000000 		.4byte	.Ldebug_ranges0+0
 431 001d 00000000 		.4byte	0
 432 0021 00000000 		.4byte	.Ldebug_line0
 433 0025 02       		.uleb128 0x2
 434 0026 01       		.byte	0x1
 435 0027 06       		.byte	0x6
 436 0028 CC020000 		.4byte	.LASF0
 437 002c 03       		.uleb128 0x3
 438 002d 18000000 		.4byte	.LASF4
 439 0031 02       		.byte	0x2
 440 0032 1D       		.byte	0x1d
 441 0033 37000000 		.4byte	0x37
 442 0037 02       		.uleb128 0x2
 443 0038 01       		.byte	0x1
 444 0039 08       		.byte	0x8
 445 003a CC000000 		.4byte	.LASF1
 446 003e 02       		.uleb128 0x2
 447 003f 02       		.byte	0x2
 448 0040 05       		.byte	0x5
 449 0041 91020000 		.4byte	.LASF2
 450 0045 02       		.uleb128 0x2
 451 0046 02       		.byte	0x2
 452 0047 07       		.byte	0x7
 453 0048 7A010000 		.4byte	.LASF3
 454 004c 03       		.uleb128 0x3
 455 004d 43000000 		.4byte	.LASF5
 456 0051 02       		.byte	0x2
 457 0052 3F       		.byte	0x3f
 458 0053 57000000 		.4byte	0x57
 459 0057 02       		.uleb128 0x2
 460 0058 04       		.byte	0x4
 461 0059 05       		.byte	0x5
 462 005a 4D000000 		.4byte	.LASF6
 463 005e 02       		.uleb128 0x2
 464 005f 04       		.byte	0x4
 465 0060 07       		.byte	0x7
 466 0061 68010000 		.4byte	.LASF7
 467 0065 02       		.uleb128 0x2
 468 0066 08       		.byte	0x8
 469 0067 05       		.byte	0x5
 470 0068 4A020000 		.4byte	.LASF8
 471 006c 02       		.uleb128 0x2
 472 006d 08       		.byte	0x8
 473 006e 07       		.byte	0x7
 474 006f 04020000 		.4byte	.LASF9
 475 0073 04       		.uleb128 0x4
 476 0074 04       		.byte	0x4
 477 0075 05       		.byte	0x5
 478 0076 696E7400 		.ascii	"int\000"
 479 007a 02       		.uleb128 0x2
 480 007b 04       		.byte	0x4
 481 007c 07       		.byte	0x7
ARM GAS  C:\Users\Manu\AppData\Local\Temp\ccgc6XsG.s 			page 14


 482 007d F7010000 		.4byte	.LASF10
 483 0081 03       		.uleb128 0x3
 484 0082 1B020000 		.4byte	.LASF11
 485 0086 03       		.byte	0x3
 486 0087 18       		.byte	0x18
 487 0088 2C000000 		.4byte	0x2c
 488 008c 03       		.uleb128 0x3
 489 008d 33020000 		.4byte	.LASF12
 490 0091 03       		.byte	0x3
 491 0092 2C       		.byte	0x2c
 492 0093 4C000000 		.4byte	0x4c
 493 0097 05       		.uleb128 0x5
 494 0098 AB020000 		.4byte	.LASF13
 495 009c 04       		.byte	0x4
 496 009d E401     		.2byte	0x1e4
 497 009f 37000000 		.4byte	0x37
 498 00a3 02       		.uleb128 0x2
 499 00a4 04       		.byte	0x4
 500 00a5 04       		.byte	0x4
 501 00a6 C6000000 		.4byte	.LASF14
 502 00aa 02       		.uleb128 0x2
 503 00ab 08       		.byte	0x8
 504 00ac 04       		.byte	0x4
 505 00ad B7010000 		.4byte	.LASF15
 506 00b1 02       		.uleb128 0x2
 507 00b2 01       		.byte	0x1
 508 00b3 08       		.byte	0x8
 509 00b4 70020000 		.4byte	.LASF16
 510 00b8 06       		.uleb128 0x6
 511 00b9 97000000 		.4byte	0x97
 512 00bd 07       		.uleb128 0x7
 513 00be 01       		.byte	0x1
 514 00bf 37000000 		.4byte	0x37
 515 00c3 05       		.byte	0x5
 516 00c4 15       		.byte	0x15
 517 00c5 D6000000 		.4byte	0xd6
 518 00c9 08       		.uleb128 0x8
 519 00ca B1020000 		.4byte	.LASF17
 520 00ce 00       		.byte	0
 521 00cf 08       		.uleb128 0x8
 522 00d0 BA020000 		.4byte	.LASF18
 523 00d4 01       		.byte	0x1
 524 00d5 00       		.byte	0
 525 00d6 03       		.uleb128 0x3
 526 00d7 6A000000 		.4byte	.LASF19
 527 00db 05       		.byte	0x5
 528 00dc 18       		.byte	0x18
 529 00dd BD000000 		.4byte	0xbd
 530 00e1 02       		.uleb128 0x2
 531 00e2 08       		.byte	0x8
 532 00e3 04       		.byte	0x4
 533 00e4 C0020000 		.4byte	.LASF20
 534 00e8 02       		.uleb128 0x2
 535 00e9 04       		.byte	0x4
 536 00ea 07       		.byte	0x7
 537 00eb 3B020000 		.4byte	.LASF21
 538 00ef 09       		.uleb128 0x9
ARM GAS  C:\Users\Manu\AppData\Local\Temp\ccgc6XsG.s 			page 15


 539 00f0 DE010000 		.4byte	.LASF45
 540 00f4 01       		.byte	0x1
 541 00f5 0E       		.byte	0xe
 542 00f6 73000000 		.4byte	0x73
 543 00fa 00000000 		.4byte	.LFB64
 544 00fe DC010000 		.4byte	.LFE64-.LFB64
 545 0102 01       		.uleb128 0x1
 546 0103 9C       		.byte	0x9c
 547 0104 15050000 		.4byte	0x515
 548 0108 0A       		.uleb128 0xa
 549 0109 00000000 		.4byte	.LASF22
 550 010d 01       		.byte	0x1
 551 010e 19       		.byte	0x19
 552 010f 15050000 		.4byte	0x515
 553 0113 02       		.uleb128 0x2
 554 0114 91       		.byte	0x91
 555 0115 44       		.sleb128 -60
 556 0116 0A       		.uleb128 0xa
 557 0117 D8020000 		.4byte	.LASF23
 558 011b 01       		.byte	0x1
 559 011c 2C       		.byte	0x2c
 560 011d 81000000 		.4byte	0x81
 561 0121 02       		.uleb128 0x2
 562 0122 91       		.byte	0x91
 563 0123 43       		.sleb128 -61
 564 0124 0B       		.uleb128 0xb
 565 0125 44020000 		.4byte	.LASF24
 566 0129 01       		.byte	0x1
 567 012a 2D       		.byte	0x2d
 568 012b D6000000 		.4byte	0xd6
 569 012f 00000000 		.4byte	.LLST0
 570 0133 0A       		.uleb128 0xa
 571 0134 23020000 		.4byte	.LASF25
 572 0138 01       		.byte	0x1
 573 0139 3E       		.byte	0x3e
 574 013a 81000000 		.4byte	0x81
 575 013e 02       		.uleb128 0x2
 576 013f 91       		.byte	0x91
 577 0140 42       		.sleb128 -62
 578 0141 0A       		.uleb128 0xa
 579 0142 E3010000 		.4byte	.LASF26
 580 0146 01       		.byte	0x1
 581 0147 50       		.byte	0x50
 582 0148 81000000 		.4byte	0x81
 583 014c 02       		.uleb128 0x2
 584 014d 91       		.byte	0x91
 585 014e 41       		.sleb128 -63
 586 014f 0A       		.uleb128 0xa
 587 0150 ED010000 		.4byte	.LASF27
 588 0154 01       		.byte	0x1
 589 0155 8F       		.byte	0x8f
 590 0156 81000000 		.4byte	0x81
 591 015a 02       		.uleb128 0x2
 592 015b 91       		.byte	0x91
 593 015c 40       		.sleb128 -64
 594 015d 0C       		.uleb128 0xc
 595 015e 14000000 		.4byte	.LBB2
ARM GAS  C:\Users\Manu\AppData\Local\Temp\ccgc6XsG.s 			page 16


 596 0162 22000000 		.4byte	.LBE2-.LBB2
 597 0166 BF010000 		.4byte	0x1bf
 598 016a 0D       		.uleb128 0xd
 599 016b 6900     		.ascii	"i\000"
 600 016d 01       		.byte	0x1
 601 016e 1C       		.byte	0x1c
 602 016f 73000000 		.4byte	0x73
 603 0173 A2000000 		.4byte	.LLST1
 604 0177 0E       		.uleb128 0xe
 605 0178 1E000000 		.4byte	.LVL4
 606 017c 68050000 		.4byte	0x568
 607 0180 8B010000 		.4byte	0x18b
 608 0184 0F       		.uleb128 0xf
 609 0185 01       		.uleb128 0x1
 610 0186 50       		.byte	0x50
 611 0187 02       		.uleb128 0x2
 612 0188 74       		.byte	0x74
 613 0189 00       		.sleb128 0
 614 018a 00       		.byte	0
 615 018b 0E       		.uleb128 0xe
 616 018c 2A000000 		.4byte	.LVL5
 617 0190 73050000 		.4byte	0x573
 618 0194 AE010000 		.4byte	0x1ae
 619 0198 0F       		.uleb128 0xf
 620 0199 01       		.uleb128 0x1
 621 019a 50       		.byte	0x50
 622 019b 02       		.uleb128 0x2
 623 019c 91       		.byte	0x91
 624 019d 44       		.sleb128 -60
 625 019e 0F       		.uleb128 0xf
 626 019f 01       		.uleb128 0x1
 627 01a0 51       		.byte	0x51
 628 01a1 05       		.uleb128 0x5
 629 01a2 03       		.byte	0x3
 630 01a3 00000000 		.4byte	.LC0
 631 01a7 0F       		.uleb128 0xf
 632 01a8 01       		.uleb128 0x1
 633 01a9 52       		.byte	0x52
 634 01aa 02       		.uleb128 0x2
 635 01ab 74       		.byte	0x74
 636 01ac 00       		.sleb128 0
 637 01ad 00       		.byte	0
 638 01ae 10       		.uleb128 0x10
 639 01af 30000000 		.4byte	.LVL6
 640 01b3 7E050000 		.4byte	0x57e
 641 01b7 0F       		.uleb128 0xf
 642 01b8 01       		.uleb128 0x1
 643 01b9 50       		.byte	0x50
 644 01ba 02       		.uleb128 0x2
 645 01bb 91       		.byte	0x91
 646 01bc 44       		.sleb128 -60
 647 01bd 00       		.byte	0
 648 01be 00       		.byte	0
 649 01bf 11       		.uleb128 0x11
 650 01c0 0A000000 		.4byte	.LVL0
 651 01c4 89050000 		.4byte	0x589
 652 01c8 11       		.uleb128 0x11
ARM GAS  C:\Users\Manu\AppData\Local\Temp\ccgc6XsG.s 			page 17


 653 01c9 0E000000 		.4byte	.LVL1
 654 01cd 94050000 		.4byte	0x594
 655 01d1 0E       		.uleb128 0xe
 656 01d2 14000000 		.4byte	.LVL2
 657 01d6 9F050000 		.4byte	0x59f
 658 01da E4010000 		.4byte	0x1e4
 659 01de 0F       		.uleb128 0xf
 660 01df 01       		.uleb128 0x1
 661 01e0 50       		.byte	0x50
 662 01e1 01       		.uleb128 0x1
 663 01e2 35       		.byte	0x35
 664 01e3 00       		.byte	0
 665 01e4 0E       		.uleb128 0xe
 666 01e5 42000000 		.4byte	.LVL8
 667 01e9 AA050000 		.4byte	0x5aa
 668 01ed 02020000 		.4byte	0x202
 669 01f1 0F       		.uleb128 0xf
 670 01f2 01       		.uleb128 0x1
 671 01f3 50       		.byte	0x50
 672 01f4 01       		.uleb128 0x1
 673 01f5 48       		.byte	0x48
 674 01f6 0F       		.uleb128 0xf
 675 01f7 01       		.uleb128 0x1
 676 01f8 51       		.byte	0x51
 677 01f9 01       		.uleb128 0x1
 678 01fa 3F       		.byte	0x3f
 679 01fb 0F       		.uleb128 0xf
 680 01fc 01       		.uleb128 0x1
 681 01fd 52       		.byte	0x52
 682 01fe 02       		.uleb128 0x2
 683 01ff 91       		.byte	0x91
 684 0200 43       		.sleb128 -61
 685 0201 00       		.byte	0
 686 0202 0E       		.uleb128 0xe
 687 0203 50000000 		.4byte	.LVL10
 688 0207 73050000 		.4byte	0x573
 689 020b 1F020000 		.4byte	0x21f
 690 020f 0F       		.uleb128 0xf
 691 0210 01       		.uleb128 0x1
 692 0211 50       		.byte	0x50
 693 0212 02       		.uleb128 0x2
 694 0213 91       		.byte	0x91
 695 0214 44       		.sleb128 -60
 696 0215 0F       		.uleb128 0xf
 697 0216 01       		.uleb128 0x1
 698 0217 51       		.byte	0x51
 699 0218 05       		.uleb128 0x5
 700 0219 03       		.byte	0x3
 701 021a 20000000 		.4byte	.LC1
 702 021e 00       		.byte	0
 703 021f 0E       		.uleb128 0xe
 704 0220 56000000 		.4byte	.LVL11
 705 0224 7E050000 		.4byte	0x57e
 706 0228 33020000 		.4byte	0x233
 707 022c 0F       		.uleb128 0xf
 708 022d 01       		.uleb128 0x1
 709 022e 50       		.byte	0x50
ARM GAS  C:\Users\Manu\AppData\Local\Temp\ccgc6XsG.s 			page 18


 710 022f 02       		.uleb128 0x2
 711 0230 91       		.byte	0x91
 712 0231 44       		.sleb128 -60
 713 0232 00       		.byte	0
 714 0233 0E       		.uleb128 0xe
 715 0234 5E000000 		.4byte	.LVL14
 716 0238 7E050000 		.4byte	0x57e
 717 023c 4A020000 		.4byte	0x24a
 718 0240 0F       		.uleb128 0xf
 719 0241 01       		.uleb128 0x1
 720 0242 50       		.byte	0x50
 721 0243 05       		.uleb128 0x5
 722 0244 03       		.byte	0x3
 723 0245 48000000 		.4byte	.LC2
 724 0249 00       		.byte	0
 725 024a 0E       		.uleb128 0xe
 726 024b 6A000000 		.4byte	.LVL15
 727 024f AA050000 		.4byte	0x5aa
 728 0253 69020000 		.4byte	0x269
 729 0257 0F       		.uleb128 0xf
 730 0258 01       		.uleb128 0x1
 731 0259 50       		.byte	0x50
 732 025a 01       		.uleb128 0x1
 733 025b 48       		.byte	0x48
 734 025c 0F       		.uleb128 0xf
 735 025d 01       		.uleb128 0x1
 736 025e 51       		.byte	0x51
 737 025f 02       		.uleb128 0x2
 738 0260 08       		.byte	0x8
 739 0261 27       		.byte	0x27
 740 0262 0F       		.uleb128 0xf
 741 0263 01       		.uleb128 0x1
 742 0264 52       		.byte	0x52
 743 0265 02       		.uleb128 0x2
 744 0266 91       		.byte	0x91
 745 0267 42       		.sleb128 -62
 746 0268 00       		.byte	0
 747 0269 0E       		.uleb128 0xe
 748 026a 78000000 		.4byte	.LVL17
 749 026e 73050000 		.4byte	0x573
 750 0272 86020000 		.4byte	0x286
 751 0276 0F       		.uleb128 0xf
 752 0277 01       		.uleb128 0x1
 753 0278 50       		.byte	0x50
 754 0279 02       		.uleb128 0x2
 755 027a 91       		.byte	0x91
 756 027b 44       		.sleb128 -60
 757 027c 0F       		.uleb128 0xf
 758 027d 01       		.uleb128 0x1
 759 027e 51       		.byte	0x51
 760 027f 05       		.uleb128 0x5
 761 0280 03       		.byte	0x3
 762 0281 6C000000 		.4byte	.LC3
 763 0285 00       		.byte	0
 764 0286 0E       		.uleb128 0xe
 765 0287 7E000000 		.4byte	.LVL18
 766 028b 7E050000 		.4byte	0x57e
ARM GAS  C:\Users\Manu\AppData\Local\Temp\ccgc6XsG.s 			page 19


 767 028f 9A020000 		.4byte	0x29a
 768 0293 0F       		.uleb128 0xf
 769 0294 01       		.uleb128 0x1
 770 0295 50       		.byte	0x50
 771 0296 02       		.uleb128 0x2
 772 0297 91       		.byte	0x91
 773 0298 44       		.sleb128 -60
 774 0299 00       		.byte	0
 775 029a 0E       		.uleb128 0xe
 776 029b 86000000 		.4byte	.LVL21
 777 029f 7E050000 		.4byte	0x57e
 778 02a3 B1020000 		.4byte	0x2b1
 779 02a7 0F       		.uleb128 0xf
 780 02a8 01       		.uleb128 0x1
 781 02a9 50       		.byte	0x50
 782 02aa 05       		.uleb128 0x5
 783 02ab 03       		.byte	0x3
 784 02ac 88000000 		.4byte	.LC4
 785 02b0 00       		.byte	0
 786 02b1 0E       		.uleb128 0xe
 787 02b2 92000000 		.4byte	.LVL22
 788 02b6 AA050000 		.4byte	0x5aa
 789 02ba D0020000 		.4byte	0x2d0
 790 02be 0F       		.uleb128 0xf
 791 02bf 01       		.uleb128 0x1
 792 02c0 50       		.byte	0x50
 793 02c1 01       		.uleb128 0x1
 794 02c2 48       		.byte	0x48
 795 02c3 0F       		.uleb128 0xf
 796 02c4 01       		.uleb128 0x1
 797 02c5 51       		.byte	0x51
 798 02c6 02       		.uleb128 0x2
 799 02c7 08       		.byte	0x8
 800 02c8 20       		.byte	0x20
 801 02c9 0F       		.uleb128 0xf
 802 02ca 01       		.uleb128 0x1
 803 02cb 52       		.byte	0x52
 804 02cc 02       		.uleb128 0x2
 805 02cd 91       		.byte	0x91
 806 02ce 41       		.sleb128 -63
 807 02cf 00       		.byte	0
 808 02d0 0E       		.uleb128 0xe
 809 02d1 A0000000 		.4byte	.LVL24
 810 02d5 73050000 		.4byte	0x573
 811 02d9 ED020000 		.4byte	0x2ed
 812 02dd 0F       		.uleb128 0xf
 813 02de 01       		.uleb128 0x1
 814 02df 50       		.byte	0x50
 815 02e0 02       		.uleb128 0x2
 816 02e1 91       		.byte	0x91
 817 02e2 44       		.sleb128 -60
 818 02e3 0F       		.uleb128 0xf
 819 02e4 01       		.uleb128 0x1
 820 02e5 51       		.byte	0x51
 821 02e6 05       		.uleb128 0x5
 822 02e7 03       		.byte	0x3
 823 02e8 C4000000 		.4byte	.LC5
ARM GAS  C:\Users\Manu\AppData\Local\Temp\ccgc6XsG.s 			page 20


 824 02ec 00       		.byte	0
 825 02ed 0E       		.uleb128 0xe
 826 02ee A6000000 		.4byte	.LVL25
 827 02f2 7E050000 		.4byte	0x57e
 828 02f6 01030000 		.4byte	0x301
 829 02fa 0F       		.uleb128 0xf
 830 02fb 01       		.uleb128 0x1
 831 02fc 50       		.byte	0x50
 832 02fd 02       		.uleb128 0x2
 833 02fe 91       		.byte	0x91
 834 02ff 44       		.sleb128 -60
 835 0300 00       		.byte	0
 836 0301 0E       		.uleb128 0xe
 837 0302 AE000000 		.4byte	.LVL28
 838 0306 7E050000 		.4byte	0x57e
 839 030a 18030000 		.4byte	0x318
 840 030e 0F       		.uleb128 0xf
 841 030f 01       		.uleb128 0x1
 842 0310 50       		.byte	0x50
 843 0311 05       		.uleb128 0x5
 844 0312 03       		.byte	0x3
 845 0313 E4000000 		.4byte	.LC6
 846 0317 00       		.byte	0
 847 0318 0E       		.uleb128 0xe
 848 0319 B4000000 		.4byte	.LVL29
 849 031d 7E050000 		.4byte	0x57e
 850 0321 2F030000 		.4byte	0x32f
 851 0325 0F       		.uleb128 0xf
 852 0326 01       		.uleb128 0x1
 853 0327 50       		.byte	0x50
 854 0328 05       		.uleb128 0x5
 855 0329 03       		.byte	0x3
 856 032a 20010000 		.4byte	.LC7
 857 032e 00       		.byte	0
 858 032f 0E       		.uleb128 0xe
 859 0330 CA000000 		.4byte	.LVL30
 860 0334 B5050000 		.4byte	0x5b5
 861 0338 4E030000 		.4byte	0x34e
 862 033c 0F       		.uleb128 0xf
 863 033d 01       		.uleb128 0x1
 864 033e 50       		.byte	0x50
 865 033f 01       		.uleb128 0x1
 866 0340 48       		.byte	0x48
 867 0341 0F       		.uleb128 0xf
 868 0342 01       		.uleb128 0x1
 869 0343 51       		.byte	0x51
 870 0344 02       		.uleb128 0x2
 871 0345 08       		.byte	0x8
 872 0346 20       		.byte	0x20
 873 0347 0F       		.uleb128 0xf
 874 0348 01       		.uleb128 0x1
 875 0349 52       		.byte	0x52
 876 034a 02       		.uleb128 0x2
 877 034b 08       		.byte	0x8
 878 034c 57       		.byte	0x57
 879 034d 00       		.byte	0
 880 034e 0E       		.uleb128 0xe
ARM GAS  C:\Users\Manu\AppData\Local\Temp\ccgc6XsG.s 			page 21


 881 034f D8000000 		.4byte	.LVL32
 882 0353 73050000 		.4byte	0x573
 883 0357 6B030000 		.4byte	0x36b
 884 035b 0F       		.uleb128 0xf
 885 035c 01       		.uleb128 0x1
 886 035d 50       		.byte	0x50
 887 035e 02       		.uleb128 0x2
 888 035f 91       		.byte	0x91
 889 0360 44       		.sleb128 -60
 890 0361 0F       		.uleb128 0xf
 891 0362 01       		.uleb128 0x1
 892 0363 51       		.byte	0x51
 893 0364 05       		.uleb128 0x5
 894 0365 03       		.byte	0x3
 895 0366 3C010000 		.4byte	.LC8
 896 036a 00       		.byte	0
 897 036b 0E       		.uleb128 0xe
 898 036c DE000000 		.4byte	.LVL33
 899 0370 7E050000 		.4byte	0x57e
 900 0374 7F030000 		.4byte	0x37f
 901 0378 0F       		.uleb128 0xf
 902 0379 01       		.uleb128 0x1
 903 037a 50       		.byte	0x50
 904 037b 02       		.uleb128 0x2
 905 037c 91       		.byte	0x91
 906 037d 44       		.sleb128 -60
 907 037e 00       		.byte	0
 908 037f 0E       		.uleb128 0xe
 909 0380 E6000000 		.4byte	.LVL36
 910 0384 7E050000 		.4byte	0x57e
 911 0388 96030000 		.4byte	0x396
 912 038c 0F       		.uleb128 0xf
 913 038d 01       		.uleb128 0x1
 914 038e 50       		.byte	0x50
 915 038f 05       		.uleb128 0x5
 916 0390 03       		.byte	0x3
 917 0391 74010000 		.4byte	.LC9
 918 0395 00       		.byte	0
 919 0396 0E       		.uleb128 0xe
 920 0397 F2000000 		.4byte	.LVL37
 921 039b AA050000 		.4byte	0x5aa
 922 039f B5030000 		.4byte	0x3b5
 923 03a3 0F       		.uleb128 0xf
 924 03a4 01       		.uleb128 0x1
 925 03a5 50       		.byte	0x50
 926 03a6 01       		.uleb128 0x1
 927 03a7 48       		.byte	0x48
 928 03a8 0F       		.uleb128 0xf
 929 03a9 01       		.uleb128 0x1
 930 03aa 51       		.byte	0x51
 931 03ab 02       		.uleb128 0x2
 932 03ac 08       		.byte	0x8
 933 03ad 20       		.byte	0x20
 934 03ae 0F       		.uleb128 0xf
 935 03af 01       		.uleb128 0x1
 936 03b0 52       		.byte	0x52
 937 03b1 02       		.uleb128 0x2
ARM GAS  C:\Users\Manu\AppData\Local\Temp\ccgc6XsG.s 			page 22


 938 03b2 91       		.byte	0x91
 939 03b3 41       		.sleb128 -63
 940 03b4 00       		.byte	0
 941 03b5 0E       		.uleb128 0xe
 942 03b6 00010000 		.4byte	.LVL39
 943 03ba 73050000 		.4byte	0x573
 944 03be D2030000 		.4byte	0x3d2
 945 03c2 0F       		.uleb128 0xf
 946 03c3 01       		.uleb128 0x1
 947 03c4 50       		.byte	0x50
 948 03c5 02       		.uleb128 0x2
 949 03c6 91       		.byte	0x91
 950 03c7 44       		.sleb128 -60
 951 03c8 0F       		.uleb128 0xf
 952 03c9 01       		.uleb128 0x1
 953 03ca 51       		.byte	0x51
 954 03cb 05       		.uleb128 0x5
 955 03cc 03       		.byte	0x3
 956 03cd B0010000 		.4byte	.LC10
 957 03d1 00       		.byte	0
 958 03d2 0E       		.uleb128 0xe
 959 03d3 06010000 		.4byte	.LVL40
 960 03d7 7E050000 		.4byte	0x57e
 961 03db E6030000 		.4byte	0x3e6
 962 03df 0F       		.uleb128 0xf
 963 03e0 01       		.uleb128 0x1
 964 03e1 50       		.byte	0x50
 965 03e2 02       		.uleb128 0x2
 966 03e3 91       		.byte	0x91
 967 03e4 44       		.sleb128 -60
 968 03e5 00       		.byte	0
 969 03e6 0E       		.uleb128 0xe
 970 03e7 0E010000 		.4byte	.LVL43
 971 03eb 7E050000 		.4byte	0x57e
 972 03ef FD030000 		.4byte	0x3fd
 973 03f3 0F       		.uleb128 0xf
 974 03f4 01       		.uleb128 0x1
 975 03f5 50       		.byte	0x50
 976 03f6 05       		.uleb128 0x5
 977 03f7 03       		.byte	0x3
 978 03f8 E4000000 		.4byte	.LC6
 979 03fc 00       		.byte	0
 980 03fd 0E       		.uleb128 0xe
 981 03fe 18010000 		.4byte	.LVL44
 982 0402 AA050000 		.4byte	0x5aa
 983 0406 1C040000 		.4byte	0x41c
 984 040a 0F       		.uleb128 0xf
 985 040b 01       		.uleb128 0x1
 986 040c 50       		.byte	0x50
 987 040d 01       		.uleb128 0x1
 988 040e 48       		.byte	0x48
 989 040f 0F       		.uleb128 0xf
 990 0410 01       		.uleb128 0x1
 991 0411 51       		.byte	0x51
 992 0412 02       		.uleb128 0x2
 993 0413 08       		.byte	0x8
 994 0414 23       		.byte	0x23
ARM GAS  C:\Users\Manu\AppData\Local\Temp\ccgc6XsG.s 			page 23


 995 0415 0F       		.uleb128 0xf
 996 0416 01       		.uleb128 0x1
 997 0417 52       		.byte	0x52
 998 0418 02       		.uleb128 0x2
 999 0419 7D       		.byte	0x7d
 1000 041a 00       		.sleb128 0
 1001 041b 00       		.byte	0
 1002 041c 0E       		.uleb128 0xe
 1003 041d 26010000 		.4byte	.LVL46
 1004 0421 73050000 		.4byte	0x573
 1005 0425 39040000 		.4byte	0x439
 1006 0429 0F       		.uleb128 0xf
 1007 042a 01       		.uleb128 0x1
 1008 042b 50       		.byte	0x50
 1009 042c 02       		.uleb128 0x2
 1010 042d 91       		.byte	0x91
 1011 042e 44       		.sleb128 -60
 1012 042f 0F       		.uleb128 0xf
 1013 0430 01       		.uleb128 0x1
 1014 0431 51       		.byte	0x51
 1015 0432 05       		.uleb128 0x5
 1016 0433 03       		.byte	0x3
 1017 0434 E8010000 		.4byte	.LC11
 1018 0438 00       		.byte	0
 1019 0439 0E       		.uleb128 0xe
 1020 043a 2C010000 		.4byte	.LVL47
 1021 043e 7E050000 		.4byte	0x57e
 1022 0442 4D040000 		.4byte	0x44d
 1023 0446 0F       		.uleb128 0xf
 1024 0447 01       		.uleb128 0x1
 1025 0448 50       		.byte	0x50
 1026 0449 02       		.uleb128 0x2
 1027 044a 91       		.byte	0x91
 1028 044b 44       		.sleb128 -60
 1029 044c 00       		.byte	0
 1030 044d 0E       		.uleb128 0xe
 1031 044e 34010000 		.4byte	.LVL50
 1032 0452 7E050000 		.4byte	0x57e
 1033 0456 64040000 		.4byte	0x464
 1034 045a 0F       		.uleb128 0xf
 1035 045b 01       		.uleb128 0x1
 1036 045c 50       		.byte	0x50
 1037 045d 05       		.uleb128 0x5
 1038 045e 03       		.byte	0x3
 1039 045f 08020000 		.4byte	.LC12
 1040 0463 00       		.byte	0
 1041 0464 0E       		.uleb128 0xe
 1042 0465 44010000 		.4byte	.LVL52
 1043 0469 B5050000 		.4byte	0x5b5
 1044 046d 83040000 		.4byte	0x483
 1045 0471 0F       		.uleb128 0xf
 1046 0472 01       		.uleb128 0x1
 1047 0473 50       		.byte	0x50
 1048 0474 01       		.uleb128 0x1
 1049 0475 48       		.byte	0x48
 1050 0476 0F       		.uleb128 0xf
 1051 0477 01       		.uleb128 0x1
ARM GAS  C:\Users\Manu\AppData\Local\Temp\ccgc6XsG.s 			page 24


 1052 0478 51       		.byte	0x51
 1053 0479 02       		.uleb128 0x2
 1054 047a 08       		.byte	0x8
 1055 047b 23       		.byte	0x23
 1056 047c 0F       		.uleb128 0xf
 1057 047d 01       		.uleb128 0x1
 1058 047e 52       		.byte	0x52
 1059 047f 02       		.uleb128 0x2
 1060 0480 09       		.byte	0x9
 1061 0481 80       		.byte	0x80
 1062 0482 00       		.byte	0
 1063 0483 0E       		.uleb128 0xe
 1064 0484 4E010000 		.4byte	.LVL53
 1065 0488 AA050000 		.4byte	0x5aa
 1066 048c A2040000 		.4byte	0x4a2
 1067 0490 0F       		.uleb128 0xf
 1068 0491 01       		.uleb128 0x1
 1069 0492 50       		.byte	0x50
 1070 0493 01       		.uleb128 0x1
 1071 0494 48       		.byte	0x48
 1072 0495 0F       		.uleb128 0xf
 1073 0496 01       		.uleb128 0x1
 1074 0497 51       		.byte	0x51
 1075 0498 02       		.uleb128 0x2
 1076 0499 08       		.byte	0x8
 1077 049a 23       		.byte	0x23
 1078 049b 0F       		.uleb128 0xf
 1079 049c 01       		.uleb128 0x1
 1080 049d 52       		.byte	0x52
 1081 049e 02       		.uleb128 0x2
 1082 049f 74       		.byte	0x74
 1083 04a0 00       		.sleb128 0
 1084 04a1 00       		.byte	0
 1085 04a2 0E       		.uleb128 0xe
 1086 04a3 5C010000 		.4byte	.LVL55
 1087 04a7 73050000 		.4byte	0x573
 1088 04ab BF040000 		.4byte	0x4bf
 1089 04af 0F       		.uleb128 0xf
 1090 04b0 01       		.uleb128 0x1
 1091 04b1 50       		.byte	0x50
 1092 04b2 02       		.uleb128 0x2
 1093 04b3 91       		.byte	0x91
 1094 04b4 44       		.sleb128 -60
 1095 04b5 0F       		.uleb128 0xf
 1096 04b6 01       		.uleb128 0x1
 1097 04b7 51       		.byte	0x51
 1098 04b8 05       		.uleb128 0x5
 1099 04b9 03       		.byte	0x3
 1100 04ba 44020000 		.4byte	.LC13
 1101 04be 00       		.byte	0
 1102 04bf 0E       		.uleb128 0xe
 1103 04c0 62010000 		.4byte	.LVL56
 1104 04c4 7E050000 		.4byte	0x57e
 1105 04c8 D3040000 		.4byte	0x4d3
 1106 04cc 0F       		.uleb128 0xf
 1107 04cd 01       		.uleb128 0x1
 1108 04ce 50       		.byte	0x50
ARM GAS  C:\Users\Manu\AppData\Local\Temp\ccgc6XsG.s 			page 25


 1109 04cf 02       		.uleb128 0x2
 1110 04d0 91       		.byte	0x91
 1111 04d1 44       		.sleb128 -60
 1112 04d2 00       		.byte	0
 1113 04d3 0E       		.uleb128 0xe
 1114 04d4 6A010000 		.4byte	.LVL59
 1115 04d8 7E050000 		.4byte	0x57e
 1116 04dc EA040000 		.4byte	0x4ea
 1117 04e0 0F       		.uleb128 0xf
 1118 04e1 01       		.uleb128 0x1
 1119 04e2 50       		.byte	0x50
 1120 04e3 05       		.uleb128 0x5
 1121 04e4 03       		.byte	0x3
 1122 04e5 08020000 		.4byte	.LC12
 1123 04e9 00       		.byte	0
 1124 04ea 11       		.uleb128 0x11
 1125 04eb 6E010000 		.4byte	.LVL60
 1126 04ef C0050000 		.4byte	0x5c0
 1127 04f3 11       		.uleb128 0x11
 1128 04f4 74010000 		.4byte	.LVL61
 1129 04f8 CB050000 		.4byte	0x5cb
 1130 04fc 10       		.uleb128 0x10
 1131 04fd 90010000 		.4byte	.LVL62
 1132 0501 D6050000 		.4byte	0x5d6
 1133 0505 0F       		.uleb128 0xf
 1134 0506 01       		.uleb128 0x1
 1135 0507 50       		.byte	0x50
 1136 0508 05       		.uleb128 0x5
 1137 0509 03       		.byte	0x3
 1138 050a 00000000 		.4byte	dataBuffer
 1139 050e 0F       		.uleb128 0xf
 1140 050f 01       		.uleb128 0x1
 1141 0510 51       		.byte	0x51
 1142 0511 01       		.uleb128 0x1
 1143 0512 38       		.byte	0x38
 1144 0513 00       		.byte	0
 1145 0514 00       		.byte	0
 1146 0515 12       		.uleb128 0x12
 1147 0516 B1000000 		.4byte	0xb1
 1148 051a 25050000 		.4byte	0x525
 1149 051e 13       		.uleb128 0x13
 1150 051f E8000000 		.4byte	0xe8
 1151 0523 31       		.byte	0x31
 1152 0524 00       		.byte	0
 1153 0525 14       		.uleb128 0x14
 1154 0526 AA010000 		.4byte	.LASF28
 1155 052a 06       		.byte	0x6
 1156 052b 1207     		.2byte	0x712
 1157 052d 31050000 		.4byte	0x531
 1158 0531 06       		.uleb128 0x6
 1159 0532 8C000000 		.4byte	0x8c
 1160 0536 15       		.uleb128 0x15
 1161 0537 9B020000 		.4byte	.LASF29
 1162 053b 07       		.byte	0x7
 1163 053c 14       		.byte	0x14
 1164 053d B8000000 		.4byte	0xb8
 1165 0541 05       		.uleb128 0x5
ARM GAS  C:\Users\Manu\AppData\Local\Temp\ccgc6XsG.s 			page 26


 1166 0542 03       		.byte	0x3
 1167 0543 00000000 		.4byte	PacketReadyFlag
 1168 0547 12       		.uleb128 0x12
 1169 0548 81000000 		.4byte	0x81
 1170 054c 57050000 		.4byte	0x557
 1171 0550 13       		.uleb128 0x13
 1172 0551 E8000000 		.4byte	0xe8
 1173 0555 07       		.byte	0x7
 1174 0556 00       		.byte	0
 1175 0557 15       		.uleb128 0x15
 1176 0558 D3010000 		.4byte	.LASF30
 1177 055c 07       		.byte	0x7
 1178 055d 15       		.byte	0x15
 1179 055e 47050000 		.4byte	0x547
 1180 0562 05       		.uleb128 0x5
 1181 0563 03       		.byte	0x3
 1182 0564 00000000 		.4byte	dataBuffer
 1183 0568 16       		.uleb128 0x16
 1184 0569 22000000 		.4byte	.LASF31
 1185 056d 22000000 		.4byte	.LASF31
 1186 0571 08       		.byte	0x8
 1187 0572 8D       		.byte	0x8d
 1188 0573 16       		.uleb128 0x16
 1189 0574 E5020000 		.4byte	.LASF32
 1190 0578 E5020000 		.4byte	.LASF32
 1191 057c 09       		.byte	0x9
 1192 057d E7       		.byte	0xe7
 1193 057e 16       		.uleb128 0x16
 1194 057f BE010000 		.4byte	.LASF33
 1195 0583 BE010000 		.4byte	.LASF33
 1196 0587 0A       		.byte	0xa
 1197 0588 8B       		.byte	0x8b
 1198 0589 16       		.uleb128 0x16
 1199 058a F5020000 		.4byte	.LASF34
 1200 058e F5020000 		.4byte	.LASF34
 1201 0592 08       		.byte	0x8
 1202 0593 47       		.byte	0x47
 1203 0594 16       		.uleb128 0x16
 1204 0595 58020000 		.4byte	.LASF35
 1205 0599 58020000 		.4byte	.LASF35
 1206 059d 0A       		.byte	0xa
 1207 059e 54       		.byte	0x54
 1208 059f 16       		.uleb128 0x16
 1209 05a0 ED020000 		.4byte	.LASF36
 1210 05a4 ED020000 		.4byte	.LASF36
 1211 05a8 0B       		.byte	0xb
 1212 05a9 76       		.byte	0x76
 1213 05aa 16       		.uleb128 0x16
 1214 05ab 75020000 		.4byte	.LASF37
 1215 05af 75020000 		.4byte	.LASF37
 1216 05b3 08       		.byte	0x8
 1217 05b4 58       		.byte	0x58
 1218 05b5 16       		.uleb128 0x16
 1219 05b6 8D010000 		.4byte	.LASF38
 1220 05ba 8D010000 		.4byte	.LASF38
 1221 05be 08       		.byte	0x8
 1222 05bf 73       		.byte	0x73
ARM GAS  C:\Users\Manu\AppData\Local\Temp\ccgc6XsG.s 			page 27


 1223 05c0 16       		.uleb128 0x16
 1224 05c1 08000000 		.4byte	.LASF39
 1225 05c5 08000000 		.4byte	.LASF39
 1226 05c9 0C       		.byte	0xc
 1227 05ca 5A       		.byte	0x5a
 1228 05cb 16       		.uleb128 0x16
 1229 05cc 74000000 		.4byte	.LASF40
 1230 05d0 74000000 		.4byte	.LASF40
 1231 05d4 0D       		.byte	0xd
 1232 05d5 18       		.byte	0x18
 1233 05d6 16       		.uleb128 0x16
 1234 05d7 56000000 		.4byte	.LASF41
 1235 05db 56000000 		.4byte	.LASF41
 1236 05df 0A       		.byte	0xa
 1237 05e0 8C       		.byte	0x8c
 1238 05e1 00       		.byte	0
 1239              		.section	.debug_abbrev,"",%progbits
 1240              	.Ldebug_abbrev0:
 1241 0000 01       		.uleb128 0x1
 1242 0001 11       		.uleb128 0x11
 1243 0002 01       		.byte	0x1
 1244 0003 25       		.uleb128 0x25
 1245 0004 0E       		.uleb128 0xe
 1246 0005 13       		.uleb128 0x13
 1247 0006 0B       		.uleb128 0xb
 1248 0007 03       		.uleb128 0x3
 1249 0008 0E       		.uleb128 0xe
 1250 0009 1B       		.uleb128 0x1b
 1251 000a 0E       		.uleb128 0xe
 1252 000b 55       		.uleb128 0x55
 1253 000c 17       		.uleb128 0x17
 1254 000d 11       		.uleb128 0x11
 1255 000e 01       		.uleb128 0x1
 1256 000f 10       		.uleb128 0x10
 1257 0010 17       		.uleb128 0x17
 1258 0011 00       		.byte	0
 1259 0012 00       		.byte	0
 1260 0013 02       		.uleb128 0x2
 1261 0014 24       		.uleb128 0x24
 1262 0015 00       		.byte	0
 1263 0016 0B       		.uleb128 0xb
 1264 0017 0B       		.uleb128 0xb
 1265 0018 3E       		.uleb128 0x3e
 1266 0019 0B       		.uleb128 0xb
 1267 001a 03       		.uleb128 0x3
 1268 001b 0E       		.uleb128 0xe
 1269 001c 00       		.byte	0
 1270 001d 00       		.byte	0
 1271 001e 03       		.uleb128 0x3
 1272 001f 16       		.uleb128 0x16
 1273 0020 00       		.byte	0
 1274 0021 03       		.uleb128 0x3
 1275 0022 0E       		.uleb128 0xe
 1276 0023 3A       		.uleb128 0x3a
 1277 0024 0B       		.uleb128 0xb
 1278 0025 3B       		.uleb128 0x3b
 1279 0026 0B       		.uleb128 0xb
ARM GAS  C:\Users\Manu\AppData\Local\Temp\ccgc6XsG.s 			page 28


 1280 0027 49       		.uleb128 0x49
 1281 0028 13       		.uleb128 0x13
 1282 0029 00       		.byte	0
 1283 002a 00       		.byte	0
 1284 002b 04       		.uleb128 0x4
 1285 002c 24       		.uleb128 0x24
 1286 002d 00       		.byte	0
 1287 002e 0B       		.uleb128 0xb
 1288 002f 0B       		.uleb128 0xb
 1289 0030 3E       		.uleb128 0x3e
 1290 0031 0B       		.uleb128 0xb
 1291 0032 03       		.uleb128 0x3
 1292 0033 08       		.uleb128 0x8
 1293 0034 00       		.byte	0
 1294 0035 00       		.byte	0
 1295 0036 05       		.uleb128 0x5
 1296 0037 16       		.uleb128 0x16
 1297 0038 00       		.byte	0
 1298 0039 03       		.uleb128 0x3
 1299 003a 0E       		.uleb128 0xe
 1300 003b 3A       		.uleb128 0x3a
 1301 003c 0B       		.uleb128 0xb
 1302 003d 3B       		.uleb128 0x3b
 1303 003e 05       		.uleb128 0x5
 1304 003f 49       		.uleb128 0x49
 1305 0040 13       		.uleb128 0x13
 1306 0041 00       		.byte	0
 1307 0042 00       		.byte	0
 1308 0043 06       		.uleb128 0x6
 1309 0044 35       		.uleb128 0x35
 1310 0045 00       		.byte	0
 1311 0046 49       		.uleb128 0x49
 1312 0047 13       		.uleb128 0x13
 1313 0048 00       		.byte	0
 1314 0049 00       		.byte	0
 1315 004a 07       		.uleb128 0x7
 1316 004b 04       		.uleb128 0x4
 1317 004c 01       		.byte	0x1
 1318 004d 0B       		.uleb128 0xb
 1319 004e 0B       		.uleb128 0xb
 1320 004f 49       		.uleb128 0x49
 1321 0050 13       		.uleb128 0x13
 1322 0051 3A       		.uleb128 0x3a
 1323 0052 0B       		.uleb128 0xb
 1324 0053 3B       		.uleb128 0x3b
 1325 0054 0B       		.uleb128 0xb
 1326 0055 01       		.uleb128 0x1
 1327 0056 13       		.uleb128 0x13
 1328 0057 00       		.byte	0
 1329 0058 00       		.byte	0
 1330 0059 08       		.uleb128 0x8
 1331 005a 28       		.uleb128 0x28
 1332 005b 00       		.byte	0
 1333 005c 03       		.uleb128 0x3
 1334 005d 0E       		.uleb128 0xe
 1335 005e 1C       		.uleb128 0x1c
 1336 005f 0B       		.uleb128 0xb
ARM GAS  C:\Users\Manu\AppData\Local\Temp\ccgc6XsG.s 			page 29


 1337 0060 00       		.byte	0
 1338 0061 00       		.byte	0
 1339 0062 09       		.uleb128 0x9
 1340 0063 2E       		.uleb128 0x2e
 1341 0064 01       		.byte	0x1
 1342 0065 3F       		.uleb128 0x3f
 1343 0066 19       		.uleb128 0x19
 1344 0067 03       		.uleb128 0x3
 1345 0068 0E       		.uleb128 0xe
 1346 0069 3A       		.uleb128 0x3a
 1347 006a 0B       		.uleb128 0xb
 1348 006b 3B       		.uleb128 0x3b
 1349 006c 0B       		.uleb128 0xb
 1350 006d 27       		.uleb128 0x27
 1351 006e 19       		.uleb128 0x19
 1352 006f 49       		.uleb128 0x49
 1353 0070 13       		.uleb128 0x13
 1354 0071 8701     		.uleb128 0x87
 1355 0073 19       		.uleb128 0x19
 1356 0074 11       		.uleb128 0x11
 1357 0075 01       		.uleb128 0x1
 1358 0076 12       		.uleb128 0x12
 1359 0077 06       		.uleb128 0x6
 1360 0078 40       		.uleb128 0x40
 1361 0079 18       		.uleb128 0x18
 1362 007a 9742     		.uleb128 0x2117
 1363 007c 19       		.uleb128 0x19
 1364 007d 01       		.uleb128 0x1
 1365 007e 13       		.uleb128 0x13
 1366 007f 00       		.byte	0
 1367 0080 00       		.byte	0
 1368 0081 0A       		.uleb128 0xa
 1369 0082 34       		.uleb128 0x34
 1370 0083 00       		.byte	0
 1371 0084 03       		.uleb128 0x3
 1372 0085 0E       		.uleb128 0xe
 1373 0086 3A       		.uleb128 0x3a
 1374 0087 0B       		.uleb128 0xb
 1375 0088 3B       		.uleb128 0x3b
 1376 0089 0B       		.uleb128 0xb
 1377 008a 49       		.uleb128 0x49
 1378 008b 13       		.uleb128 0x13
 1379 008c 02       		.uleb128 0x2
 1380 008d 18       		.uleb128 0x18
 1381 008e 00       		.byte	0
 1382 008f 00       		.byte	0
 1383 0090 0B       		.uleb128 0xb
 1384 0091 34       		.uleb128 0x34
 1385 0092 00       		.byte	0
 1386 0093 03       		.uleb128 0x3
 1387 0094 0E       		.uleb128 0xe
 1388 0095 3A       		.uleb128 0x3a
 1389 0096 0B       		.uleb128 0xb
 1390 0097 3B       		.uleb128 0x3b
 1391 0098 0B       		.uleb128 0xb
 1392 0099 49       		.uleb128 0x49
 1393 009a 13       		.uleb128 0x13
ARM GAS  C:\Users\Manu\AppData\Local\Temp\ccgc6XsG.s 			page 30


 1394 009b 02       		.uleb128 0x2
 1395 009c 17       		.uleb128 0x17
 1396 009d 00       		.byte	0
 1397 009e 00       		.byte	0
 1398 009f 0C       		.uleb128 0xc
 1399 00a0 0B       		.uleb128 0xb
 1400 00a1 01       		.byte	0x1
 1401 00a2 11       		.uleb128 0x11
 1402 00a3 01       		.uleb128 0x1
 1403 00a4 12       		.uleb128 0x12
 1404 00a5 06       		.uleb128 0x6
 1405 00a6 01       		.uleb128 0x1
 1406 00a7 13       		.uleb128 0x13
 1407 00a8 00       		.byte	0
 1408 00a9 00       		.byte	0
 1409 00aa 0D       		.uleb128 0xd
 1410 00ab 34       		.uleb128 0x34
 1411 00ac 00       		.byte	0
 1412 00ad 03       		.uleb128 0x3
 1413 00ae 08       		.uleb128 0x8
 1414 00af 3A       		.uleb128 0x3a
 1415 00b0 0B       		.uleb128 0xb
 1416 00b1 3B       		.uleb128 0x3b
 1417 00b2 0B       		.uleb128 0xb
 1418 00b3 49       		.uleb128 0x49
 1419 00b4 13       		.uleb128 0x13
 1420 00b5 02       		.uleb128 0x2
 1421 00b6 17       		.uleb128 0x17
 1422 00b7 00       		.byte	0
 1423 00b8 00       		.byte	0
 1424 00b9 0E       		.uleb128 0xe
 1425 00ba 898201   		.uleb128 0x4109
 1426 00bd 01       		.byte	0x1
 1427 00be 11       		.uleb128 0x11
 1428 00bf 01       		.uleb128 0x1
 1429 00c0 31       		.uleb128 0x31
 1430 00c1 13       		.uleb128 0x13
 1431 00c2 01       		.uleb128 0x1
 1432 00c3 13       		.uleb128 0x13
 1433 00c4 00       		.byte	0
 1434 00c5 00       		.byte	0
 1435 00c6 0F       		.uleb128 0xf
 1436 00c7 8A8201   		.uleb128 0x410a
 1437 00ca 00       		.byte	0
 1438 00cb 02       		.uleb128 0x2
 1439 00cc 18       		.uleb128 0x18
 1440 00cd 9142     		.uleb128 0x2111
 1441 00cf 18       		.uleb128 0x18
 1442 00d0 00       		.byte	0
 1443 00d1 00       		.byte	0
 1444 00d2 10       		.uleb128 0x10
 1445 00d3 898201   		.uleb128 0x4109
 1446 00d6 01       		.byte	0x1
 1447 00d7 11       		.uleb128 0x11
 1448 00d8 01       		.uleb128 0x1
 1449 00d9 31       		.uleb128 0x31
 1450 00da 13       		.uleb128 0x13
ARM GAS  C:\Users\Manu\AppData\Local\Temp\ccgc6XsG.s 			page 31


 1451 00db 00       		.byte	0
 1452 00dc 00       		.byte	0
 1453 00dd 11       		.uleb128 0x11
 1454 00de 898201   		.uleb128 0x4109
 1455 00e1 00       		.byte	0
 1456 00e2 11       		.uleb128 0x11
 1457 00e3 01       		.uleb128 0x1
 1458 00e4 31       		.uleb128 0x31
 1459 00e5 13       		.uleb128 0x13
 1460 00e6 00       		.byte	0
 1461 00e7 00       		.byte	0
 1462 00e8 12       		.uleb128 0x12
 1463 00e9 01       		.uleb128 0x1
 1464 00ea 01       		.byte	0x1
 1465 00eb 49       		.uleb128 0x49
 1466 00ec 13       		.uleb128 0x13
 1467 00ed 01       		.uleb128 0x1
 1468 00ee 13       		.uleb128 0x13
 1469 00ef 00       		.byte	0
 1470 00f0 00       		.byte	0
 1471 00f1 13       		.uleb128 0x13
 1472 00f2 21       		.uleb128 0x21
 1473 00f3 00       		.byte	0
 1474 00f4 49       		.uleb128 0x49
 1475 00f5 13       		.uleb128 0x13
 1476 00f6 2F       		.uleb128 0x2f
 1477 00f7 0B       		.uleb128 0xb
 1478 00f8 00       		.byte	0
 1479 00f9 00       		.byte	0
 1480 00fa 14       		.uleb128 0x14
 1481 00fb 34       		.uleb128 0x34
 1482 00fc 00       		.byte	0
 1483 00fd 03       		.uleb128 0x3
 1484 00fe 0E       		.uleb128 0xe
 1485 00ff 3A       		.uleb128 0x3a
 1486 0100 0B       		.uleb128 0xb
 1487 0101 3B       		.uleb128 0x3b
 1488 0102 05       		.uleb128 0x5
 1489 0103 49       		.uleb128 0x49
 1490 0104 13       		.uleb128 0x13
 1491 0105 3F       		.uleb128 0x3f
 1492 0106 19       		.uleb128 0x19
 1493 0107 3C       		.uleb128 0x3c
 1494 0108 19       		.uleb128 0x19
 1495 0109 00       		.byte	0
 1496 010a 00       		.byte	0
 1497 010b 15       		.uleb128 0x15
 1498 010c 34       		.uleb128 0x34
 1499 010d 00       		.byte	0
 1500 010e 03       		.uleb128 0x3
 1501 010f 0E       		.uleb128 0xe
 1502 0110 3A       		.uleb128 0x3a
 1503 0111 0B       		.uleb128 0xb
 1504 0112 3B       		.uleb128 0x3b
 1505 0113 0B       		.uleb128 0xb
 1506 0114 49       		.uleb128 0x49
 1507 0115 13       		.uleb128 0x13
ARM GAS  C:\Users\Manu\AppData\Local\Temp\ccgc6XsG.s 			page 32


 1508 0116 3F       		.uleb128 0x3f
 1509 0117 19       		.uleb128 0x19
 1510 0118 02       		.uleb128 0x2
 1511 0119 18       		.uleb128 0x18
 1512 011a 00       		.byte	0
 1513 011b 00       		.byte	0
 1514 011c 16       		.uleb128 0x16
 1515 011d 2E       		.uleb128 0x2e
 1516 011e 00       		.byte	0
 1517 011f 3F       		.uleb128 0x3f
 1518 0120 19       		.uleb128 0x19
 1519 0121 3C       		.uleb128 0x3c
 1520 0122 19       		.uleb128 0x19
 1521 0123 6E       		.uleb128 0x6e
 1522 0124 0E       		.uleb128 0xe
 1523 0125 03       		.uleb128 0x3
 1524 0126 0E       		.uleb128 0xe
 1525 0127 3A       		.uleb128 0x3a
 1526 0128 0B       		.uleb128 0xb
 1527 0129 3B       		.uleb128 0x3b
 1528 012a 0B       		.uleb128 0xb
 1529 012b 00       		.byte	0
 1530 012c 00       		.byte	0
 1531 012d 00       		.byte	0
 1532              		.section	.debug_loc,"",%progbits
 1533              	.Ldebug_loc0:
 1534              	.LLST0:
 1535 0000 42000000 		.4byte	.LVL8
 1536 0004 4C000000 		.4byte	.LVL9
 1537 0008 0100     		.2byte	0x1
 1538 000a 50       		.byte	0x50
 1539 000b 58000000 		.4byte	.LVL12
 1540 000f 5A000000 		.4byte	.LVL13
 1541 0013 0100     		.2byte	0x1
 1542 0015 50       		.byte	0x50
 1543 0016 6A000000 		.4byte	.LVL15
 1544 001a 74000000 		.4byte	.LVL16
 1545 001e 0100     		.2byte	0x1
 1546 0020 50       		.byte	0x50
 1547 0021 80000000 		.4byte	.LVL19
 1548 0025 82000000 		.4byte	.LVL20
 1549 0029 0100     		.2byte	0x1
 1550 002b 50       		.byte	0x50
 1551 002c 92000000 		.4byte	.LVL22
 1552 0030 9C000000 		.4byte	.LVL23
 1553 0034 0100     		.2byte	0x1
 1554 0036 50       		.byte	0x50
 1555 0037 A8000000 		.4byte	.LVL26
 1556 003b AA000000 		.4byte	.LVL27
 1557 003f 0100     		.2byte	0x1
 1558 0041 50       		.byte	0x50
 1559 0042 CA000000 		.4byte	.LVL30
 1560 0046 D4000000 		.4byte	.LVL31
 1561 004a 0100     		.2byte	0x1
 1562 004c 50       		.byte	0x50
 1563 004d E0000000 		.4byte	.LVL34
 1564 0051 E2000000 		.4byte	.LVL35
ARM GAS  C:\Users\Manu\AppData\Local\Temp\ccgc6XsG.s 			page 33


 1565 0055 0100     		.2byte	0x1
 1566 0057 50       		.byte	0x50
 1567 0058 F2000000 		.4byte	.LVL37
 1568 005c FC000000 		.4byte	.LVL38
 1569 0060 0100     		.2byte	0x1
 1570 0062 50       		.byte	0x50
 1571 0063 08010000 		.4byte	.LVL41
 1572 0067 0A010000 		.4byte	.LVL42
 1573 006b 0100     		.2byte	0x1
 1574 006d 50       		.byte	0x50
 1575 006e 18010000 		.4byte	.LVL44
 1576 0072 22010000 		.4byte	.LVL45
 1577 0076 0100     		.2byte	0x1
 1578 0078 50       		.byte	0x50
 1579 0079 2E010000 		.4byte	.LVL48
 1580 007d 30010000 		.4byte	.LVL49
 1581 0081 0100     		.2byte	0x1
 1582 0083 50       		.byte	0x50
 1583 0084 4E010000 		.4byte	.LVL53
 1584 0088 58010000 		.4byte	.LVL54
 1585 008c 0100     		.2byte	0x1
 1586 008e 50       		.byte	0x50
 1587 008f 64010000 		.4byte	.LVL57
 1588 0093 66010000 		.4byte	.LVL58
 1589 0097 0100     		.2byte	0x1
 1590 0099 50       		.byte	0x50
 1591 009a 00000000 		.4byte	0
 1592 009e 00000000 		.4byte	0
 1593              	.LLST1:
 1594 00a2 14000000 		.4byte	.LVL2
 1595 00a6 18000000 		.4byte	.LVL3
 1596 00aa 0200     		.2byte	0x2
 1597 00ac 30       		.byte	0x30
 1598 00ad 9F       		.byte	0x9f
 1599 00ae 18000000 		.4byte	.LVL3
 1600 00b2 38010000 		.4byte	.LVL51
 1601 00b6 0100     		.2byte	0x1
 1602 00b8 54       		.byte	0x54
 1603 00b9 00000000 		.4byte	0
 1604 00bd 00000000 		.4byte	0
 1605              		.section	.debug_aranges,"",%progbits
 1606 0000 1C000000 		.4byte	0x1c
 1607 0004 0200     		.2byte	0x2
 1608 0006 00000000 		.4byte	.Ldebug_info0
 1609 000a 04       		.byte	0x4
 1610 000b 00       		.byte	0
 1611 000c 0000     		.2byte	0
 1612 000e 0000     		.2byte	0
 1613 0010 00000000 		.4byte	.LFB64
 1614 0014 DC010000 		.4byte	.LFE64-.LFB64
 1615 0018 00000000 		.4byte	0
 1616 001c 00000000 		.4byte	0
 1617              		.section	.debug_ranges,"",%progbits
 1618              	.Ldebug_ranges0:
 1619 0000 00000000 		.4byte	.LFB64
 1620 0004 DC010000 		.4byte	.LFE64
 1621 0008 00000000 		.4byte	0
ARM GAS  C:\Users\Manu\AppData\Local\Temp\ccgc6XsG.s 			page 34


 1622 000c 00000000 		.4byte	0
 1623              		.section	.debug_line,"",%progbits
 1624              	.Ldebug_line0:
 1625 0000 8E020000 		.section	.debug_str,"MS",%progbits,1
 1625      02003002 
 1625      00000201 
 1625      FB0E0D00 
 1625      01010101 
 1626              	.LASF22:
 1627 0000 6D657373 		.ascii	"message\000"
 1627      61676500 
 1628              	.LASF39:
 1629 0008 54696D65 		.ascii	"Timer_ISR_Start\000"
 1629      725F4953 
 1629      525F5374 
 1629      61727400 
 1630              	.LASF4:
 1631 0018 5F5F7569 		.ascii	"__uint8_t\000"
 1631      6E74385F 
 1631      7400
 1632              	.LASF31:
 1633 0022 4932435F 		.ascii	"I2C_Peripheral_IsDeviceConnected\000"
 1633      50657269 
 1633      70686572 
 1633      616C5F49 
 1633      73446576 
 1634              	.LASF5:
 1635 0043 5F5F696E 		.ascii	"__int32_t\000"
 1635      7433325F 
 1635      7400
 1636              	.LASF6:
 1637 004d 6C6F6E67 		.ascii	"long int\000"
 1637      20696E74 
 1637      00
 1638              	.LASF41:
 1639 0056 55415254 		.ascii	"UART_Debug_PutArray\000"
 1639      5F446562 
 1639      75675F50 
 1639      75744172 
 1639      72617900 
 1640              	.LASF19:
 1641 006a 4572726F 		.ascii	"ErrorCode\000"
 1641      72436F64 
 1641      6500
 1642              	.LASF40:
 1643 0074 4953525F 		.ascii	"ISR_IMU_StartEx\000"
 1643      494D555F 
 1643      53746172 
 1643      74457800 
 1644              	.LASF44:
 1645 0084 433A5C55 		.ascii	"C:\\Users\\Manu\\Desktop\\git_ps\\PSoC_03\\AY1920_I"
 1645      73657273 
 1645      5C4D616E 
 1645      755C4465 
 1645      736B746F 
 1646 00b1 495F4857 		.ascii	"I_HW_05_PROJ_2.cydsn\000"
 1646      5F30355F 
ARM GAS  C:\Users\Manu\AppData\Local\Temp\ccgc6XsG.s 			page 35


 1646      50524F4A 
 1646      5F322E63 
 1646      7964736E 
 1647              	.LASF14:
 1648 00c6 666C6F61 		.ascii	"float\000"
 1648      7400
 1649              	.LASF1:
 1650 00cc 756E7369 		.ascii	"unsigned char\000"
 1650      676E6564 
 1650      20636861 
 1650      7200
 1651              	.LASF42:
 1652 00da 474E5520 		.ascii	"GNU C11 5.4.1 20160609 (release) [ARM/embedded-5-br"
 1652      43313120 
 1652      352E342E 
 1652      31203230 
 1652      31363036 
 1653 010d 616E6368 		.ascii	"anch revision 237715] -mcpu=cortex-m3 -mthumb -g -O"
 1653      20726576 
 1653      6973696F 
 1653      6E203233 
 1653      37373135 
 1654 0140 67202D66 		.ascii	"g -ffunction-sections -ffat-lto-objects\000"
 1654      66756E63 
 1654      74696F6E 
 1654      2D736563 
 1654      74696F6E 
 1655              	.LASF7:
 1656 0168 6C6F6E67 		.ascii	"long unsigned int\000"
 1656      20756E73 
 1656      69676E65 
 1656      6420696E 
 1656      7400
 1657              	.LASF3:
 1658 017a 73686F72 		.ascii	"short unsigned int\000"
 1658      7420756E 
 1658      7369676E 
 1658      65642069 
 1658      6E7400
 1659              	.LASF38:
 1660 018d 4932435F 		.ascii	"I2C_Peripheral_WriteRegister\000"
 1660      50657269 
 1660      70686572 
 1660      616C5F57 
 1660      72697465 
 1661              	.LASF28:
 1662 01aa 49544D5F 		.ascii	"ITM_RxBuffer\000"
 1662      52784275 
 1662      66666572 
 1662      00
 1663              	.LASF15:
 1664 01b7 646F7562 		.ascii	"double\000"
 1664      6C6500
 1665              	.LASF33:
 1666 01be 55415254 		.ascii	"UART_Debug_PutString\000"
 1666      5F446562 
 1666      75675F50 
ARM GAS  C:\Users\Manu\AppData\Local\Temp\ccgc6XsG.s 			page 36


 1666      75745374 
 1666      72696E67 
 1667              	.LASF30:
 1668 01d3 64617461 		.ascii	"dataBuffer\000"
 1668      42756666 
 1668      657200
 1669              	.LASF45:
 1670 01de 6D61696E 		.ascii	"main\000"
 1670      00
 1671              	.LASF26:
 1672 01e3 6374726C 		.ascii	"ctrl_reg1\000"
 1672      5F726567 
 1672      3100
 1673              	.LASF27:
 1674 01ed 6374726C 		.ascii	"ctrl_reg4\000"
 1674      5F726567 
 1674      3400
 1675              	.LASF10:
 1676 01f7 756E7369 		.ascii	"unsigned int\000"
 1676      676E6564 
 1676      20696E74 
 1676      00
 1677              	.LASF9:
 1678 0204 6C6F6E67 		.ascii	"long long unsigned int\000"
 1678      206C6F6E 
 1678      6720756E 
 1678      7369676E 
 1678      65642069 
 1679              	.LASF11:
 1680 021b 75696E74 		.ascii	"uint8_t\000"
 1680      385F7400 
 1681              	.LASF25:
 1682 0223 73746174 		.ascii	"status_register\000"
 1682      75735F72 
 1682      65676973 
 1682      74657200 
 1683              	.LASF12:
 1684 0233 696E7433 		.ascii	"int32_t\000"
 1684      325F7400 
 1685              	.LASF21:
 1686 023b 73697A65 		.ascii	"sizetype\000"
 1686      74797065 
 1686      00
 1687              	.LASF24:
 1688 0244 6572726F 		.ascii	"error\000"
 1688      7200
 1689              	.LASF8:
 1690 024a 6C6F6E67 		.ascii	"long long int\000"
 1690      206C6F6E 
 1690      6720696E 
 1690      7400
 1691              	.LASF35:
 1692 0258 55415254 		.ascii	"UART_Debug_Start\000"
 1692      5F446562 
 1692      75675F53 
 1692      74617274 
 1692      00
ARM GAS  C:\Users\Manu\AppData\Local\Temp\ccgc6XsG.s 			page 37


 1693              	.LASF43:
 1694 0269 6D61696E 		.ascii	"main.c\000"
 1694      2E6300
 1695              	.LASF16:
 1696 0270 63686172 		.ascii	"char\000"
 1696      00
 1697              	.LASF37:
 1698 0275 4932435F 		.ascii	"I2C_Peripheral_ReadRegister\000"
 1698      50657269 
 1698      70686572 
 1698      616C5F52 
 1698      65616452 
 1699              	.LASF2:
 1700 0291 73686F72 		.ascii	"short int\000"
 1700      7420696E 
 1700      7400
 1701              	.LASF29:
 1702 029b 5061636B 		.ascii	"PacketReadyFlag\000"
 1702      65745265 
 1702      61647946 
 1702      6C616700 
 1703              	.LASF13:
 1704 02ab 75696E74 		.ascii	"uint8\000"
 1704      3800
 1705              	.LASF17:
 1706 02b1 4E4F5F45 		.ascii	"NO_ERROR\000"
 1706      52524F52 
 1706      00
 1707              	.LASF18:
 1708 02ba 4552524F 		.ascii	"ERROR\000"
 1708      5200
 1709              	.LASF20:
 1710 02c0 6C6F6E67 		.ascii	"long double\000"
 1710      20646F75 
 1710      626C6500 
 1711              	.LASF0:
 1712 02cc 7369676E 		.ascii	"signed char\000"
 1712      65642063 
 1712      68617200 
 1713              	.LASF23:
 1714 02d8 77686F5F 		.ascii	"who_am_i_reg\000"
 1714      616D5F69 
 1714      5F726567 
 1714      00
 1715              	.LASF32:
 1716 02e5 73707269 		.ascii	"sprintf\000"
 1716      6E746600 
 1717              	.LASF36:
 1718 02ed 43794465 		.ascii	"CyDelay\000"
 1718      6C617900 
 1719              	.LASF34:
 1720 02f5 4932435F 		.ascii	"I2C_Peripheral_Start\000"
 1720      50657269 
 1720      70686572 
 1720      616C5F53 
 1720      74617274 
 1721              		.ident	"GCC: (GNU Tools for ARM Embedded Processors) 5.4.1 20160609 (release) [ARM/embedded-5-bran
ARM GAS  C:\Users\Manu\AppData\Local\Temp\ccgc6XsG.s 			page 38


